#
# There is insufficient memory for the Java Runtime Environment to continue.
# Native memory allocation (malloc) failed to allocate 1858096 bytes for Chunk::new
# Possible reasons:
#   The system is out of physical RAM or swap space
#   The process is running with CompressedOops enabled, and the Java Heap may be blocking the growth of the native heap
# Possible solutions:
#   Reduce memory load on the system
#   Increase physical memory or swap space
#   Check if swap backing store is full
#   Decrease Java heap size (-Xmx/-Xms)
#   Decrease number of Java threads
#   Decrease Java thread stack sizes (-Xss)
#   Set larger code cache with -XX:ReservedCodeCacheSize=
#   JVM is running with Unscaled Compressed Oops mode in which the Java heap is
#     placed in the first 4GB address space. The Java Heap base address is the
#     maximum limit for the native heap growth. Please use -XX:HeapBaseMinAddress
#     to set the Java Heap base and to place the Java Heap above 4GB virtual address.
# This output file may be truncated or incomplete.
#
#  Out of Memory Error (./src/hotspot/share/memory/arena.cpp:197), pid=15356, tid=18044
#
# JRE version: OpenJDK Runtime Environment (11.0.13) (build 11.0.13+0-b1751.21-8125866)
# Java VM: OpenJDK 64-Bit Server VM (11.0.13+0-b1751.21-8125866, mixed mode, tiered, compressed oops, g1 gc, windows-amd64)
# No core dump will be written. Minidumps are not enabled by default on client versions of Windows
#

---------------  S U M M A R Y ------------

Command Line: -Djava.awt.headless=true -Djava.util.logging.config.file=C:\Users\giorg\.android\utp\logging8265316907416995082properties -Dfile.encoding=windows-1251 -Duser.country=GB -Duser.language=en -Duser.variant com.google.testing.platform.launcher.Launcher C:\Users\giorg\.gradle\caches\modules-2\files-2.1\com.google.testing.platform\core\0.0.8-alpha07\185ff5f0c2380a7a283320bc5ec9130dbcbbb030\core-0.0.8-alpha07.jar --proto_config=C:\Users\giorg\.android\utp\runnerConfig2295133689177536699.pb --proto_server_config=C:\Users\giorg\.android\utp\serverConfig15937889499282383271.pb

Host: AMD Ryzen 3 2200U with Radeon Vega Mobile Gfx  , 4 cores, 3G,  Windows 10 , 64 bit Build 19041 (10.0.19041.3636)
Time: Sat Dec  9 02:18:02 2023 Georgian Standard Time elapsed time: 6.458963 seconds (0d 0h 0m 6s)

---------------  T H R E A D  ---------------

Current thread (0x00000249b913b800):  JavaThread "C2 CompilerThread0" daemon [_thread_in_native, id=18044, stack(0x0000005e50d00000,0x0000005e50e00000)]


Current CompileTask:
C2:   6459 1688   !   4       jdk.internal.loader.BuiltinClassLoader::loadClassOrNull (143 bytes)

Stack: [0x0000005e50d00000,0x0000005e50e00000]
Native frames: (J=compiled Java code, j=interpreted, Vv=VM code, C=native code)
V  [jvm.dll+0x6100fa]
V  [jvm.dll+0x747090]
V  [jvm.dll+0x7486ad]
V  [jvm.dll+0x748d83]
V  [jvm.dll+0x24ab48]
V  [jvm.dll+0xc04dc]
V  [jvm.dll+0xc0a0c]
V  [jvm.dll+0x35eb5b]
V  [jvm.dll+0x32b833]
V  [jvm.dll+0x32ad2a]
V  [jvm.dll+0x2032b2]
V  [jvm.dll+0x202437]
V  [jvm.dll+0x188e01]
V  [jvm.dll+0x21106b]
V  [jvm.dll+0x20f8c1]
V  [jvm.dll+0x70de0f]
V  [jvm.dll+0x706a75]
V  [jvm.dll+0x60ed66]
C  [ucrtbase.dll+0x21bb2]
C  [KERNEL32.DLL+0x17344]
C  [ntdll.dll+0x526b1]


---------------  P R O C E S S  ---------------

Threads class SMR info:
_java_thread_list=0x00000249b95002f0, length=18, elements={
0x00000249a115c800, 0x00000249b90d2000, 0x00000249b90dd800, 0x00000249b9133000,
0x00000249b9134000, 0x00000249b9135000, 0x00000249b913b800, 0x00000249b913f800,
0x00000249b9167800, 0x00000249b93ca800, 0x00000249bb3c1800, 0x00000249bb526800,
0x00000249bb3be000, 0x00000249bada0800, 0x00000249badc9800, 0x00000249b9e92000,
0x00000249bafec800, 0x00000249bab66800
}

Java Threads: ( => current thread )
  0x00000249a115c800 JavaThread "main" [_thread_blocked, id=6200, stack(0x0000005e50100000,0x0000005e50200000)]
  0x00000249b90d2000 JavaThread "Reference Handler" daemon [_thread_blocked, id=2720, stack(0x0000005e50800000,0x0000005e50900000)]
  0x00000249b90dd800 JavaThread "Finalizer" daemon [_thread_blocked, id=9004, stack(0x0000005e50900000,0x0000005e50a00000)]
  0x00000249b9133000 JavaThread "Signal Dispatcher" daemon [_thread_blocked, id=20716, stack(0x0000005e50a00000,0x0000005e50b00000)]
  0x00000249b9134000 JavaThread "Attach Listener" daemon [_thread_blocked, id=14824, stack(0x0000005e50b00000,0x0000005e50c00000)]
  0x00000249b9135000 JavaThread "Service Thread" daemon [_thread_blocked, id=15656, stack(0x0000005e50c00000,0x0000005e50d00000)]
=>0x00000249b913b800 JavaThread "C2 CompilerThread0" daemon [_thread_in_native, id=18044, stack(0x0000005e50d00000,0x0000005e50e00000)]
  0x00000249b913f800 JavaThread "C1 CompilerThread0" daemon [_thread_blocked, id=13720, stack(0x0000005e50e00000,0x0000005e50f00000)]
  0x00000249b9167800 JavaThread "Sweeper thread" daemon [_thread_blocked, id=20984, stack(0x0000005e50f00000,0x0000005e51000000)]
  0x00000249b93ca800 JavaThread "Common-Cleaner" daemon [_thread_blocked, id=15684, stack(0x0000005e51100000,0x0000005e51200000)]
  0x00000249bb3c1800 JavaThread "grpc-nio-worker-ELG-4-1" daemon [_thread_in_native, id=5136, stack(0x0000005e51300000,0x0000005e51400000)]
  0x00000249bb526800 JavaThread "grpc-default-executor-0" daemon [_thread_in_native, id=1196, stack(0x0000005e51400000,0x0000005e51500000)]
  0x00000249bb3be000 JavaThread "grpc-default-executor-1" daemon [_thread_blocked, id=16052, stack(0x0000005e51500000,0x0000005e51600000)]
  0x00000249bada0800 JavaThread "grpc-default-executor-2" daemon [_thread_blocked, id=18060, stack(0x0000005e51600000,0x0000005e51700000)]
  0x00000249badc9800 JavaThread "Monitor" [_thread_in_native, id=12532, stack(0x0000005e51700000,0x0000005e51800000)]
  0x00000249b9e92000 JavaThread "JdwpProxyConnection" [_thread_in_native, id=20360, stack(0x0000005e51a00000,0x0000005e51b00000)]
  0x00000249bafec800 JavaThread "Device Client Monitor" [_thread_in_native, id=18952, stack(0x0000005e51b00000,0x0000005e51c00000)]
  0x00000249bab66800 JavaThread "Device List Monitor" [_thread_in_native, id=6616, stack(0x0000005e51c00000,0x0000005e51d00000)]

Other Threads:
  0x00000249b90ac000 VMThread "VM Thread" [stack: 0x0000005e50700000,0x0000005e50800000] [id=13668]
  0x00000249b93c1800 WatcherThread [stack: 0x0000005e51000000,0x0000005e51100000] [id=10336]
  0x00000249a1175800 GCTaskThread "GC Thread#0" [stack: 0x0000005e50200000,0x0000005e50300000] [id=20648]
  0x00000249b98ea800 GCTaskThread "GC Thread#1" [stack: 0x0000005e51200000,0x0000005e51300000] [id=17188]
  0x00000249bb424800 GCTaskThread "GC Thread#2" [stack: 0x0000005e51800000,0x0000005e51900000] [id=6224]
  0x00000249bb46c800 GCTaskThread "GC Thread#3" [stack: 0x0000005e51900000,0x0000005e51a00000] [id=3524]
  0x00000249a118d800 ConcurrentGCThread "G1 Main Marker" [stack: 0x0000005e50300000,0x0000005e50400000] [id=1508]
  0x00000249a1190000 ConcurrentGCThread "G1 Conc#0" [stack: 0x0000005e50400000,0x0000005e50500000] [id=380]
  0x00000249a11d5800 ConcurrentGCThread "G1 Refine#0" [stack: 0x0000005e50500000,0x0000005e50600000] [id=20112]
  0x00000249a11d7000 ConcurrentGCThread "G1 Young RemSet Sampling" [stack: 0x0000005e50600000,0x0000005e50700000] [id=8828]

Threads with active compile tasks:
C2 CompilerThread0   6613 1688   !   4       jdk.internal.loader.BuiltinClassLoader::loadClassOrNull (143 bytes)

VM state:not at safepoint (normal execution)

VM Mutex/Monitor currently owned by a thread: None

Heap address: 0x00000000c9600000, size: 874 MB, Compressed Oops mode: 32-bit
Narrow klass base: 0x0000000000000000, Narrow klass shift: 3
Compressed class space size: 1073741824 Address: 0x0000000100000000

Heap:
 garbage-first heap   total 57344K, used 19013K [0x00000000c9600000, 0x0000000100000000)
  region size 1024K, 12 young (12288K), 3 survivors (3072K)
 Metaspace       used 29325K, capacity 30020K, committed 30208K, reserved 1075200K
  class space    used 3233K, capacity 3469K, committed 3584K, reserved 1048576K
Heap Regions: E=young(eden), S=young(survivor), O=old, HS=humongous(starts), HC=humongous(continues), CS=collection set, F=free, A=archive, TAMS=top-at-mark-start (previous, next)
|   0|0x00000000c9600000, 0x00000000c9700000, 0x00000000c9700000|100%|HS|  |TAMS 0x00000000c9700000, 0x00000000c9600000| Complete 
|   1|0x00000000c9700000, 0x00000000c9800000, 0x00000000c9800000|100%|HS|  |TAMS 0x00000000c9800000, 0x00000000c9700000| Complete 
|   2|0x00000000c9800000, 0x00000000c9900000, 0x00000000c9900000|100%|HC|  |TAMS 0x00000000c9900000, 0x00000000c9800000| Complete 
|   3|0x00000000c9900000, 0x00000000c9a00000, 0x00000000c9a00000|100%| O|  |TAMS 0x00000000c9900000, 0x00000000c9900000| Untracked 
|   4|0x00000000c9a00000, 0x00000000c9b00000, 0x00000000c9b00000|100%| O|  |TAMS 0x00000000c9a6c200, 0x00000000c9a00000| Untracked 
|   5|0x00000000c9b00000, 0x00000000c9c00000, 0x00000000c9c00000|100%| O|  |TAMS 0x00000000c9b00000, 0x00000000c9b00000| Untracked 
|   6|0x00000000c9c00000, 0x00000000c9d00000, 0x00000000c9d00000|100%| O|  |TAMS 0x00000000c9c00000, 0x00000000c9c00000| Untracked 
|   7|0x00000000c9d00000, 0x00000000c9e00000, 0x00000000c9e00000|100%| O|  |TAMS 0x00000000c9d00000, 0x00000000c9d00000| Untracked 
|   8|0x00000000c9e00000, 0x00000000c9e64c00, 0x00000000c9f00000| 39%| O|  |TAMS 0x00000000c9e00000, 0x00000000c9e00000| Untracked 
|   9|0x00000000c9f00000, 0x00000000c9f00000, 0x00000000ca000000|  0%| F|  |TAMS 0x00000000c9f00000, 0x00000000c9f00000| Untracked 
|  10|0x00000000ca000000, 0x00000000ca000000, 0x00000000ca100000|  0%| F|  |TAMS 0x00000000ca000000, 0x00000000ca000000| Untracked 
|  11|0x00000000ca100000, 0x00000000ca100000, 0x00000000ca200000|  0%| F|  |TAMS 0x00000000ca100000, 0x00000000ca100000| Untracked 
|  12|0x00000000ca200000, 0x00000000ca200000, 0x00000000ca300000|  0%| F|  |TAMS 0x00000000ca200000, 0x00000000ca200000| Untracked 
|  13|0x00000000ca300000, 0x00000000ca300000, 0x00000000ca400000|  0%| F|  |TAMS 0x00000000ca300000, 0x00000000ca300000| Untracked 
|  14|0x00000000ca400000, 0x00000000ca400000, 0x00000000ca500000|  0%| F|  |TAMS 0x00000000ca400000, 0x00000000ca400000| Untracked 
|  15|0x00000000ca500000, 0x00000000ca500000, 0x00000000ca600000|  0%| F|  |TAMS 0x00000000ca500000, 0x00000000ca500000| Untracked 
|  16|0x00000000ca600000, 0x00000000ca600000, 0x00000000ca700000|  0%| F|  |TAMS 0x00000000ca600000, 0x00000000ca600000| Untracked 
|  17|0x00000000ca700000, 0x00000000ca700000, 0x00000000ca800000|  0%| F|  |TAMS 0x00000000ca700000, 0x00000000ca700000| Untracked 
|  18|0x00000000ca800000, 0x00000000ca800000, 0x00000000ca900000|  0%| F|  |TAMS 0x00000000ca800000, 0x00000000ca800000| Untracked 
|  19|0x00000000ca900000, 0x00000000ca900000, 0x00000000caa00000|  0%| F|  |TAMS 0x00000000ca900000, 0x00000000ca900000| Untracked 
|  20|0x00000000caa00000, 0x00000000caa00000, 0x00000000cab00000|  0%| F|  |TAMS 0x00000000caa00000, 0x00000000caa00000| Untracked 
|  21|0x00000000cab00000, 0x00000000cab00000, 0x00000000cac00000|  0%| F|  |TAMS 0x00000000cab00000, 0x00000000cab00000| Untracked 
|  22|0x00000000cac00000, 0x00000000cac00000, 0x00000000cad00000|  0%| F|  |TAMS 0x00000000cac00000, 0x00000000cac00000| Untracked 
|  23|0x00000000cad00000, 0x00000000cad2cba8, 0x00000000cae00000| 17%| S|CS|TAMS 0x00000000cad00000, 0x00000000cad00000| Complete 
|  24|0x00000000cae00000, 0x00000000cae00000, 0x00000000caf00000|  0%| F|  |TAMS 0x00000000cae00000, 0x00000000cae00000| Untracked 
|  25|0x00000000caf00000, 0x00000000caf00000, 0x00000000cb000000|  0%| F|  |TAMS 0x00000000caf00000, 0x00000000caf00000| Untracked 
|  26|0x00000000cb000000, 0x00000000cb000000, 0x00000000cb100000|  0%| F|  |TAMS 0x00000000cb000000, 0x00000000cb000000| Untracked 
|  27|0x00000000cb100000, 0x00000000cb100000, 0x00000000cb200000|  0%| F|  |TAMS 0x00000000cb100000, 0x00000000cb100000| Untracked 
|  28|0x00000000cb200000, 0x00000000cb200000, 0x00000000cb300000|  0%| F|  |TAMS 0x00000000cb200000, 0x00000000cb200000| Untracked 
|  29|0x00000000cb300000, 0x00000000cb400000, 0x00000000cb400000|100%| S|CS|TAMS 0x00000000cb300000, 0x00000000cb300000| Complete 
|  30|0x00000000cb400000, 0x00000000cb500000, 0x00000000cb500000|100%| S|CS|TAMS 0x00000000cb400000, 0x00000000cb400000| Complete 
|  31|0x00000000cb500000, 0x00000000cb500000, 0x00000000cb600000|  0%| F|  |TAMS 0x00000000cb500000, 0x00000000cb500000| Untracked 
|  32|0x00000000cb600000, 0x00000000cb600000, 0x00000000cb700000|  0%| F|  |TAMS 0x00000000cb600000, 0x00000000cb600000| Untracked 
|  33|0x00000000cb700000, 0x00000000cb700000, 0x00000000cb800000|  0%| F|  |TAMS 0x00000000cb700000, 0x00000000cb700000| Untracked 
|  34|0x00000000cb800000, 0x00000000cb800000, 0x00000000cb900000|  0%| F|  |TAMS 0x00000000cb800000, 0x00000000cb800000| Untracked 
|  35|0x00000000cb900000, 0x00000000cb900000, 0x00000000cba00000|  0%| F|  |TAMS 0x00000000cb900000, 0x00000000cb900000| Untracked 
|  36|0x00000000cba00000, 0x00000000cba00000, 0x00000000cbb00000|  0%| F|  |TAMS 0x00000000cba00000, 0x00000000cba00000| Untracked 
|  37|0x00000000cbb00000, 0x00000000cbb00000, 0x00000000cbc00000|  0%| F|  |TAMS 0x00000000cbb00000, 0x00000000cbb00000| Untracked 
|  38|0x00000000cbc00000, 0x00000000cbc00000, 0x00000000cbd00000|  0%| F|  |TAMS 0x00000000cbc00000, 0x00000000cbc00000| Untracked 
|  39|0x00000000cbd00000, 0x00000000cbd00000, 0x00000000cbe00000|  0%| F|  |TAMS 0x00000000cbd00000, 0x00000000cbd00000| Untracked 
|  40|0x00000000cbe00000, 0x00000000cbe00000, 0x00000000cbf00000|  0%| F|  |TAMS 0x00000000cbe00000, 0x00000000cbe00000| Untracked 
|  41|0x00000000cbf00000, 0x00000000cbf00000, 0x00000000cc000000|  0%| F|  |TAMS 0x00000000cbf00000, 0x00000000cbf00000| Untracked 
|  42|0x00000000cc000000, 0x00000000cc000000, 0x00000000cc100000|  0%| F|  |TAMS 0x00000000cc000000, 0x00000000cc000000| Untracked 
|  43|0x00000000cc100000, 0x00000000cc100000, 0x00000000cc200000|  0%| F|  |TAMS 0x00000000cc100000, 0x00000000cc100000| Untracked 
|  44|0x00000000cc200000, 0x00000000cc200000, 0x00000000cc300000|  0%| F|  |TAMS 0x00000000cc200000, 0x00000000cc200000| Untracked 
|  45|0x00000000cc300000, 0x00000000cc300000, 0x00000000cc400000|  0%| F|  |TAMS 0x00000000cc300000, 0x00000000cc300000| Untracked 
|  46|0x00000000cc400000, 0x00000000cc400000, 0x00000000cc500000|  0%| F|  |TAMS 0x00000000cc400000, 0x00000000cc400000| Untracked 
|  47|0x00000000cc500000, 0x00000000cc600000, 0x00000000cc600000|100%| E|  |TAMS 0x00000000cc500000, 0x00000000cc500000| Complete 
|  48|0x00000000cc600000, 0x00000000cc700000, 0x00000000cc700000|100%| E|CS|TAMS 0x00000000cc600000, 0x00000000cc600000| Complete 
|  49|0x00000000cc700000, 0x00000000cc800000, 0x00000000cc800000|100%| E|CS|TAMS 0x00000000cc700000, 0x00000000cc700000| Complete 
|  50|0x00000000cc800000, 0x00000000cc900000, 0x00000000cc900000|100%| E|CS|TAMS 0x00000000cc800000, 0x00000000cc800000| Complete 
|  51|0x00000000cc900000, 0x00000000cca00000, 0x00000000cca00000|100%| E|CS|TAMS 0x00000000cc900000, 0x00000000cc900000| Complete 
|  52|0x00000000cca00000, 0x00000000ccb00000, 0x00000000ccb00000|100%| E|CS|TAMS 0x00000000cca00000, 0x00000000cca00000| Complete 
|  53|0x00000000ccb00000, 0x00000000ccc00000, 0x00000000ccc00000|100%| E|CS|TAMS 0x00000000ccb00000, 0x00000000ccb00000| Complete 
|  54|0x00000000ccc00000, 0x00000000ccd00000, 0x00000000ccd00000|100%| E|CS|TAMS 0x00000000ccc00000, 0x00000000ccc00000| Complete 
|  55|0x00000000ccd00000, 0x00000000cce00000, 0x00000000cce00000|100%| E|CS|TAMS 0x00000000ccd00000, 0x00000000ccd00000| Complete 

Card table byte_map: [0x00000249b4460000,0x00000249b4620000] _byte_map_base: 0x00000249b3e15000

Marking Bits (Prev, Next): (CMBitMap*) 0x00000249a1189420, (CMBitMap*) 0x00000249a11893e8
 Prev Bits: [0x00000249b5590000, 0x00000249b6338000)
 Next Bits: [0x00000249b47e0000, 0x00000249b5588000)

Polling page: 0x000002499f840000

Metaspace:

Usage:
  Non-class:     25.93 MB capacity,    25.48 MB ( 98%) used,   417.62 KB (  2%) free+waste,    41.31 KB ( <1%) overhead. 
      Class:      3.39 MB capacity,     3.16 MB ( 93%) used,   217.56 KB (  6%) free+waste,    18.13 KB ( <1%) overhead. 
       Both:     29.32 MB capacity,    28.64 MB ( 98%) used,   635.18 KB (  2%) free+waste,    59.44 KB ( <1%) overhead. 

Virtual space:
  Non-class space:       26.00 MB reserved,      26.00 MB (100%) committed 
      Class space:        1.00 GB reserved,       3.50 MB ( <1%) committed 
             Both:        1.03 GB reserved,      29.50 MB (  3%) committed 

Chunk freelists:
   Non-Class:  9.00 KB
       Class:  19.00 KB
        Both:  28.00 KB

MaxMetaspaceSize: 17179869184.00 GB
CompressedClassSpaceSize: 1.00 GB
Initial GC threshold: 20.80 MB
Current GC threshold: 34.79 MB
CDS: off

CodeHeap 'non-profiled nmethods': size=120064Kb used=683Kb max_used=683Kb free=119380Kb
 bounds [0x00000249ac740000, 0x00000249ac9b0000, 0x00000249b3c80000]
CodeHeap 'profiled nmethods': size=120000Kb used=3304Kb max_used=3304Kb free=116695Kb
 bounds [0x00000249a5210000, 0x00000249a5550000, 0x00000249ac740000]
CodeHeap 'non-nmethods': size=5696Kb used=1241Kb max_used=1249Kb free=4455Kb
 bounds [0x00000249a4c80000, 0x00000249a4ef0000, 0x00000249a5210000]
 total_blobs=2274 nmethods=1748 adapters=439
 compilation: enabled
              stopped_count=0, restarted_count=0
 full_count=0

Compilation events (20 events):
Event: 6.336 Thread 0x00000249b913f800 1712       1       java.lang.invoke.MethodHandleImpl::isCompileConstant (2 bytes)
Event: 6.336 Thread 0x00000249b913f800 nmethod 1712 0x00000249ac7e9e90 code [0x00000249ac7ea040, 0x00000249ac7ea0d8]
Event: 6.336 Thread 0x00000249b913f800 1713       3       java.lang.invoke.LambdaForm::editor (5 bytes)
Event: 6.337 Thread 0x00000249b913f800 nmethod 1713 0x00000249a5535010 code [0x00000249a55351e0, 0x00000249a5535508]
Event: 6.337 Thread 0x00000249b913f800 1714       3       java.lang.invoke.LambdaFormEditor$Transform::inRange (36 bytes)
Event: 6.337 Thread 0x00000249b913f800 nmethod 1714 0x00000249a5535690 code [0x00000249a5535840, 0x00000249a5535998]
Event: 6.337 Thread 0x00000249b913f800 1715       3       java.lang.invoke.LambdaFormEditor$Transform::<init> (28 bytes)
Event: 6.337 Thread 0x00000249b913f800 nmethod 1715 0x00000249a5535a10 code [0x00000249a5535be0, 0x00000249a5535ec8]
Event: 6.337 Thread 0x00000249b913f800 1716       3       java.lang.invoke.LambdaFormEditor::getInCache (186 bytes)
Event: 6.339 Thread 0x00000249b913f800 nmethod 1716 0x00000249a5536010 code [0x00000249a55362a0, 0x00000249a55371e8]
Event: 6.342 Thread 0x00000249b913f800 1717       3       com.google.protobuf.ByteString$LiteralByteString::size (6 bytes)
Event: 6.342 Thread 0x00000249b913f800 nmethod 1717 0x00000249a5537590 code [0x00000249a5537740, 0x00000249a5537858]
Event: 6.342 Thread 0x00000249b913f800 1718       1       com.google.protobuf.Descriptors$FieldDescriptor$Type::getJavaType (5 bytes)
Event: 6.342 Thread 0x00000249b913f800 nmethod 1718 0x00000249ac7ea190 code [0x00000249ac7ea340, 0x00000249ac7ea3f8]
Event: 6.362 Thread 0x00000249b913f800 1719       3       java.nio.ByteBuffer::position (6 bytes)
Event: 6.362 Thread 0x00000249b913f800 nmethod 1719 0x00000249a5537910 code [0x00000249a5537ac0, 0x00000249a5537c68]
Event: 6.375 Thread 0x00000249b913f800 1720       1       java.util.concurrent.locks.AbstractOwnableSynchronizer::getExclusiveOwnerThread (5 bytes)
Event: 6.375 Thread 0x00000249b913f800 nmethod 1720 0x00000249ac7ea490 code [0x00000249ac7ea640, 0x00000249ac7ea6f8]
Event: 6.402 Thread 0x00000249b913f800 1722       3       kotlin.internal.ProgressionUtilKt::mod (16 bytes)
Event: 6.403 Thread 0x00000249b913f800 nmethod 1722 0x00000249a5537d10 code [0x00000249a5537ec0, 0x00000249a5538018]

GC Heap History (6 events):
Event: 2.095 GC heap before
{Heap before GC invocations=0 (full 0):
 garbage-first heap   total 57344K, used 17408K [0x00000000c9600000, 0x0000000100000000)
  region size 1024K, 14 young (14336K), 0 survivors (0K)
 Metaspace       used 12815K, capacity 13044K, committed 13184K, reserved 1060864K
  class space    used 1277K, capacity 1368K, committed 1408K, reserved 1048576K
}
Event: 2.102 GC heap after
{Heap after GC invocations=1 (full 0):
 garbage-first heap   total 57344K, used 4916K [0x00000000c9600000, 0x0000000100000000)
  region size 1024K, 2 young (2048K), 2 survivors (2048K)
 Metaspace       used 12815K, capacity 13044K, committed 13184K, reserved 1060864K
  class space    used 1277K, capacity 1368K, committed 1408K, reserved 1048576K
}
Event: 3.550 GC heap before
{Heap before GC invocations=1 (full 0):
 garbage-first heap   total 57344K, used 29492K [0x00000000c9600000, 0x0000000100000000)
  region size 1024K, 27 young (27648K), 2 survivors (2048K)
 Metaspace       used 20556K, capacity 21031K, committed 21248K, reserved 1069056K
  class space    used 2167K, capacity 2290K, committed 2304K, reserved 1048576K
}
Event: 3.564 GC heap after
{Heap after GC invocations=2 (full 0):
 garbage-first heap   total 57344K, used 8624K [0x00000000c9600000, 0x0000000100000000)
  region size 1024K, 5 young (5120K), 5 survivors (5120K)
 Metaspace       used 20556K, capacity 21031K, committed 21248K, reserved 1069056K
  class space    used 2167K, capacity 2290K, committed 2304K, reserved 1048576K
}
Event: 5.308 GC heap before
{Heap before GC invocations=3 (full 0):
 garbage-first heap   total 57344K, used 33200K [0x00000000c9600000, 0x0000000100000000)
  region size 1024K, 30 young (30720K), 5 survivors (5120K)
 Metaspace       used 27143K, capacity 27816K, committed 28032K, reserved 1075200K
  class space    used 2972K, capacity 3128K, committed 3200K, reserved 1048576K
}
Event: 5.370 GC heap after
{Heap after GC invocations=4 (full 0):
 garbage-first heap   total 57344K, used 10821K [0x00000000c9600000, 0x0000000100000000)
  region size 1024K, 3 young (3072K), 3 survivors (3072K)
 Metaspace       used 27143K, capacity 27816K, committed 28032K, reserved 1075200K
  class space    used 2972K, capacity 3128K, committed 3200K, reserved 1048576K
}

Deoptimization events (20 events):
Event: 4.925 Thread 0x00000249a115c800 Uncommon trap: trap_request=0xffffff4d fr.pc=0x00000249ac7a0518 relative=0x0000000000000378
Event: 4.928 Thread 0x00000249a115c800 Uncommon trap: reason=unstable_if action=reinterpret pc=0x00000249ac7a0518 method=java.io.ByteArrayInputStream.read([BII)I @ 35 c2
Event: 4.928 Thread 0x00000249a115c800 DEOPT PACKING pc=0x00000249ac7a0518 sp=0x0000005e501f43d0
Event: 4.928 Thread 0x00000249a115c800 DEOPT UNPACKING pc=0x00000249a4cca1af sp=0x0000005e501f4390 mode 2
Event: 4.959 Thread 0x00000249a115c800 DEOPT PACKING pc=0x00000249a538facc sp=0x0000005e501f7fe0
Event: 4.959 Thread 0x00000249a115c800 DEOPT UNPACKING pc=0x00000249a4cca95e sp=0x0000005e501f7580 mode 0
Event: 5.300 Thread 0x00000249badc9800 DEOPT PACKING pc=0x00000249a54d2af6 sp=0x0000005e517fdd70
Event: 5.300 Thread 0x00000249badc9800 DEOPT UNPACKING pc=0x00000249a4cca95e sp=0x0000005e517fd290 mode 0
Event: 5.417 Thread 0x00000249badc9800 Uncommon trap: trap_request=0xffffff4d fr.pc=0x00000249ac77fe6c relative=0x00000000000003ac
Event: 5.417 Thread 0x00000249badc9800 Uncommon trap: reason=unstable_if action=reinterpret pc=0x00000249ac77fe6c method=java.lang.StringLatin1.canEncode(I)Z @ 4 c2
Event: 5.417 Thread 0x00000249badc9800 DEOPT PACKING pc=0x00000249ac77fe6c sp=0x0000005e517fe870
Event: 5.417 Thread 0x00000249badc9800 DEOPT UNPACKING pc=0x00000249a4cca1af sp=0x0000005e517fe798 mode 2
Event: 5.417 Thread 0x00000249badc9800 Uncommon trap: trap_request=0xffffff4d fr.pc=0x00000249ac7807d4 relative=0x0000000000000394
Event: 5.417 Thread 0x00000249badc9800 Uncommon trap: reason=unstable_if action=reinterpret pc=0x00000249ac7807d4 method=java.lang.AbstractStringBuilder.isLatin1()Z @ 10 c2
Event: 5.417 Thread 0x00000249badc9800 DEOPT PACKING pc=0x00000249ac7807d4 sp=0x0000005e517fe870
Event: 5.417 Thread 0x00000249badc9800 DEOPT UNPACKING pc=0x00000249a4cca1af sp=0x0000005e517fe800 mode 2
Event: 6.034 Thread 0x00000249a115c800 Uncommon trap: trap_request=0xffffff4d fr.pc=0x00000249ac78ba44 relative=0x00000000000000a4
Event: 6.034 Thread 0x00000249a115c800 Uncommon trap: reason=unstable_if action=reinterpret pc=0x00000249ac78ba44 method=java.lang.CharacterDataLatin1.digit(II)I @ 12 c2
Event: 6.034 Thread 0x00000249a115c800 DEOPT PACKING pc=0x00000249ac78ba44 sp=0x0000005e501fdce0
Event: 6.034 Thread 0x00000249a115c800 DEOPT UNPACKING pc=0x00000249a4cca1af sp=0x0000005e501fdc58 mode 2

Classes redefined (0 events):
No events

Internal exceptions (20 events):
Event: 3.320 Thread 0x00000249a115c800 Exception <a 'java/lang/ClassNotFoundException'{0x00000000cb67e860}: org/eclipse/jetty/npn/NextProtoNego> (0x00000000cb67e860) thrown at [./src/hotspot/share/classfile/systemDictionary.cpp, line 231]
Event: 4.055 Thread 0x00000249a115c800 Exception <a 'java/lang/NoSuchMethodError'{0x00000000ccb4a5f8}: 'java.lang.Object java.lang.invoke.DirectMethodHandle$Holder.invokeStatic(java.lang.Object, java.lang.Object, java.lang.Object, java.lang.Object, java.lang.Object, java.lang.Object, java.lang.Object, int)'> (0x00000000ccb4a5f8) thrown at [./src/hotspot/share/interpreter/linkResolver.cpp, line 773]
Event: 4.055 Thread 0x00000249a115c800 Exception <a 'java/lang/NoSuchMethodError'{0x00000000ccb4ea30}: 'java.lang.Object java.lang.invoke.DirectMethodHandle$Holder.invokeSpecial(java.lang.Object, java.lang.Object, java.lang.Object, java.lang.Object, java.lang.Object, java.lang.Object, java.lang.Object, java.lang.Object, int)'> (0x00000000ccb4ea30) thrown at [./src/hotspot/share/interpreter/linkResolver.cpp, line 773]
Event: 4.712 Thread 0x00000249a115c800 Exception <a 'sun/nio/fs/WindowsException'{0x00000000cc315f28}> (0x00000000cc315f28) thrown at [./src/hotspot/share/prims/jni.cpp, line 616]
Event: 4.713 Thread 0x00000249a115c800 Exception <a 'sun/nio/fs/WindowsException'{0x00000000cc3168e0}> (0x00000000cc3168e0) thrown at [./src/hotspot/share/prims/jni.cpp, line 616]
Event: 4.714 Thread 0x00000249a115c800 Exception <a 'sun/nio/fs/WindowsException'{0x00000000cc31a3f8}> (0x00000000cc31a3f8) thrown at [./src/hotspot/share/prims/jni.cpp, line 616]
Event: 4.715 Thread 0x00000249a115c800 Exception <a 'sun/nio/fs/WindowsException'{0x00000000cc31ad58}> (0x00000000cc31ad58) thrown at [./src/hotspot/share/prims/jni.cpp, line 616]
Event: 4.718 Thread 0x00000249a115c800 Exception <a 'sun/nio/fs/WindowsException'{0x00000000cc33b010}> (0x00000000cc33b010) thrown at [./src/hotspot/share/prims/jni.cpp, line 616]
Event: 4.719 Thread 0x00000249a115c800 Exception <a 'sun/nio/fs/WindowsException'{0x00000000cc33b970}> (0x00000000cc33b970) thrown at [./src/hotspot/share/prims/jni.cpp, line 616]
Event: 5.474 Thread 0x00000249b9e92000 Exception <a 'java/lang/NoSuchMethodError'{0x00000000ccc50038}: 'void java.lang.invoke.DirectMethodHandle$Holder.invokeStatic(java.lang.Object, long)'> (0x00000000ccc50038) thrown at [./src/hotspot/share/interpreter/linkResolver.cpp, line 773]
Event: 5.475 Thread 0x00000249b9e92000 Exception <a 'java/lang/NoSuchMethodError'{0x00000000ccc54fa0}: 'java.lang.Object java.lang.invoke.DirectMethodHandle$Holder.invokeStatic(java.lang.Object, long)'> (0x00000000ccc54fa0) thrown at [./src/hotspot/share/interpreter/linkResolver.cpp, line 773]
Event: 5.479 Thread 0x00000249b9e92000 Exception <a 'java/lang/NoSuchMethodError'{0x00000000ccc62e38}: 'java.lang.Object java.lang.invoke.DirectMethodHandle$Holder.invokeStaticInit(java.lang.Object, java.lang.Object, long, java.lang.Object)'> (0x00000000ccc62e38) thrown at [./src/hotspot/share/interpreter/linkResolver.cpp, line 773]
Event: 5.479 Thread 0x00000249b9e92000 Exception <a 'java/lang/NoSuchMethodError'{0x00000000ccc68a80}: 'java.lang.Object java.lang.invoke.DirectMethodHandle$Holder.invokeStatic(java.lang.Object, java.lang.Object, long)'> (0x00000000ccc68a80) thrown at [./src/hotspot/share/interpreter/linkResolver.cpp, line 773]
Event: 5.480 Thread 0x00000249b9e92000 Exception <a 'java/lang/NoSuchMethodError'{0x00000000ccb2ded8}: 'java.lang.Object java.lang.invoke.Invokers$Holder.linkToTargetMethod(java.lang.Object, long, java.lang.Object)'> (0x00000000ccb2ded8) thrown at [./src/hotspot/share/interpreter/linkResolver.cpp, line 773]
Event: 5.764 Thread 0x00000249a115c800 Exception <a 'java/lang/NoSuchMethodError'{0x00000000ccd7dd58}: 'java.lang.Object java.lang.invoke.DirectMethodHandle$Holder.invokeInterface(java.lang.Object, java.lang.Object, java.lang.Object, java.lang.Object)'> (0x00000000ccd7dd58) thrown at [./src/hotspot/share/interpreter/linkResolver.cpp, line 773]
Event: 6.033 Thread 0x00000249a115c800 Exception <a 'java/lang/NoSuchMethodError'{0x00000000ccdbd8d0}: 'void java.lang.invoke.DirectMethodHandle$Holder.invokeSpecial(java.lang.Object, java.lang.Object)'> (0x00000000ccdbd8d0) thrown at [./src/hotspot/share/interpreter/linkResolver.cpp, line 773]
Event: 6.039 Thread 0x00000249a115c800 Exception <a 'java/net/BindException'{0x00000000ccdccfd0}: Address already in use: bind> (0x00000000ccdccfd0) thrown at [./src/hotspot/share/prims/jni.cpp, line 637]
Event: 6.134 Thread 0x00000249a115c800 Exception <a 'java/lang/NoSuchMethodError'{0x00000000ccafa860}: 'long java.lang.invoke.DirectMethodHandle$Holder.invokeSpecial(java.lang.Object, java.lang.Object)'> (0x00000000ccafa860) thrown at [./src/hotspot/share/interpreter/linkResolver.cpp, line 773]
Event: 6.244 Thread 0x00000249a115c800 Exception <a 'java/lang/NoSuchMethodError'{0x00000000cc8f6598}: 'java.lang.Object java.lang.invoke.Invokers$Holder.invoke_MT(java.lang.Object, java.lang.Object, java.lang.Object)'> (0x00000000cc8f6598) thrown at [./src/hotspot/share/interpreter/linkResolver.cpp, line 773]
Event: 6.249 Thread 0x00000249a115c800 Exception <a 'java/lang/NoSuchMethodError'{0x00000000cc709bc8}: 'long java.lang.invoke.DelegatingMethodHandle$Holder.reinvoke_L(java.lang.Object, java.lang.Object)'> (0x00000000cc709bc8) thrown at [./src/hotspot/share/interpreter/linkResolver.cpp, line 773]

Events (20 events):
Event: 6.403 loading class com/google/testing/platform/plugin/android/proto/AndroidDevicePluginProto$AndroidDevicePluginOrBuilder done
Event: 6.411 loading class com/google/protobuf/DurationOrBuilder
Event: 6.411 loading class com/google/protobuf/DurationOrBuilder done
Event: 6.417 loading class com/google/testing/platform/plugin/android/proto/AndroidDevicePluginProto$InstallableApkOrBuilder
Event: 6.417 loading class com/google/testing/platform/plugin/android/proto/AndroidDevicePluginProto$InstallableApkOrBuilder done
Event: 6.417 loading class com/google/testing/platform/plugin/android/proto/AndroidDevicePluginProto$AndroidDevicePlugin$Builder
Event: 6.417 loading class com/google/testing/platform/plugin/android/proto/AndroidDevicePluginProto$AndroidDevicePlugin$Builder done
Event: 6.420 loading class com/google/protobuf/Duration
Event: 6.420 loading class com/google/protobuf/Duration done
Event: 6.427 loading class io/netty/util/internal/SocketUtils
Event: 6.427 loading class io/netty/util/internal/SocketUtils done
Event: 6.427 Executing VM operation: RevokeBias
Event: 6.428 Executing VM operation: RevokeBias done
Event: 6.428 loading class com/google/testing/platform/plugin/android/proto/AndroidDevicePluginProto$InstallableApk
Event: 6.428 loading class com/google/testing/platform/plugin/android/proto/AndroidDevicePluginProto$InstallableApk done
Event: 6.428 loading class io/netty/util/internal/SocketUtils$11
Event: 6.428 loading class io/netty/util/internal/SocketUtils$11 done
Event: 6.429 loading class io/netty/util/NetUtil$1
Event: 6.429 loading class io/netty/util/NetUtil$1 done
Event: 6.429 loading class java/io/FileReader


Dynamic libraries:
0x00007ff709ba0000 - 0x00007ff709baa000 	C:\Program Files\Android\Android Studio\jre\bin\java.exe
0x00007ff8ceb70000 - 0x00007ff8ced68000 	C:\WINDOWS\SYSTEM32\ntdll.dll
0x00007ff8cde80000 - 0x00007ff8cdf3d000 	C:\WINDOWS\System32\KERNEL32.DLL
0x00007ff8cc710000 - 0x00007ff8cca06000 	C:\WINDOWS\System32\KERNELBASE.dll
0x00007ff8cc450000 - 0x00007ff8cc550000 	C:\WINDOWS\System32\ucrtbase.dll
0x00007ff8c5f20000 - 0x00007ff8c5f39000 	C:\Program Files\Android\Android Studio\jre\bin\jli.dll
0x00007ff8bb080000 - 0x00007ff8bb097000 	C:\Program Files\Android\Android Studio\jre\bin\VCRUNTIME140.dll
0x00007ff8ce520000 - 0x00007ff8ce6be000 	C:\WINDOWS\System32\USER32.dll
0x00007ff8cc550000 - 0x00007ff8cc572000 	C:\WINDOWS\System32\win32u.dll
0x00007ff8ce270000 - 0x00007ff8ce29c000 	C:\WINDOWS\System32\GDI32.dll
0x00007ff8cc250000 - 0x00007ff8cc36a000 	C:\WINDOWS\System32\gdi32full.dll
0x00007ff8cca10000 - 0x00007ff8ccaad000 	C:\WINDOWS\System32\msvcp_win.dll
0x00007ff8b4dd0000 - 0x00007ff8b506a000 	C:\WINDOWS\WinSxS\amd64_microsoft.windows.common-controls_6595b64144ccf1df_6.0.19041.3636_none_60b6a03d71f818d5\COMCTL32.dll
0x00007ff8ccca0000 - 0x00007ff8ccd3e000 	C:\WINDOWS\System32\msvcrt.dll
0x00007ff8cdf40000 - 0x00007ff8cdf70000 	C:\WINDOWS\System32\IMM32.DLL
0x00007ff88aaf0000 - 0x00007ff88ab8d000 	C:\Program Files\Android\Android Studio\jre\bin\msvcp140.dll
0x00007ff80e450000 - 0x00007ff80ef52000 	C:\Program Files\Android\Android Studio\jre\bin\server\jvm.dll
0x00007ff8ce0f0000 - 0x00007ff8ce19f000 	C:\WINDOWS\System32\ADVAPI32.dll
0x00007ff8ce3d0000 - 0x00007ff8ce46c000 	C:\WINDOWS\System32\sechost.dll
0x00007ff8ce2a0000 - 0x00007ff8ce3c6000 	C:\WINDOWS\System32\RPCRT4.dll
0x00007ff8cddc0000 - 0x00007ff8cddc8000 	C:\WINDOWS\System32\PSAPI.DLL
0x00007ff8a2610000 - 0x00007ff8a2619000 	C:\WINDOWS\SYSTEM32\WSOCK32.dll
0x00007ff8ce200000 - 0x00007ff8ce26b000 	C:\WINDOWS\System32\WS2_32.dll
0x00007ff8c3ce0000 - 0x00007ff8c3cea000 	C:\WINDOWS\SYSTEM32\VERSION.dll
0x00007ff8c3cb0000 - 0x00007ff8c3cd7000 	C:\WINDOWS\SYSTEM32\WINMM.dll
0x00007ff8ca110000 - 0x00007ff8ca122000 	C:\WINDOWS\SYSTEM32\kernel.appcore.dll
0x00007ff84c670000 - 0x00007ff84c681000 	C:\Program Files\Android\Android Studio\jre\bin\verify.dll
0x00007ff8b5f80000 - 0x00007ff8b6164000 	C:\WINDOWS\SYSTEM32\DBGHELP.DLL
0x00007ff8b5f40000 - 0x00007ff8b5f74000 	C:\WINDOWS\SYSTEM32\dbgcore.DLL
0x00007ff8cc3c0000 - 0x00007ff8cc442000 	C:\WINDOWS\System32\bcryptPrimitives.dll
0x00007ff84c640000 - 0x00007ff84c669000 	C:\Program Files\Android\Android Studio\jre\bin\java.dll
0x00007ff8a0d90000 - 0x00007ff8a0d9b000 	C:\Program Files\Android\Android Studio\jre\bin\jimage.dll
0x00007ff84c620000 - 0x00007ff84c638000 	C:\Program Files\Android\Android Studio\jre\bin\zip.dll
0x00007ff8cd310000 - 0x00007ff8cda54000 	C:\WINDOWS\System32\SHELL32.dll
0x00007ff8ca310000 - 0x00007ff8caaab000 	C:\WINDOWS\SYSTEM32\windows.storage.dll
0x00007ff8cce90000 - 0x00007ff8cd1e4000 	C:\WINDOWS\System32\combase.dll
0x00007ff8cbbc0000 - 0x00007ff8cbbed000 	C:\WINDOWS\SYSTEM32\Wldp.dll
0x00007ff8ce040000 - 0x00007ff8ce0ed000 	C:\WINDOWS\System32\SHCORE.dll
0x00007ff8ce1a0000 - 0x00007ff8ce1f5000 	C:\WINDOWS\System32\shlwapi.dll
0x00007ff8cc180000 - 0x00007ff8cc1a5000 	C:\WINDOWS\SYSTEM32\profapi.dll
0x00007ff84c600000 - 0x00007ff84c61a000 	C:\Program Files\Android\Android Studio\jre\bin\net.dll
0x00007ff8c2320000 - 0x00007ff8c242a000 	C:\WINDOWS\SYSTEM32\WINHTTP.dll
0x00007ff8cb920000 - 0x00007ff8cb98a000 	C:\WINDOWS\system32\mswsock.dll
0x00007ff84c5e0000 - 0x00007ff84c5f4000 	C:\Program Files\Android\Android Studio\jre\bin\nio.dll
0x00007ff89be80000 - 0x00007ff89be8a000 	C:\Program Files\Android\Android Studio\jre\bin\management.dll
0x00007ff899870000 - 0x00007ff89987d000 	C:\Program Files\Android\Android Studio\jre\bin\management_ext.dll
0x00007ff8cbb10000 - 0x00007ff8cbb28000 	C:\WINDOWS\SYSTEM32\CRYPTSP.dll
0x00007ff8cb250000 - 0x00007ff8cb284000 	C:\WINDOWS\system32\rsaenh.dll
0x00007ff8cc580000 - 0x00007ff8cc5a7000 	C:\WINDOWS\System32\bcrypt.dll
0x00007ff8cc100000 - 0x00007ff8cc12e000 	C:\WINDOWS\SYSTEM32\USERENV.dll
0x00007ff8cbb30000 - 0x00007ff8cbb3c000 	C:\WINDOWS\SYSTEM32\CRYPTBASE.dll
0x00007ff8cb610000 - 0x00007ff8cb64b000 	C:\WINDOWS\SYSTEM32\IPHLPAPI.DLL
0x00007ff8ccc30000 - 0x00007ff8ccc38000 	C:\WINDOWS\System32\NSI.dll
0x00007ff8c2a50000 - 0x00007ff8c2a67000 	C:\WINDOWS\SYSTEM32\dhcpcsvc6.DLL
0x00007ff8c1510000 - 0x00007ff8c152d000 	C:\WINDOWS\SYSTEM32\dhcpcsvc.DLL
0x00007ff8cb650000 - 0x00007ff8cb71a000 	C:\WINDOWS\SYSTEM32\DNSAPI.dll
0x00007ff80e070000 - 0x00007ff80e097000 	C:\Program Files\Android\Android Studio\jre\bin\sunec.dll
0x00007ff8b8030000 - 0x00007ff8b803a000 	C:\Windows\System32\rasadhlp.dll
0x00007ff8b8290000 - 0x00007ff8b8310000 	C:\WINDOWS\System32\fwpuclnt.dll
0x00007ff89c730000 - 0x00007ff89c747000 	C:\WINDOWS\system32\napinsp.dll
0x00007ff89c710000 - 0x00007ff89c72b000 	C:\WINDOWS\system32\pnrpnsp.dll
0x00007ff8a4360000 - 0x00007ff8a4375000 	C:\WINDOWS\system32\wshbth.dll
0x00007ff8c7bf0000 - 0x00007ff8c7c0d000 	C:\WINDOWS\system32\NLAapi.dll
0x00007ff89c670000 - 0x00007ff89c682000 	C:\WINDOWS\System32\winrnr.dll

dbghelp: loaded successfully - version: 4.0.5 - missing functions: none
symbol engine: initialized successfully - sym options: 0x614 - pdb path: .;C:\Program Files\Android\Android Studio\jre\bin;C:\WINDOWS\SYSTEM32;C:\WINDOWS\WinSxS\amd64_microsoft.windows.common-controls_6595b64144ccf1df_6.0.19041.3636_none_60b6a03d71f818d5;C:\Program Files\Android\Android Studio\jre\bin\server

VM Arguments:
jvm_args: -Djava.awt.headless=true -Djava.util.logging.config.file=C:\Users\giorg\.android\utp\logging8265316907416995082properties -Dfile.encoding=windows-1251 -Duser.country=GB -Duser.language=en -Duser.variant 
java_command: com.google.testing.platform.launcher.Launcher C:\Users\giorg\.gradle\caches\modules-2\files-2.1\com.google.testing.platform\core\0.0.8-alpha07\185ff5f0c2380a7a283320bc5ec9130dbcbbb030\core-0.0.8-alpha07.jar --proto_config=C:\Users\giorg\.android\utp\runnerConfig2295133689177536699.pb --proto_server_config=C:\Users\giorg\.android\utp\serverConfig15937889499282383271.pb
java_class_path (initial): C:\Users\giorg\.gradle\caches\modules-2\files-2.1\com.google.testing.platform\launcher\0.0.8-alpha07\47d15094202612b26f5a07fbfbe17ff8900a58c4\launcher-0.0.8-alpha07.jar
Launcher Type: SUN_STANDARD

[Global flags]
     intx CICompilerCount                          = 3                                         {product} {ergonomic}
     uint ConcGCThreads                            = 1                                         {product} {ergonomic}
     uint G1ConcRefinementThreads                  = 4                                         {product} {ergonomic}
   size_t G1HeapRegionSize                         = 1048576                                   {product} {ergonomic}
    uintx GCDrainStackTargetSize                   = 64                                        {product} {ergonomic}
   size_t InitialHeapSize                          = 58720256                                  {product} {ergonomic}
   size_t MarkStackSize                            = 4194304                                   {product} {ergonomic}
   size_t MaxHeapSize                              = 916455424                                 {product} {ergonomic}
   size_t MaxNewSize                               = 549453824                                 {product} {ergonomic}
   size_t MinHeapDeltaBytes                        = 1048576                                   {product} {ergonomic}
    uintx NonNMethodCodeHeapSize                   = 5830732                                {pd product} {ergonomic}
    uintx NonProfiledCodeHeapSize                  = 122913754                              {pd product} {ergonomic}
    uintx ProfiledCodeHeapSize                     = 122913754                              {pd product} {ergonomic}
    uintx ReservedCodeCacheSize                    = 251658240                              {pd product} {ergonomic}
     bool SegmentedCodeCache                       = true                                      {product} {ergonomic}
     bool UseCompressedClassPointers               = true                                 {lp64_product} {ergonomic}
     bool UseCompressedOops                        = true                                 {lp64_product} {ergonomic}
     bool UseG1GC                                  = true                                      {product} {ergonomic}
     bool UseLargePagesIndividualAllocation        = false                                  {pd product} {ergonomic}

Logging:
Log output configuration:
 #0: stdout all=warning uptime,level,tags
 #1: stderr all=off uptime,level,tags

Environment Variables:
JAVA_HOME=C:\Program Files\Java\jdk-19
CLASSPATH=,
PATH=C:\Program Files\Common Files\Oracle\Java\javapath;C:\WINDOWS\system32;C:\WINDOWS;C:\WINDOWS\System32\Wbem;C:\WINDOWS\System32\WindowsPowerShell\v1.0\;C:\WINDOWS\System32\OpenSSH\;C:\Program Files\Git\cmd;C:\Program Files (x86)\Microsoft SQL Server\160\Tools\Binn\;C:\Program Files\Microsoft SQL Server\160\Tools\Binn\;C:\Program Files\Microsoft SQL Server\Client SDK\ODBC\170\Tools\Binn\;C:\Program Files\Microsoft SQL Server\160\DTS\Binn\;C:\Program Files (x86)\Microsoft SQL Server\160\DTS\Binn\;C:\Program Files\Azure Data Studio\bin;C:\Program Files\Maven\apache-maven-3.9.5\bin;C:\Users\giorg\scoop\shims;C:\Users\giorg\AppData\Local\Programs\Python\Python310\Scripts\;C:\Users\giorg\AppData\Local\Programs\Python\Python310\;C:\Users\giorg\AppData\Local\Microsoft\WindowsApps;C:\Program Files\Java\jdk-19\BIN;C:\ProgramData\giorg\GitHubDesktop\bin;C:\Users\giorg\AppData\Local\GitHubDesktop\bin;C:\Users\giorg\AppData\Local\Programs\Microsoft VS Code\bin;C:\Program Files\Azure Data Studio\bin
USERNAME=giorg
OS=Windows_NT
PROCESSOR_IDENTIFIER=AMD64 Family 23 Model 17 Stepping 0, AuthenticAMD



---------------  S Y S T E M  ---------------

OS: Windows 10 , 64 bit Build 19041 (10.0.19041.3636)
OS uptime: 8 days 4:12 hours

CPU:total 4 (initial active 4) (4 cores per cpu, 2 threads per core) family 23 model 17 stepping 0 microcode 0x0, cmov, cx8, fxsr, mmx, sse, sse2, sse3, ssse3, sse4.1, sse4.2, popcnt, avx, avx2, aes, clmul, mmxext, 3dnowpref, lzcnt, sse4a, ht, tsc, tscinvbit, tscinv, bmi1, bmi2, adx, sha, fma

Memory: 4k page, system-wide physical 3491M (235M free)
TotalPageFile size 14243M (AvailPageFile size 3M)
current process WorkingSet (physical memory assigned to process): 133M, peak: 133M
current process commit charge ("private bytes"): 177M, peak: 179M

vm_info: OpenJDK 64-Bit Server VM (11.0.13+0-b1751.21-8125866) for windows-amd64 JRE (11.0.13+0-b1751.21-8125866), built on Feb  2 2022 03:00:22 by "builder" with MS VC++ 14.0 (VS2015)

END.
