#
# There is insufficient memory for the Java Runtime Environment to continue.
# Native memory allocation (malloc) failed to allocate 1860976 bytes for Chunk::new
# Possible reasons:
#   The system is out of physical RAM or swap space
#   The process is running with CompressedOops enabled, and the Java Heap may be blocking the growth of the native heap
# Possible solutions:
#   Reduce memory load on the system
#   Increase physical memory or swap space
#   Check if swap backing store is full
#   Decrease Java heap size (-Xmx/-Xms)
#   Decrease number of Java threads
#   Decrease Java thread stack sizes (-Xss)
#   Set larger code cache with -XX:ReservedCodeCacheSize=
#   JVM is running with Unscaled Compressed Oops mode in which the Java heap is
#     placed in the first 4GB address space. The Java Heap base address is the
#     maximum limit for the native heap growth. Please use -XX:HeapBaseMinAddress
#     to set the Java Heap base and to place the Java Heap above 4GB virtual address.
# This output file may be truncated or incomplete.
#
#  Out of Memory Error (./src/hotspot/share/memory/arena.cpp:197), pid=16224, tid=984
#
# JRE version: OpenJDK Runtime Environment (11.0.13) (build 11.0.13+0-b1751.21-8125866)
# Java VM: OpenJDK 64-Bit Server VM (11.0.13+0-b1751.21-8125866, mixed mode, tiered, compressed oops, g1 gc, windows-amd64)
# No core dump will be written. Minidumps are not enabled by default on client versions of Windows
#

---------------  S U M M A R Y ------------

Command Line: -Djava.awt.headless=true -Djava.util.logging.config.file=C:\Users\giorg\.android\utp\logging6541407063859964472properties -Dfile.encoding=windows-1251 -Duser.country=GB -Duser.language=en -Duser.variant com.google.testing.platform.launcher.Launcher C:\Users\giorg\.gradle\caches\modules-2\files-2.1\com.google.testing.platform\core\0.0.8-alpha07\185ff5f0c2380a7a283320bc5ec9130dbcbbb030\core-0.0.8-alpha07.jar --proto_config=C:\Users\giorg\.android\utp\runnerConfig5376879720216919887.pb --proto_server_config=C:\Users\giorg\.android\utp\serverConfig9879455255966362321.pb

Host: AMD Ryzen 3 2200U with Radeon Vega Mobile Gfx  , 4 cores, 3G,  Windows 10 , 64 bit Build 19041 (10.0.19041.3636)
Time: Sat Dec  9 02:18:02 2023 Georgian Standard Time elapsed time: 6.495741 seconds (0d 0h 0m 6s)

---------------  T H R E A D  ---------------

Current thread (0x000002a863380000):  JavaThread "C2 CompilerThread0" daemon [_thread_in_native, id=984, stack(0x000000ca47600000,0x000000ca47700000)]


Current CompileTask:
C2:   6495 1702   !   4       jdk.internal.loader.BuiltinClassLoader::loadClassOrNull (143 bytes)

Stack: [0x000000ca47600000,0x000000ca47700000]
Native frames: (J=compiled Java code, j=interpreted, Vv=VM code, C=native code)
V  [jvm.dll+0x6100fa]
V  [jvm.dll+0x747090]
V  [jvm.dll+0x7486ad]
V  [jvm.dll+0x748d83]
V  [jvm.dll+0x24ab48]
V  [jvm.dll+0xc04dc]
V  [jvm.dll+0xc0a0c]
V  [jvm.dll+0x35eb5b]
V  [jvm.dll+0x32b833]
V  [jvm.dll+0x32ad2a]
V  [jvm.dll+0x2032b2]
V  [jvm.dll+0x202437]
V  [jvm.dll+0x188e01]
V  [jvm.dll+0x21106b]
V  [jvm.dll+0x20f8c1]
V  [jvm.dll+0x70de0f]
V  [jvm.dll+0x706a75]
V  [jvm.dll+0x60ed66]
C  [ucrtbase.dll+0x21bb2]
C  [KERNEL32.DLL+0x17344]
C  [ntdll.dll+0x526b1]


---------------  P R O C E S S  ---------------

Threads class SMR info:
_java_thread_list=0x000002a865021f50, length=18, elements={
0x000002a84b37c800, 0x000002a863311000, 0x000002a86331d000, 0x000002a863376000,
0x000002a863377000, 0x000002a863378800, 0x000002a863380000, 0x000002a863381800,
0x000002a863386800, 0x000002a863615800, 0x000002a864f3f000, 0x000002a86502e800,
0x000002a8657bf800, 0x000002a865112000, 0x000002a867a38800, 0x000002a8637b5000,
0x000002a86660d800, 0x000002a86660e000
}

Java Threads: ( => current thread )
  0x000002a84b37c800 JavaThread "main" [_thread_blocked, id=19756, stack(0x000000ca46a00000,0x000000ca46b00000)]
  0x000002a863311000 JavaThread "Reference Handler" daemon [_thread_blocked, id=10420, stack(0x000000ca47100000,0x000000ca47200000)]
  0x000002a86331d000 JavaThread "Finalizer" daemon [_thread_blocked, id=15660, stack(0x000000ca47200000,0x000000ca47300000)]
  0x000002a863376000 JavaThread "Signal Dispatcher" daemon [_thread_blocked, id=18608, stack(0x000000ca47300000,0x000000ca47400000)]
  0x000002a863377000 JavaThread "Attach Listener" daemon [_thread_blocked, id=7604, stack(0x000000ca47400000,0x000000ca47500000)]
  0x000002a863378800 JavaThread "Service Thread" daemon [_thread_blocked, id=3160, stack(0x000000ca47500000,0x000000ca47600000)]
=>0x000002a863380000 JavaThread "C2 CompilerThread0" daemon [_thread_in_native, id=984, stack(0x000000ca47600000,0x000000ca47700000)]
  0x000002a863381800 JavaThread "C1 CompilerThread0" daemon [_thread_blocked, id=4676, stack(0x000000ca47700000,0x000000ca47800000)]
  0x000002a863386800 JavaThread "Sweeper thread" daemon [_thread_blocked, id=13260, stack(0x000000ca47800000,0x000000ca47900000)]
  0x000002a863615800 JavaThread "Common-Cleaner" daemon [_thread_blocked, id=19744, stack(0x000000ca47a00000,0x000000ca47b00000)]
  0x000002a864f3f000 JavaThread "grpc-nio-worker-ELG-4-1" daemon [_thread_in_native, id=14052, stack(0x000000ca47c00000,0x000000ca47d00000)]
  0x000002a86502e800 JavaThread "grpc-default-executor-0" daemon [_thread_in_native, id=928, stack(0x000000ca47d00000,0x000000ca47e00000)]
  0x000002a8657bf800 JavaThread "grpc-default-executor-1" daemon [_thread_blocked, id=4680, stack(0x000000ca47e00000,0x000000ca47f00000)]
  0x000002a865112000 JavaThread "grpc-default-executor-2" daemon [_thread_blocked, id=16072, stack(0x000000ca47f00000,0x000000ca48000000)]
  0x000002a867a38800 JavaThread "Monitor" [_thread_in_native, id=6844, stack(0x000000ca48000000,0x000000ca48100000)]
  0x000002a8637b5000 JavaThread "JdwpProxyConnection" [_thread_in_native, id=21328, stack(0x000000ca48100000,0x000000ca48200000)]
  0x000002a86660d800 JavaThread "Device Client Monitor" [_thread_in_native, id=20736, stack(0x000000ca48200000,0x000000ca48300000)]
  0x000002a86660e000 JavaThread "Device List Monitor" [_thread_in_native, id=12452, stack(0x000000ca48300000,0x000000ca48400000)]

Other Threads:
  0x000002a8632ea800 VMThread "VM Thread" [stack: 0x000000ca47000000,0x000000ca47100000] [id=7796]
  0x000002a86360c800 WatcherThread [stack: 0x000000ca47900000,0x000000ca47a00000] [id=19628]
  0x000002a84b395800 GCTaskThread "GC Thread#0" [stack: 0x000000ca46b00000,0x000000ca46c00000] [id=20492]
  0x000002a863b31000 GCTaskThread "GC Thread#1" [stack: 0x000000ca47b00000,0x000000ca47c00000] [id=15368]
  0x000002a84b3ae000 ConcurrentGCThread "G1 Main Marker" [stack: 0x000000ca46c00000,0x000000ca46d00000] [id=19388]
  0x000002a84b3b0000 ConcurrentGCThread "G1 Conc#0" [stack: 0x000000ca46d00000,0x000000ca46e00000] [id=18868]
  0x000002a84b3f4800 ConcurrentGCThread "G1 Refine#0" [stack: 0x000000ca46e00000,0x000000ca46f00000] [id=12484]
  0x000002a84b3f5800 ConcurrentGCThread "G1 Young RemSet Sampling" [stack: 0x000000ca46f00000,0x000000ca47000000] [id=13900]

Threads with active compile tasks:
C2 CompilerThread0   6613 1702   !   4       jdk.internal.loader.BuiltinClassLoader::loadClassOrNull (143 bytes)

VM state:not at safepoint (normal execution)

VM Mutex/Monitor currently owned by a thread: None

Heap address: 0x00000000c9600000, size: 874 MB, Compressed Oops mode: 32-bit
Narrow klass base: 0x0000000000000000, Narrow klass shift: 3
Compressed class space size: 1073741824 Address: 0x0000000100000000

Heap:
 garbage-first heap   total 57344K, used 23819K [0x00000000c9600000, 0x0000000100000000)
  region size 1024K, 16 young (16384K), 2 survivors (2048K)
 Metaspace       used 29321K, capacity 30019K, committed 30384K, reserved 1077248K
  class space    used 3233K, capacity 3469K, committed 3584K, reserved 1048576K
Heap Regions: E=young(eden), S=young(survivor), O=old, HS=humongous(starts), HC=humongous(continues), CS=collection set, F=free, A=archive, TAMS=top-at-mark-start (previous, next)
|   0|0x00000000c9600000, 0x00000000c9700000, 0x00000000c9700000|100%|HS|  |TAMS 0x00000000c9700000, 0x00000000c9600000| Complete 
|   1|0x00000000c9700000, 0x00000000c9800000, 0x00000000c9800000|100%|HS|  |TAMS 0x00000000c9800000, 0x00000000c9700000| Complete 
|   2|0x00000000c9800000, 0x00000000c9900000, 0x00000000c9900000|100%|HC|  |TAMS 0x00000000c9900000, 0x00000000c9800000| Complete 
|   3|0x00000000c9900000, 0x00000000c9a00000, 0x00000000c9a00000|100%| O|  |TAMS 0x00000000c9900000, 0x00000000c9900000| Untracked 
|   4|0x00000000c9a00000, 0x00000000c9b00000, 0x00000000c9b00000|100%| O|  |TAMS 0x00000000c9a8c800, 0x00000000c9a00000| Untracked 
|   5|0x00000000c9b00000, 0x00000000c9c00000, 0x00000000c9c00000|100%| O|  |TAMS 0x00000000c9b00000, 0x00000000c9b00000| Untracked 
|   6|0x00000000c9c00000, 0x00000000c9d00000, 0x00000000c9d00000|100%| O|  |TAMS 0x00000000c9c00000, 0x00000000c9c00000| Untracked 
|   7|0x00000000c9d00000, 0x00000000c9e00000, 0x00000000c9e00000|100%| O|  |TAMS 0x00000000c9d00000, 0x00000000c9d00000| Untracked 
|   8|0x00000000c9e00000, 0x00000000c9e91000, 0x00000000c9f00000| 56%| O|  |TAMS 0x00000000c9e00000, 0x00000000c9e00000| Untracked 
|   9|0x00000000c9f00000, 0x00000000c9f00000, 0x00000000ca000000|  0%| F|  |TAMS 0x00000000c9f00000, 0x00000000c9f00000| Untracked 
|  10|0x00000000ca000000, 0x00000000ca000000, 0x00000000ca100000|  0%| F|  |TAMS 0x00000000ca000000, 0x00000000ca000000| Untracked 
|  11|0x00000000ca100000, 0x00000000ca100000, 0x00000000ca200000|  0%| F|  |TAMS 0x00000000ca100000, 0x00000000ca100000| Untracked 
|  12|0x00000000ca200000, 0x00000000ca200000, 0x00000000ca300000|  0%| F|  |TAMS 0x00000000ca200000, 0x00000000ca200000| Untracked 
|  13|0x00000000ca300000, 0x00000000ca300000, 0x00000000ca400000|  0%| F|  |TAMS 0x00000000ca300000, 0x00000000ca300000| Untracked 
|  14|0x00000000ca400000, 0x00000000ca400000, 0x00000000ca500000|  0%| F|  |TAMS 0x00000000ca400000, 0x00000000ca400000| Untracked 
|  15|0x00000000ca500000, 0x00000000ca500000, 0x00000000ca600000|  0%| F|  |TAMS 0x00000000ca500000, 0x00000000ca500000| Untracked 
|  16|0x00000000ca600000, 0x00000000ca600000, 0x00000000ca700000|  0%| F|  |TAMS 0x00000000ca600000, 0x00000000ca600000| Untracked 
|  17|0x00000000ca700000, 0x00000000ca700000, 0x00000000ca800000|  0%| F|  |TAMS 0x00000000ca700000, 0x00000000ca700000| Untracked 
|  18|0x00000000ca800000, 0x00000000ca800000, 0x00000000ca900000|  0%| F|  |TAMS 0x00000000ca800000, 0x00000000ca800000| Untracked 
|  19|0x00000000ca900000, 0x00000000ca900000, 0x00000000caa00000|  0%| F|  |TAMS 0x00000000ca900000, 0x00000000ca900000| Untracked 
|  20|0x00000000caa00000, 0x00000000caa00000, 0x00000000cab00000|  0%| F|  |TAMS 0x00000000caa00000, 0x00000000caa00000| Untracked 
|  21|0x00000000cab00000, 0x00000000cab00000, 0x00000000cac00000|  0%| F|  |TAMS 0x00000000cab00000, 0x00000000cab00000| Untracked 
|  22|0x00000000cac00000, 0x00000000cac00000, 0x00000000cad00000|  0%| F|  |TAMS 0x00000000cac00000, 0x00000000cac00000| Untracked 
|  23|0x00000000cad00000, 0x00000000cad00000, 0x00000000cae00000|  0%| F|  |TAMS 0x00000000cad00000, 0x00000000cad00000| Untracked 
|  24|0x00000000cae00000, 0x00000000cae00000, 0x00000000caf00000|  0%| F|  |TAMS 0x00000000cae00000, 0x00000000cae00000| Untracked 
|  25|0x00000000caf00000, 0x00000000caf00000, 0x00000000cb000000|  0%| F|  |TAMS 0x00000000caf00000, 0x00000000caf00000| Untracked 
|  26|0x00000000cb000000, 0x00000000cb000000, 0x00000000cb100000|  0%| F|  |TAMS 0x00000000cb000000, 0x00000000cb000000| Untracked 
|  27|0x00000000cb100000, 0x00000000cb100000, 0x00000000cb200000|  0%| F|  |TAMS 0x00000000cb100000, 0x00000000cb100000| Untracked 
|  28|0x00000000cb200000, 0x00000000cb200000, 0x00000000cb300000|  0%| F|  |TAMS 0x00000000cb200000, 0x00000000cb200000| Untracked 
|  29|0x00000000cb300000, 0x00000000cb300000, 0x00000000cb400000|  0%| F|  |TAMS 0x00000000cb300000, 0x00000000cb300000| Untracked 
|  30|0x00000000cb400000, 0x00000000cb400000, 0x00000000cb500000|  0%| F|  |TAMS 0x00000000cb400000, 0x00000000cb400000| Untracked 
|  31|0x00000000cb500000, 0x00000000cb500000, 0x00000000cb600000|  0%| F|  |TAMS 0x00000000cb500000, 0x00000000cb500000| Untracked 
|  32|0x00000000cb600000, 0x00000000cb600000, 0x00000000cb700000|  0%| F|  |TAMS 0x00000000cb600000, 0x00000000cb600000| Untracked 
|  33|0x00000000cb700000, 0x00000000cb700000, 0x00000000cb800000|  0%| F|  |TAMS 0x00000000cb700000, 0x00000000cb700000| Untracked 
|  34|0x00000000cb800000, 0x00000000cb8b1f80, 0x00000000cb900000| 69%| S|CS|TAMS 0x00000000cb800000, 0x00000000cb800000| Complete 
|  35|0x00000000cb900000, 0x00000000cba00000, 0x00000000cba00000|100%| S|CS|TAMS 0x00000000cb900000, 0x00000000cb900000| Complete 
|  36|0x00000000cba00000, 0x00000000cba00000, 0x00000000cbb00000|  0%| F|  |TAMS 0x00000000cba00000, 0x00000000cba00000| Untracked 
|  37|0x00000000cbb00000, 0x00000000cbb00000, 0x00000000cbc00000|  0%| F|  |TAMS 0x00000000cbb00000, 0x00000000cbb00000| Untracked 
|  38|0x00000000cbc00000, 0x00000000cbc00000, 0x00000000cbd00000|  0%| F|  |TAMS 0x00000000cbc00000, 0x00000000cbc00000| Untracked 
|  39|0x00000000cbd00000, 0x00000000cbd00000, 0x00000000cbe00000|  0%| F|  |TAMS 0x00000000cbd00000, 0x00000000cbd00000| Untracked 
|  40|0x00000000cbe00000, 0x00000000cbe00000, 0x00000000cbf00000|  0%| F|  |TAMS 0x00000000cbe00000, 0x00000000cbe00000| Untracked 
|  41|0x00000000cbf00000, 0x00000000cbf00000, 0x00000000cc000000|  0%| F|  |TAMS 0x00000000cbf00000, 0x00000000cbf00000| Untracked 
|  42|0x00000000cc000000, 0x00000000cc100000, 0x00000000cc100000|100%| E|  |TAMS 0x00000000cc000000, 0x00000000cc000000| Complete 
|  43|0x00000000cc100000, 0x00000000cc200000, 0x00000000cc200000|100%| E|CS|TAMS 0x00000000cc100000, 0x00000000cc100000| Complete 
|  44|0x00000000cc200000, 0x00000000cc300000, 0x00000000cc300000|100%| E|CS|TAMS 0x00000000cc200000, 0x00000000cc200000| Complete 
|  45|0x00000000cc300000, 0x00000000cc400000, 0x00000000cc400000|100%| E|CS|TAMS 0x00000000cc300000, 0x00000000cc300000| Complete 
|  46|0x00000000cc400000, 0x00000000cc500000, 0x00000000cc500000|100%| E|CS|TAMS 0x00000000cc400000, 0x00000000cc400000| Complete 
|  47|0x00000000cc500000, 0x00000000cc600000, 0x00000000cc600000|100%| E|CS|TAMS 0x00000000cc500000, 0x00000000cc500000| Complete 
|  48|0x00000000cc600000, 0x00000000cc700000, 0x00000000cc700000|100%| E|CS|TAMS 0x00000000cc600000, 0x00000000cc600000| Complete 
|  49|0x00000000cc700000, 0x00000000cc800000, 0x00000000cc800000|100%| E|CS|TAMS 0x00000000cc700000, 0x00000000cc700000| Complete 
|  50|0x00000000cc800000, 0x00000000cc900000, 0x00000000cc900000|100%| E|CS|TAMS 0x00000000cc800000, 0x00000000cc800000| Complete 
|  51|0x00000000cc900000, 0x00000000cca00000, 0x00000000cca00000|100%| E|CS|TAMS 0x00000000cc900000, 0x00000000cc900000| Complete 
|  52|0x00000000cca00000, 0x00000000ccb00000, 0x00000000ccb00000|100%| E|CS|TAMS 0x00000000cca00000, 0x00000000cca00000| Complete 
|  53|0x00000000ccb00000, 0x00000000ccc00000, 0x00000000ccc00000|100%| E|CS|TAMS 0x00000000ccb00000, 0x00000000ccb00000| Complete 
|  54|0x00000000ccc00000, 0x00000000ccd00000, 0x00000000ccd00000|100%| E|CS|TAMS 0x00000000ccc00000, 0x00000000ccc00000| Complete 
|  55|0x00000000ccd00000, 0x00000000cce00000, 0x00000000cce00000|100%| E|CS|TAMS 0x00000000ccd00000, 0x00000000ccd00000| Complete 

Card table byte_map: [0x000002a85e680000,0x000002a85e840000] _byte_map_base: 0x000002a85e035000

Marking Bits (Prev, Next): (CMBitMap*) 0x000002a84b3a9880, (CMBitMap*) 0x000002a84b3a9848
 Prev Bits: [0x000002a85f7b0000, 0x000002a860558000)
 Next Bits: [0x000002a85ea00000, 0x000002a85f7a8000)

Polling page: 0x000002a849b80000

Metaspace:

Usage:
  Non-class:     25.93 MB capacity,    25.48 MB ( 98%) used,   420.49 KB (  2%) free+waste,    41.25 KB ( <1%) overhead. 
      Class:      3.39 MB capacity,     3.16 MB ( 93%) used,   217.66 KB (  6%) free+waste,    18.13 KB ( <1%) overhead. 
       Both:     29.32 MB capacity,    28.63 MB ( 98%) used,   638.15 KB (  2%) free+waste,    59.38 KB ( <1%) overhead. 

Virtual space:
  Non-class space:       28.00 MB reserved,      26.17 MB ( 93%) committed 
      Class space:        1.00 GB reserved,       3.50 MB ( <1%) committed 
             Both:        1.03 GB reserved,      29.67 MB (  3%) committed 

Chunk freelists:
   Non-Class:  58.00 KB
       Class:  19.00 KB
        Both:  77.00 KB

MaxMetaspaceSize: 17179869184.00 GB
CompressedClassSpaceSize: 1.00 GB
Initial GC threshold: 20.80 MB
Current GC threshold: 35.08 MB
CDS: off

CodeHeap 'non-profiled nmethods': size=120064Kb used=658Kb max_used=658Kb free=119405Kb
 bounds [0x000002a856960000, 0x000002a856bd0000, 0x000002a85dea0000]
CodeHeap 'profiled nmethods': size=120000Kb used=3342Kb max_used=3342Kb free=116658Kb
 bounds [0x000002a84f430000, 0x000002a84f780000, 0x000002a856960000]
CodeHeap 'non-nmethods': size=5696Kb used=1241Kb max_used=1266Kb free=4454Kb
 bounds [0x000002a84eea0000, 0x000002a84f110000, 0x000002a84f430000]
 total_blobs=2275 nmethods=1749 adapters=439
 compilation: enabled
              stopped_count=0, restarted_count=0
 full_count=0

Compilation events (20 events):
Event: 6.474 Thread 0x000002a863381800 1755       3       java.util.regex.ASCII::isSpace (8 bytes)
Event: 6.474 Thread 0x000002a863381800 nmethod 1755 0x000002a84f76b310 code [0x000002a84f76b4e0, 0x000002a84f76b758]
Event: 6.474 Thread 0x000002a863381800 1752       3       java.util.regex.CharPredicates$$Lambda$16/0x00000001000a5840::is (5 bytes)
Event: 6.474 Thread 0x000002a863381800 nmethod 1752 0x000002a84f76b890 code [0x000002a84f76ba80, 0x000002a84f76be78]
Event: 6.474 Thread 0x000002a863381800 1759       3       java.lang.Character::isLowSurrogate (18 bytes)
Event: 6.474 Thread 0x000002a863381800 nmethod 1759 0x000002a84f76c010 code [0x000002a84f76c1c0, 0x000002a84f76c338]
Event: 6.474 Thread 0x000002a863381800 1760       3       java.lang.Character::codePointBefore (48 bytes)
Event: 6.475 Thread 0x000002a863381800 nmethod 1760 0x000002a84f76c410 code [0x000002a84f76c600, 0x000002a84f76cb98]
Event: 6.475 Thread 0x000002a863381800 1753       3       java.util.regex.Pattern$LastNode::match (45 bytes)
Event: 6.475 Thread 0x000002a863381800 nmethod 1753 0x000002a84f76cd10 code [0x000002a84f76cec0, 0x000002a84f76d0b8]
Event: 6.475 Thread 0x000002a863381800 1762       3       java.util.regex.Matcher::matches (10 bytes)
Event: 6.476 Thread 0x000002a863381800 nmethod 1762 0x000002a84f76d210 code [0x000002a84f76d3c0, 0x000002a84f76d508]
Event: 6.476 Thread 0x000002a863381800 1764       3       java.util.regex.Pattern$Begin::match (62 bytes)
Event: 6.476 Thread 0x000002a863381800 nmethod 1764 0x000002a84f76d590 code [0x000002a84f76d760, 0x000002a84f76da88]
Event: 6.476 Thread 0x000002a863381800 1765       3       java.util.regex.Pattern$Dollar::match (209 bytes)
Event: 6.477 Thread 0x000002a863381800 nmethod 1765 0x000002a84f76dc10 code [0x000002a84f76de80, 0x000002a84f76ea98]
Event: 6.477 Thread 0x000002a863381800 1766       3       com.android.ddmlib.PropertyFetcher::access$000 (4 bytes)
Event: 6.477 Thread 0x000002a863381800 nmethod 1766 0x000002a84f76ed10 code [0x000002a84f76eec0, 0x000002a84f76efb8]
Event: 6.478 Thread 0x000002a863381800 1767       3       java.lang.invoke.DirectMethodHandle::preparedLambdaForm (31 bytes)
Event: 6.478 Thread 0x000002a863381800 nmethod 1767 0x000002a84f76f090 code [0x000002a84f76f280, 0x000002a84f76f4a8]

GC Heap History (6 events):
Event: 2.095 GC heap before
{Heap before GC invocations=0 (full 0):
 garbage-first heap   total 57344K, used 17408K [0x00000000c9600000, 0x0000000100000000)
  region size 1024K, 14 young (14336K), 0 survivors (0K)
 Metaspace       used 12823K, capacity 13044K, committed 13184K, reserved 1060864K
  class space    used 1278K, capacity 1368K, committed 1408K, reserved 1048576K
}
Event: 2.102 GC heap after
{Heap after GC invocations=1 (full 0):
 garbage-first heap   total 57344K, used 4916K [0x00000000c9600000, 0x0000000100000000)
  region size 1024K, 2 young (2048K), 2 survivors (2048K)
 Metaspace       used 12823K, capacity 13044K, committed 13184K, reserved 1060864K
  class space    used 1278K, capacity 1368K, committed 1408K, reserved 1048576K
}
Event: 3.570 GC heap before
{Heap before GC invocations=1 (full 0):
 garbage-first heap   total 57344K, used 29492K [0x00000000c9600000, 0x0000000100000000)
  region size 1024K, 27 young (27648K), 2 survivors (2048K)
 Metaspace       used 20649K, capacity 21126K, committed 21296K, reserved 1069056K
  class space    used 2187K, capacity 2322K, committed 2432K, reserved 1048576K
}
Event: 3.584 GC heap after
{Heap after GC invocations=2 (full 0):
 garbage-first heap   total 57344K, used 8754K [0x00000000c9600000, 0x0000000100000000)
  region size 1024K, 5 young (5120K), 5 survivors (5120K)
 Metaspace       used 20649K, capacity 21126K, committed 21296K, reserved 1069056K
  class space    used 2187K, capacity 2322K, committed 2432K, reserved 1048576K
}
Event: 5.136 GC heap before
{Heap before GC invocations=3 (full 0):
 garbage-first heap   total 57344K, used 28210K [0x00000000c9600000, 0x0000000100000000)
  region size 1024K, 25 young (25600K), 5 survivors (5120K)
 Metaspace       used 25679K, capacity 26251K, committed 26416K, reserved 1073152K
  class space    used 2794K, capacity 2926K, committed 2944K, reserved 1048576K
}
Event: 5.153 GC heap after
{Heap after GC invocations=4 (full 0):
 garbage-first heap   total 57344K, used 10507K [0x00000000c9600000, 0x0000000100000000)
  region size 1024K, 2 young (2048K), 2 survivors (2048K)
 Metaspace       used 25679K, capacity 26251K, committed 26416K, reserved 1073152K
  class space    used 2794K, capacity 2926K, committed 2944K, reserved 1048576K
}

Deoptimization events (20 events):
Event: 4.788 Thread 0x000002a86502e800 DEOPT PACKING pc=0x000002a85699c5f4 sp=0x000000ca47dfece0
Event: 4.788 Thread 0x000002a86502e800 DEOPT UNPACKING pc=0x000002a84eeea1af sp=0x000000ca47dfec70 mode 2
Event: 4.825 Thread 0x000002a84b37c800 DEOPT PACKING pc=0x000002a84f5b3c4c sp=0x000000ca46afd5f0
Event: 4.825 Thread 0x000002a84b37c800 DEOPT UNPACKING pc=0x000002a84eeea95e sp=0x000000ca46afcb90 mode 0
Event: 4.831 Thread 0x000002a84b37c800 DEOPT PACKING pc=0x000002a84f5a4d5b sp=0x000000ca46afd6e0
Event: 4.831 Thread 0x000002a84b37c800 DEOPT UNPACKING pc=0x000002a84eeea95e sp=0x000000ca46afcb58 mode 0
Event: 4.853 Thread 0x000002a84b37c800 Uncommon trap: trap_request=0xffffff4d fr.pc=0x000002a8569c0298 relative=0x0000000000000378
Event: 4.853 Thread 0x000002a84b37c800 Uncommon trap: reason=unstable_if action=reinterpret pc=0x000002a8569c0298 method=java.io.ByteArrayInputStream.read([BII)I @ 35 c2
Event: 4.853 Thread 0x000002a84b37c800 DEOPT PACKING pc=0x000002a8569c0298 sp=0x000000ca46af40f0
Event: 4.853 Thread 0x000002a84b37c800 DEOPT UNPACKING pc=0x000002a84eeea1af sp=0x000000ca46af40b0 mode 2
Event: 5.290 Thread 0x000002a867a38800 DEOPT PACKING pc=0x000002a84f6da067 sp=0x000000ca480fdab0
Event: 5.290 Thread 0x000002a867a38800 DEOPT UNPACKING pc=0x000002a84eeea95e sp=0x000000ca480fcfd0 mode 0
Event: 5.347 Thread 0x000002a867a38800 Uncommon trap: trap_request=0xffffff4d fr.pc=0x000002a8569a086c relative=0x00000000000003ac
Event: 5.347 Thread 0x000002a867a38800 Uncommon trap: reason=unstable_if action=reinterpret pc=0x000002a8569a086c method=java.lang.StringLatin1.canEncode(I)Z @ 4 c2
Event: 5.347 Thread 0x000002a867a38800 DEOPT PACKING pc=0x000002a8569a086c sp=0x000000ca480fe630
Event: 5.347 Thread 0x000002a867a38800 DEOPT UNPACKING pc=0x000002a84eeea1af sp=0x000000ca480fe558 mode 2
Event: 5.347 Thread 0x000002a867a38800 Uncommon trap: trap_request=0xffffff4d fr.pc=0x000002a8569a11d4 relative=0x0000000000000394
Event: 5.347 Thread 0x000002a867a38800 Uncommon trap: reason=unstable_if action=reinterpret pc=0x000002a8569a11d4 method=java.lang.AbstractStringBuilder.isLatin1()Z @ 10 c2
Event: 5.347 Thread 0x000002a867a38800 DEOPT PACKING pc=0x000002a8569a11d4 sp=0x000000ca480fe630
Event: 5.348 Thread 0x000002a867a38800 DEOPT UNPACKING pc=0x000002a84eeea1af sp=0x000000ca480fe5c0 mode 2

Classes redefined (0 events):
No events

Internal exceptions (20 events):
Event: 3.389 Thread 0x000002a84b37c800 Exception <a 'java/lang/ClassNotFoundException'{0x00000000cb67e7e8}: org/eclipse/jetty/npn/NextProtoNego> (0x00000000cb67e7e8) thrown at [./src/hotspot/share/classfile/systemDictionary.cpp, line 231]
Event: 3.840 Thread 0x000002a84b37c800 Exception <a 'java/lang/NoSuchMethodError'{0x00000000ccce4f50}: 'java.lang.Object java.lang.invoke.DirectMethodHandle$Holder.invokeStatic(java.lang.Object, java.lang.Object, java.lang.Object, java.lang.Object, java.lang.Object, java.lang.Object, java.lang.Object, int)'> (0x00000000ccce4f50) thrown at [./src/hotspot/share/interpreter/linkResolver.cpp, line 773]
Event: 3.841 Thread 0x000002a84b37c800 Exception <a 'java/lang/NoSuchMethodError'{0x00000000ccce9388}: 'java.lang.Object java.lang.invoke.DirectMethodHandle$Holder.invokeSpecial(java.lang.Object, java.lang.Object, java.lang.Object, java.lang.Object, java.lang.Object, java.lang.Object, java.lang.Object, java.lang.Object, int)'> (0x00000000ccce9388) thrown at [./src/hotspot/share/interpreter/linkResolver.cpp, line 773]
Event: 4.709 Thread 0x000002a84b37c800 Exception <a 'sun/nio/fs/WindowsException'{0x00000000cc4ad638}> (0x00000000cc4ad638) thrown at [./src/hotspot/share/prims/jni.cpp, line 616]
Event: 4.710 Thread 0x000002a84b37c800 Exception <a 'sun/nio/fs/WindowsException'{0x00000000cc4adff0}> (0x00000000cc4adff0) thrown at [./src/hotspot/share/prims/jni.cpp, line 616]
Event: 4.712 Thread 0x000002a84b37c800 Exception <a 'sun/nio/fs/WindowsException'{0x00000000cc4b1b00}> (0x00000000cc4b1b00) thrown at [./src/hotspot/share/prims/jni.cpp, line 616]
Event: 4.713 Thread 0x000002a84b37c800 Exception <a 'sun/nio/fs/WindowsException'{0x00000000cc4b2458}> (0x00000000cc4b2458) thrown at [./src/hotspot/share/prims/jni.cpp, line 616]
Event: 4.717 Thread 0x000002a84b37c800 Exception <a 'sun/nio/fs/WindowsException'{0x00000000cc4d2708}> (0x00000000cc4d2708) thrown at [./src/hotspot/share/prims/jni.cpp, line 616]
Event: 4.718 Thread 0x000002a84b37c800 Exception <a 'sun/nio/fs/WindowsException'{0x00000000cc4d3060}> (0x00000000cc4d3060) thrown at [./src/hotspot/share/prims/jni.cpp, line 616]
Event: 5.365 Thread 0x000002a8678d1800 Exception <a 'java/lang/NoSuchMethodError'{0x00000000cc85a208}: 'void java.lang.invoke.DirectMethodHandle$Holder.invokeStatic(java.lang.Object, long)'> (0x00000000cc85a208) thrown at [./src/hotspot/share/interpreter/linkResolver.cpp, line 773]
Event: 5.366 Thread 0x000002a8678d1800 Exception <a 'java/lang/NoSuchMethodError'{0x00000000cc85f170}: 'java.lang.Object java.lang.invoke.DirectMethodHandle$Holder.invokeStatic(java.lang.Object, long)'> (0x00000000cc85f170) thrown at [./src/hotspot/share/interpreter/linkResolver.cpp, line 773]
Event: 5.371 Thread 0x000002a8678d1800 Exception <a 'java/lang/NoSuchMethodError'{0x00000000cc86d008}: 'java.lang.Object java.lang.invoke.DirectMethodHandle$Holder.invokeStaticInit(java.lang.Object, java.lang.Object, long, java.lang.Object)'> (0x00000000cc86d008) thrown at [./src/hotspot/share/interpreter/linkResolver.cpp, line 773]
Event: 5.372 Thread 0x000002a8678d1800 Exception <a 'java/lang/NoSuchMethodError'{0x00000000cc872c50}: 'java.lang.Object java.lang.invoke.DirectMethodHandle$Holder.invokeStatic(java.lang.Object, java.lang.Object, long)'> (0x00000000cc872c50) thrown at [./src/hotspot/share/interpreter/linkResolver.cpp, line 773]
Event: 5.372 Thread 0x000002a8678d1800 Exception <a 'java/lang/NoSuchMethodError'{0x00000000cc878c78}: 'java.lang.Object java.lang.invoke.Invokers$Holder.linkToTargetMethod(java.lang.Object, long, java.lang.Object)'> (0x00000000cc878c78) thrown at [./src/hotspot/share/interpreter/linkResolver.cpp, line 773]
Event: 5.710 Thread 0x000002a84b37c800 Exception <a 'java/lang/NoSuchMethodError'{0x00000000cc636bb0}: 'java.lang.Object java.lang.invoke.DirectMethodHandle$Holder.invokeInterface(java.lang.Object, java.lang.Object, java.lang.Object, java.lang.Object)'> (0x00000000cc636bb0) thrown at [./src/hotspot/share/interpreter/linkResolver.cpp, line 773]
Event: 6.073 Thread 0x000002a84b37c800 Exception <a 'java/lang/NoSuchMethodError'{0x00000000cc676728}: 'void java.lang.invoke.DirectMethodHandle$Holder.invokeSpecial(java.lang.Object, java.lang.Object)'> (0x00000000cc676728) thrown at [./src/hotspot/share/interpreter/linkResolver.cpp, line 773]
Event: 6.078 Thread 0x000002a84b37c800 Exception <a 'java/net/BindException'{0x00000000cc685e28}: Address already in use: bind> (0x00000000cc685e28) thrown at [./src/hotspot/share/prims/jni.cpp, line 637]
Event: 6.231 Thread 0x000002a84b37c800 Exception <a 'java/lang/NoSuchMethodError'{0x00000000cc45c310}: 'long java.lang.invoke.DirectMethodHandle$Holder.invokeSpecial(java.lang.Object, java.lang.Object)'> (0x00000000cc45c310) thrown at [./src/hotspot/share/interpreter/linkResolver.cpp, line 773]
Event: 6.274 Thread 0x000002a84b37c800 Exception <a 'java/lang/NoSuchMethodError'{0x00000000cc310ad8}: 'java.lang.Object java.lang.invoke.Invokers$Holder.invoke_MT(java.lang.Object, java.lang.Object, java.lang.Object)'> (0x00000000cc310ad8) thrown at [./src/hotspot/share/interpreter/linkResolver.cpp, line 773]
Event: 6.281 Thread 0x000002a84b37c800 Exception <a 'java/lang/NoSuchMethodError'{0x00000000cc323c18}: 'long java.lang.invoke.DelegatingMethodHandle$Holder.reinvoke_L(java.lang.Object, java.lang.Object)'> (0x00000000cc323c18) thrown at [./src/hotspot/share/interpreter/linkResolver.cpp, line 773]

Events (20 events):
Event: 6.476 loading class com/android/sdklib/AndroidVersion
Event: 6.476 loading class com/android/sdklib/AndroidVersion done
Event: 6.476 loading class java/util/IdentityHashMap$KeyIterator done
Event: 6.476 Executing VM operation: RevokeBias
Event: 6.476 Executing VM operation: RevokeBias done
Event: 6.476 Thread 0x000002a8657a6000 Thread exited: 0x000002a8657a6000
Event: 6.478 loading class com/google/protobuf/GeneratedMessage$FieldAccessorTable$RepeatedMessageFieldAccessor
Event: 6.478 loading class com/google/protobuf/GeneratedMessage$FieldAccessorTable$RepeatedMessageFieldAccessor done
Event: 6.479 Executing VM operation: RevokeBias
Event: 6.482 Executing VM operation: RevokeBias done
Event: 6.482 loading class com/google/protobuf/GeneratedMessage$FieldAccessorTable$RepeatedFieldAccessor
Event: 6.482 loading class com/google/protobuf/GeneratedMessage$FieldAccessorTable$RepeatedFieldAccessor done
Event: 6.482 Executing VM operation: RevokeBias
Event: 6.482 Executing VM operation: RevokeBias done
Event: 6.483 loading class com/android/sdklib/AndroidVersion$AndroidVersionException
Event: 6.483 loading class com/android/sdklib/AndroidVersion$AndroidVersionException done
Event: 6.488 loading class com/google/protobuf/GeneratedMessage$FieldAccessorTable$RepeatedFieldAccessor$MethodInvoker
Event: 6.488 loading class com/google/protobuf/GeneratedMessage$FieldAccessorTable$RepeatedFieldAccessor$MethodInvoker done
Event: 6.488 loading class com/google/protobuf/GeneratedMessage$FieldAccessorTable$RepeatedFieldAccessor$ReflectionInvoker
Event: 6.488 loading class com/google/protobuf/GeneratedMessage$FieldAccessorTable$RepeatedFieldAccessor$ReflectionInvoker done


Dynamic libraries:
0x00007ff709ba0000 - 0x00007ff709baa000 	C:\Program Files\Android\Android Studio\jre\bin\java.exe
0x00007ff8ceb70000 - 0x00007ff8ced68000 	C:\WINDOWS\SYSTEM32\ntdll.dll
0x00007ff8cde80000 - 0x00007ff8cdf3d000 	C:\WINDOWS\System32\KERNEL32.DLL
0x00007ff8cc710000 - 0x00007ff8cca06000 	C:\WINDOWS\System32\KERNELBASE.dll
0x00007ff8cc450000 - 0x00007ff8cc550000 	C:\WINDOWS\System32\ucrtbase.dll
0x00007ff8bb080000 - 0x00007ff8bb097000 	C:\Program Files\Android\Android Studio\jre\bin\VCRUNTIME140.dll
0x00007ff8c5f20000 - 0x00007ff8c5f39000 	C:\Program Files\Android\Android Studio\jre\bin\jli.dll
0x00007ff8ce520000 - 0x00007ff8ce6be000 	C:\WINDOWS\System32\USER32.dll
0x00007ff8cc550000 - 0x00007ff8cc572000 	C:\WINDOWS\System32\win32u.dll
0x00007ff8ce270000 - 0x00007ff8ce29c000 	C:\WINDOWS\System32\GDI32.dll
0x00007ff8b4dd0000 - 0x00007ff8b506a000 	C:\WINDOWS\WinSxS\amd64_microsoft.windows.common-controls_6595b64144ccf1df_6.0.19041.3636_none_60b6a03d71f818d5\COMCTL32.dll
0x00007ff8ccca0000 - 0x00007ff8ccd3e000 	C:\WINDOWS\System32\msvcrt.dll
0x00007ff8cc250000 - 0x00007ff8cc36a000 	C:\WINDOWS\System32\gdi32full.dll
0x00007ff8cca10000 - 0x00007ff8ccaad000 	C:\WINDOWS\System32\msvcp_win.dll
0x00007ff8cdf40000 - 0x00007ff8cdf70000 	C:\WINDOWS\System32\IMM32.DLL
0x00007ff88aaf0000 - 0x00007ff88ab8d000 	C:\Program Files\Android\Android Studio\jre\bin\msvcp140.dll
0x00007ff80e450000 - 0x00007ff80ef52000 	C:\Program Files\Android\Android Studio\jre\bin\server\jvm.dll
0x00007ff8ce0f0000 - 0x00007ff8ce19f000 	C:\WINDOWS\System32\ADVAPI32.dll
0x00007ff8ce3d0000 - 0x00007ff8ce46c000 	C:\WINDOWS\System32\sechost.dll
0x00007ff8ce2a0000 - 0x00007ff8ce3c6000 	C:\WINDOWS\System32\RPCRT4.dll
0x00007ff8cddc0000 - 0x00007ff8cddc8000 	C:\WINDOWS\System32\PSAPI.DLL
0x00007ff8a2610000 - 0x00007ff8a2619000 	C:\WINDOWS\SYSTEM32\WSOCK32.dll
0x00007ff8ce200000 - 0x00007ff8ce26b000 	C:\WINDOWS\System32\WS2_32.dll
0x00007ff8c3ce0000 - 0x00007ff8c3cea000 	C:\WINDOWS\SYSTEM32\VERSION.dll
0x00007ff8c3cb0000 - 0x00007ff8c3cd7000 	C:\WINDOWS\SYSTEM32\WINMM.dll
0x00007ff8ca110000 - 0x00007ff8ca122000 	C:\WINDOWS\SYSTEM32\kernel.appcore.dll
0x00007ff84c670000 - 0x00007ff84c681000 	C:\Program Files\Android\Android Studio\jre\bin\verify.dll
0x00007ff8b5f80000 - 0x00007ff8b6164000 	C:\WINDOWS\SYSTEM32\DBGHELP.DLL
0x00007ff8b5f40000 - 0x00007ff8b5f74000 	C:\WINDOWS\SYSTEM32\dbgcore.DLL
0x00007ff8cc3c0000 - 0x00007ff8cc442000 	C:\WINDOWS\System32\bcryptPrimitives.dll
0x00007ff84c640000 - 0x00007ff84c669000 	C:\Program Files\Android\Android Studio\jre\bin\java.dll
0x00007ff8a0d90000 - 0x00007ff8a0d9b000 	C:\Program Files\Android\Android Studio\jre\bin\jimage.dll
0x00007ff84c620000 - 0x00007ff84c638000 	C:\Program Files\Android\Android Studio\jre\bin\zip.dll
0x00007ff8cd310000 - 0x00007ff8cda54000 	C:\WINDOWS\System32\SHELL32.dll
0x00007ff8ca310000 - 0x00007ff8caaab000 	C:\WINDOWS\SYSTEM32\windows.storage.dll
0x00007ff8cce90000 - 0x00007ff8cd1e4000 	C:\WINDOWS\System32\combase.dll
0x00007ff8cbbc0000 - 0x00007ff8cbbed000 	C:\WINDOWS\SYSTEM32\Wldp.dll
0x00007ff8ce040000 - 0x00007ff8ce0ed000 	C:\WINDOWS\System32\SHCORE.dll
0x00007ff8ce1a0000 - 0x00007ff8ce1f5000 	C:\WINDOWS\System32\shlwapi.dll
0x00007ff8cc180000 - 0x00007ff8cc1a5000 	C:\WINDOWS\SYSTEM32\profapi.dll
0x00007ff84c600000 - 0x00007ff84c61a000 	C:\Program Files\Android\Android Studio\jre\bin\net.dll
0x00007ff8c2320000 - 0x00007ff8c242a000 	C:\WINDOWS\SYSTEM32\WINHTTP.dll
0x00007ff8cb920000 - 0x00007ff8cb98a000 	C:\WINDOWS\system32\mswsock.dll
0x00007ff84c5e0000 - 0x00007ff84c5f4000 	C:\Program Files\Android\Android Studio\jre\bin\nio.dll
0x00007ff89be80000 - 0x00007ff89be8a000 	C:\Program Files\Android\Android Studio\jre\bin\management.dll
0x00007ff899870000 - 0x00007ff89987d000 	C:\Program Files\Android\Android Studio\jre\bin\management_ext.dll
0x00007ff8cbb10000 - 0x00007ff8cbb28000 	C:\WINDOWS\SYSTEM32\CRYPTSP.dll
0x00007ff8cb250000 - 0x00007ff8cb284000 	C:\WINDOWS\system32\rsaenh.dll
0x00007ff8cc580000 - 0x00007ff8cc5a7000 	C:\WINDOWS\System32\bcrypt.dll
0x00007ff8cc100000 - 0x00007ff8cc12e000 	C:\WINDOWS\SYSTEM32\USERENV.dll
0x00007ff8cbb30000 - 0x00007ff8cbb3c000 	C:\WINDOWS\SYSTEM32\CRYPTBASE.dll
0x00007ff8cb610000 - 0x00007ff8cb64b000 	C:\WINDOWS\SYSTEM32\IPHLPAPI.DLL
0x00007ff8ccc30000 - 0x00007ff8ccc38000 	C:\WINDOWS\System32\NSI.dll
0x00007ff8c2a50000 - 0x00007ff8c2a67000 	C:\WINDOWS\SYSTEM32\dhcpcsvc6.DLL
0x00007ff8c1510000 - 0x00007ff8c152d000 	C:\WINDOWS\SYSTEM32\dhcpcsvc.DLL
0x00007ff8cb650000 - 0x00007ff8cb71a000 	C:\WINDOWS\SYSTEM32\DNSAPI.dll
0x00007ff80e070000 - 0x00007ff80e097000 	C:\Program Files\Android\Android Studio\jre\bin\sunec.dll
0x00007ff8b8030000 - 0x00007ff8b803a000 	C:\Windows\System32\rasadhlp.dll
0x00007ff8b8290000 - 0x00007ff8b8310000 	C:\WINDOWS\System32\fwpuclnt.dll
0x00007ff89c730000 - 0x00007ff89c747000 	C:\WINDOWS\system32\napinsp.dll
0x00007ff89c710000 - 0x00007ff89c72b000 	C:\WINDOWS\system32\pnrpnsp.dll
0x00007ff8a4360000 - 0x00007ff8a4375000 	C:\WINDOWS\system32\wshbth.dll
0x00007ff8c7bf0000 - 0x00007ff8c7c0d000 	C:\WINDOWS\system32\NLAapi.dll
0x00007ff89c670000 - 0x00007ff89c682000 	C:\WINDOWS\System32\winrnr.dll

dbghelp: loaded successfully - version: 4.0.5 - missing functions: none
symbol engine: initialized successfully - sym options: 0x614 - pdb path: .;C:\Program Files\Android\Android Studio\jre\bin;C:\WINDOWS\SYSTEM32;C:\WINDOWS\WinSxS\amd64_microsoft.windows.common-controls_6595b64144ccf1df_6.0.19041.3636_none_60b6a03d71f818d5;C:\Program Files\Android\Android Studio\jre\bin\server

VM Arguments:
jvm_args: -Djava.awt.headless=true -Djava.util.logging.config.file=C:\Users\giorg\.android\utp\logging6541407063859964472properties -Dfile.encoding=windows-1251 -Duser.country=GB -Duser.language=en -Duser.variant 
java_command: com.google.testing.platform.launcher.Launcher C:\Users\giorg\.gradle\caches\modules-2\files-2.1\com.google.testing.platform\core\0.0.8-alpha07\185ff5f0c2380a7a283320bc5ec9130dbcbbb030\core-0.0.8-alpha07.jar --proto_config=C:\Users\giorg\.android\utp\runnerConfig5376879720216919887.pb --proto_server_config=C:\Users\giorg\.android\utp\serverConfig9879455255966362321.pb
java_class_path (initial): C:\Users\giorg\.gradle\caches\modules-2\files-2.1\com.google.testing.platform\launcher\0.0.8-alpha07\47d15094202612b26f5a07fbfbe17ff8900a58c4\launcher-0.0.8-alpha07.jar
Launcher Type: SUN_STANDARD

[Global flags]
     intx CICompilerCount                          = 3                                         {product} {ergonomic}
     uint ConcGCThreads                            = 1                                         {product} {ergonomic}
     uint G1ConcRefinementThreads                  = 4                                         {product} {ergonomic}
   size_t G1HeapRegionSize                         = 1048576                                   {product} {ergonomic}
    uintx GCDrainStackTargetSize                   = 64                                        {product} {ergonomic}
   size_t InitialHeapSize                          = 58720256                                  {product} {ergonomic}
   size_t MarkStackSize                            = 4194304                                   {product} {ergonomic}
   size_t MaxHeapSize                              = 916455424                                 {product} {ergonomic}
   size_t MaxNewSize                               = 549453824                                 {product} {ergonomic}
   size_t MinHeapDeltaBytes                        = 1048576                                   {product} {ergonomic}
    uintx NonNMethodCodeHeapSize                   = 5830732                                {pd product} {ergonomic}
    uintx NonProfiledCodeHeapSize                  = 122913754                              {pd product} {ergonomic}
    uintx ProfiledCodeHeapSize                     = 122913754                              {pd product} {ergonomic}
    uintx ReservedCodeCacheSize                    = 251658240                              {pd product} {ergonomic}
     bool SegmentedCodeCache                       = true                                      {product} {ergonomic}
     bool UseCompressedClassPointers               = true                                 {lp64_product} {ergonomic}
     bool UseCompressedOops                        = true                                 {lp64_product} {ergonomic}
     bool UseG1GC                                  = true                                      {product} {ergonomic}
     bool UseLargePagesIndividualAllocation        = false                                  {pd product} {ergonomic}

Logging:
Log output configuration:
 #0: stdout all=warning uptime,level,tags
 #1: stderr all=off uptime,level,tags

Environment Variables:
JAVA_HOME=C:\Program Files\Java\jdk-19
CLASSPATH=,
PATH=C:\Program Files\Common Files\Oracle\Java\javapath;C:\WINDOWS\system32;C:\WINDOWS;C:\WINDOWS\System32\Wbem;C:\WINDOWS\System32\WindowsPowerShell\v1.0\;C:\WINDOWS\System32\OpenSSH\;C:\Program Files\Git\cmd;C:\Program Files (x86)\Microsoft SQL Server\160\Tools\Binn\;C:\Program Files\Microsoft SQL Server\160\Tools\Binn\;C:\Program Files\Microsoft SQL Server\Client SDK\ODBC\170\Tools\Binn\;C:\Program Files\Microsoft SQL Server\160\DTS\Binn\;C:\Program Files (x86)\Microsoft SQL Server\160\DTS\Binn\;C:\Program Files\Azure Data Studio\bin;C:\Program Files\Maven\apache-maven-3.9.5\bin;C:\Users\giorg\scoop\shims;C:\Users\giorg\AppData\Local\Programs\Python\Python310\Scripts\;C:\Users\giorg\AppData\Local\Programs\Python\Python310\;C:\Users\giorg\AppData\Local\Microsoft\WindowsApps;C:\Program Files\Java\jdk-19\BIN;C:\ProgramData\giorg\GitHubDesktop\bin;C:\Users\giorg\AppData\Local\GitHubDesktop\bin;C:\Users\giorg\AppData\Local\Programs\Microsoft VS Code\bin;C:\Program Files\Azure Data Studio\bin
USERNAME=giorg
OS=Windows_NT
PROCESSOR_IDENTIFIER=AMD64 Family 23 Model 17 Stepping 0, AuthenticAMD



---------------  S Y S T E M  ---------------

OS: Windows 10 , 64 bit Build 19041 (10.0.19041.3636)
OS uptime: 8 days 4:12 hours

CPU:total 4 (initial active 4) (4 cores per cpu, 2 threads per core) family 23 model 17 stepping 0 microcode 0x0, cmov, cx8, fxsr, mmx, sse, sse2, sse3, ssse3, sse4.1, sse4.2, popcnt, avx, avx2, aes, clmul, mmxext, 3dnowpref, lzcnt, sse4a, ht, tsc, tscinvbit, tscinv, bmi1, bmi2, adx, sha, fma

Memory: 4k page, system-wide physical 3491M (235M free)
TotalPageFile size 14243M (AvailPageFile size 3M)
current process WorkingSet (physical memory assigned to process): 134M, peak: 143M
current process commit charge ("private bytes"): 179M, peak: 188M

vm_info: OpenJDK 64-Bit Server VM (11.0.13+0-b1751.21-8125866) for windows-amd64 JRE (11.0.13+0-b1751.21-8125866), built on Feb  2 2022 03:00:22 by "builder" with MS VC++ 14.0 (VS2015)

END.
