#
# There is insufficient memory for the Java Runtime Environment to continue.
# Native memory allocation (malloc) failed to allocate 1860976 bytes for Chunk::new
# Possible reasons:
#   The system is out of physical RAM or swap space
#   The process is running with CompressedOops enabled, and the Java Heap may be blocking the growth of the native heap
# Possible solutions:
#   Reduce memory load on the system
#   Increase physical memory or swap space
#   Check if swap backing store is full
#   Decrease Java heap size (-Xmx/-Xms)
#   Decrease number of Java threads
#   Decrease Java thread stack sizes (-Xss)
#   Set larger code cache with -XX:ReservedCodeCacheSize=
#   JVM is running with Unscaled Compressed Oops mode in which the Java heap is
#     placed in the first 4GB address space. The Java Heap base address is the
#     maximum limit for the native heap growth. Please use -XX:HeapBaseMinAddress
#     to set the Java Heap base and to place the Java Heap above 4GB virtual address.
# This output file may be truncated or incomplete.
#
#  Out of Memory Error (./src/hotspot/share/memory/arena.cpp:197), pid=380, tid=12452
#
# JRE version: OpenJDK Runtime Environment (11.0.13) (build 11.0.13+0-b1751.21-8125866)
# Java VM: OpenJDK 64-Bit Server VM (11.0.13+0-b1751.21-8125866, mixed mode, tiered, compressed oops, g1 gc, windows-amd64)
# No core dump will be written. Minidumps are not enabled by default on client versions of Windows
#

---------------  S U M M A R Y ------------

Command Line: -Djava.awt.headless=true -Djava.util.logging.config.file=C:\Users\giorg\.android\utp\logging18146316153077335943properties -Dfile.encoding=windows-1251 -Duser.country=GB -Duser.language=en -Duser.variant com.google.testing.platform.launcher.Launcher C:\Users\giorg\.gradle\caches\modules-2\files-2.1\com.google.testing.platform\core\0.0.8-alpha07\185ff5f0c2380a7a283320bc5ec9130dbcbbb030\core-0.0.8-alpha07.jar --proto_config=C:\Users\giorg\.android\utp\runnerConfig6982612267502741106.pb --proto_server_config=C:\Users\giorg\.android\utp\serverConfig3418575625177763602.pb

Host: AMD Ryzen 3 2200U with Radeon Vega Mobile Gfx  , 4 cores, 3G,  Windows 10 , 64 bit Build 19041 (10.0.19041.3636)
Time: Sat Dec  9 02:19:32 2023 Georgian Standard Time elapsed time: 8.595760 seconds (0d 0h 0m 8s)

---------------  T H R E A D  ---------------

Current thread (0x000002323284c800):  JavaThread "C2 CompilerThread0" daemon [_thread_in_native, id=12452, stack(0x000000e0cd200000,0x000000e0cd300000)]


Current CompileTask:
C2:   8595 1736   !   4       jdk.internal.loader.BuiltinClassLoader::loadClassOrNull (143 bytes)

Stack: [0x000000e0cd200000,0x000000e0cd300000]
Native frames: (J=compiled Java code, j=interpreted, Vv=VM code, C=native code)
V  [jvm.dll+0x6100fa]
V  [jvm.dll+0x747090]
V  [jvm.dll+0x7486ad]
V  [jvm.dll+0x748d83]
V  [jvm.dll+0x24ab48]
V  [jvm.dll+0xc04dc]
V  [jvm.dll+0xc0a0c]
V  [jvm.dll+0x35eb5b]
V  [jvm.dll+0x32b833]
V  [jvm.dll+0x32ad2a]
V  [jvm.dll+0x2032b2]
V  [jvm.dll+0x202437]
V  [jvm.dll+0x188e01]
V  [jvm.dll+0x21106b]
V  [jvm.dll+0x20f8c1]
V  [jvm.dll+0x70de0f]
V  [jvm.dll+0x706a75]
V  [jvm.dll+0x60ed66]
C  [ucrtbase.dll+0x21bb2]
C  [KERNEL32.DLL+0x17344]
C  [ntdll.dll+0x526b1]


---------------  P R O C E S S  ---------------

Threads class SMR info:
_java_thread_list=0x0000023234a9b600, length=18, elements={
0x000002321a86c800, 0x00000232327e1800, 0x00000232327e5000, 0x0000023232844000,
0x0000023232845000, 0x0000023232846800, 0x000002323284c800, 0x000002323284e800,
0x000002323288e000, 0x0000023232adf800, 0x0000023232cfe800, 0x00000232344be800,
0x00000232344c1800, 0x00000232348e0800, 0x000002323499c000, 0x0000023234ab0800,
0x0000023234ab2800, 0x0000023234ab3000
}

Java Threads: ( => current thread )
  0x000002321a86c800 JavaThread "main" [_thread_blocked, id=11488, stack(0x000000e0cc600000,0x000000e0cc700000)]
  0x00000232327e1800 JavaThread "Reference Handler" daemon [_thread_blocked, id=20360, stack(0x000000e0ccd00000,0x000000e0cce00000)]
  0x00000232327e5000 JavaThread "Finalizer" daemon [_thread_blocked, id=6616, stack(0x000000e0cce00000,0x000000e0ccf00000)]
  0x0000023232844000 JavaThread "Signal Dispatcher" daemon [_thread_blocked, id=21328, stack(0x000000e0ccf00000,0x000000e0cd000000)]
  0x0000023232845000 JavaThread "Attach Listener" daemon [_thread_blocked, id=20736, stack(0x000000e0cd000000,0x000000e0cd100000)]
  0x0000023232846800 JavaThread "Service Thread" daemon [_thread_blocked, id=6200, stack(0x000000e0cd100000,0x000000e0cd200000)]
=>0x000002323284c800 JavaThread "C2 CompilerThread0" daemon [_thread_in_native, id=12452, stack(0x000000e0cd200000,0x000000e0cd300000)]
  0x000002323284e800 JavaThread "C1 CompilerThread0" daemon [_thread_blocked, id=6356, stack(0x000000e0cd300000,0x000000e0cd400000)]
  0x000002323288e000 JavaThread "Sweeper thread" daemon [_thread_blocked, id=6980, stack(0x000000e0cd400000,0x000000e0cd500000)]
  0x0000023232adf800 JavaThread "Common-Cleaner" daemon [_thread_blocked, id=19000, stack(0x000000e0cd600000,0x000000e0cd700000)]
  0x0000023232cfe800 JavaThread "grpc-nio-worker-ELG-4-1" daemon [_thread_in_native, id=13556, stack(0x000000e0cd800000,0x000000e0cd900000)]
  0x00000232344be800 JavaThread "grpc-default-executor-0" daemon [_thread_in_native, id=11324, stack(0x000000e0cd900000,0x000000e0cda00000)]
  0x00000232344c1800 JavaThread "grpc-default-executor-1" daemon [_thread_blocked, id=8640, stack(0x000000e0cda00000,0x000000e0cdb00000)]
  0x00000232348e0800 JavaThread "grpc-default-executor-2" daemon [_thread_blocked, id=14556, stack(0x000000e0cdb00000,0x000000e0cdc00000)]
  0x000002323499c000 JavaThread "Monitor" [_thread_in_native, id=17632, stack(0x000000e0cdc00000,0x000000e0cdd00000)]
  0x0000023234ab0800 JavaThread "JdwpProxyConnection" [_thread_in_native, id=16912, stack(0x000000e0cdd00000,0x000000e0cde00000)]
  0x0000023234ab2800 JavaThread "Device Client Monitor" [_thread_in_native, id=13128, stack(0x000000e0cde00000,0x000000e0cdf00000)]
  0x0000023234ab3000 JavaThread "Device List Monitor" [_thread_in_native, id=13896, stack(0x000000e0cdf00000,0x000000e0ce000000)]

Other Threads:
  0x00000232327bb800 VMThread "VM Thread" [stack: 0x000000e0ccc00000,0x000000e0ccd00000] [id=12532]
  0x0000023232ad6800 WatcherThread [stack: 0x000000e0cd500000,0x000000e0cd600000] [id=19520]
  0x000002321a884800 GCTaskThread "GC Thread#0" [stack: 0x000000e0cc700000,0x000000e0cc800000] [id=14052]
  0x0000023232f76800 GCTaskThread "GC Thread#1" [stack: 0x000000e0cd700000,0x000000e0cd800000] [id=10896]
  0x000002321a89d800 ConcurrentGCThread "G1 Main Marker" [stack: 0x000000e0cc800000,0x000000e0cc900000] [id=16072]
  0x000002321a8a0000 ConcurrentGCThread "G1 Conc#0" [stack: 0x000000e0cc900000,0x000000e0cca00000] [id=18060]
  0x000002321a8e5800 ConcurrentGCThread "G1 Refine#0" [stack: 0x000000e0cca00000,0x000000e0ccb00000] [id=3524]
  0x000002321a8e6800 ConcurrentGCThread "G1 Young RemSet Sampling" [stack: 0x000000e0ccb00000,0x000000e0ccc00000] [id=928]

Threads with active compile tasks:
C2 CompilerThread0   8639 1736   !   4       jdk.internal.loader.BuiltinClassLoader::loadClassOrNull (143 bytes)

VM state:not at safepoint (normal execution)

VM Mutex/Monitor currently owned by a thread: None

Heap address: 0x00000000c9600000, size: 874 MB, Compressed Oops mode: 32-bit
Narrow klass base: 0x0000000000000000, Narrow klass shift: 3
Compressed class space size: 1073741824 Address: 0x0000000100000000

Heap:
 garbage-first heap   total 57344K, used 17873K [0x00000000c9600000, 0x0000000100000000)
  region size 1024K, 10 young (10240K), 2 survivors (2048K)
 Metaspace       used 28899K, capacity 29662K, committed 29824K, reserved 1075200K
  class space    used 3174K, capacity 3431K, committed 3456K, reserved 1048576K
Heap Regions: E=young(eden), S=young(survivor), O=old, HS=humongous(starts), HC=humongous(continues), CS=collection set, F=free, A=archive, TAMS=top-at-mark-start (previous, next)
|   0|0x00000000c9600000, 0x00000000c9700000, 0x00000000c9700000|100%|HS|  |TAMS 0x00000000c9700000, 0x00000000c9600000| Complete 
|   1|0x00000000c9700000, 0x00000000c9800000, 0x00000000c9800000|100%|HS|  |TAMS 0x00000000c9800000, 0x00000000c9700000| Complete 
|   2|0x00000000c9800000, 0x00000000c9900000, 0x00000000c9900000|100%|HC|  |TAMS 0x00000000c9900000, 0x00000000c9800000| Complete 
|   3|0x00000000c9900000, 0x00000000c9a00000, 0x00000000c9a00000|100%| O|  |TAMS 0x00000000c9900000, 0x00000000c9900000| Untracked 
|   4|0x00000000c9a00000, 0x00000000c9b00000, 0x00000000c9b00000|100%| O|  |TAMS 0x00000000c9a76000, 0x00000000c9a00000| Untracked 
|   5|0x00000000c9b00000, 0x00000000c9c00000, 0x00000000c9c00000|100%| O|  |TAMS 0x00000000c9b00000, 0x00000000c9b00000| Untracked 
|   6|0x00000000c9c00000, 0x00000000c9d00000, 0x00000000c9d00000|100%| O|  |TAMS 0x00000000c9c00000, 0x00000000c9c00000| Untracked 
|   7|0x00000000c9d00000, 0x00000000c9e00000, 0x00000000c9e00000|100%| O|  |TAMS 0x00000000c9d00000, 0x00000000c9d00000| Untracked 
|   8|0x00000000c9e00000, 0x00000000c9e74600, 0x00000000c9f00000| 45%| O|  |TAMS 0x00000000c9e00000, 0x00000000c9e00000| Untracked 
|   9|0x00000000c9f00000, 0x00000000c9f00000, 0x00000000ca000000|  0%| F|  |TAMS 0x00000000c9f00000, 0x00000000c9f00000| Untracked 
|  10|0x00000000ca000000, 0x00000000ca000000, 0x00000000ca100000|  0%| F|  |TAMS 0x00000000ca000000, 0x00000000ca000000| Untracked 
|  11|0x00000000ca100000, 0x00000000ca100000, 0x00000000ca200000|  0%| F|  |TAMS 0x00000000ca100000, 0x00000000ca100000| Untracked 
|  12|0x00000000ca200000, 0x00000000ca200000, 0x00000000ca300000|  0%| F|  |TAMS 0x00000000ca200000, 0x00000000ca200000| Untracked 
|  13|0x00000000ca300000, 0x00000000ca300000, 0x00000000ca400000|  0%| F|  |TAMS 0x00000000ca300000, 0x00000000ca300000| Untracked 
|  14|0x00000000ca400000, 0x00000000ca400000, 0x00000000ca500000|  0%| F|  |TAMS 0x00000000ca400000, 0x00000000ca400000| Untracked 
|  15|0x00000000ca500000, 0x00000000ca500000, 0x00000000ca600000|  0%| F|  |TAMS 0x00000000ca500000, 0x00000000ca500000| Untracked 
|  16|0x00000000ca600000, 0x00000000ca600000, 0x00000000ca700000|  0%| F|  |TAMS 0x00000000ca600000, 0x00000000ca600000| Untracked 
|  17|0x00000000ca700000, 0x00000000ca700000, 0x00000000ca800000|  0%| F|  |TAMS 0x00000000ca700000, 0x00000000ca700000| Untracked 
|  18|0x00000000ca800000, 0x00000000ca800000, 0x00000000ca900000|  0%| F|  |TAMS 0x00000000ca800000, 0x00000000ca800000| Untracked 
|  19|0x00000000ca900000, 0x00000000ca900000, 0x00000000caa00000|  0%| F|  |TAMS 0x00000000ca900000, 0x00000000ca900000| Untracked 
|  20|0x00000000caa00000, 0x00000000caa00000, 0x00000000cab00000|  0%| F|  |TAMS 0x00000000caa00000, 0x00000000caa00000| Untracked 
|  21|0x00000000cab00000, 0x00000000cab00000, 0x00000000cac00000|  0%| F|  |TAMS 0x00000000cab00000, 0x00000000cab00000| Untracked 
|  22|0x00000000cac00000, 0x00000000cac00000, 0x00000000cad00000|  0%| F|  |TAMS 0x00000000cac00000, 0x00000000cac00000| Untracked 
|  23|0x00000000cad00000, 0x00000000cad00000, 0x00000000cae00000|  0%| F|  |TAMS 0x00000000cad00000, 0x00000000cad00000| Untracked 
|  24|0x00000000cae00000, 0x00000000cae00000, 0x00000000caf00000|  0%| F|  |TAMS 0x00000000cae00000, 0x00000000cae00000| Untracked 
|  25|0x00000000caf00000, 0x00000000caf00000, 0x00000000cb000000|  0%| F|  |TAMS 0x00000000caf00000, 0x00000000caf00000| Untracked 
|  26|0x00000000cb000000, 0x00000000cb000000, 0x00000000cb100000|  0%| F|  |TAMS 0x00000000cb000000, 0x00000000cb000000| Untracked 
|  27|0x00000000cb100000, 0x00000000cb100000, 0x00000000cb200000|  0%| F|  |TAMS 0x00000000cb100000, 0x00000000cb100000| Untracked 
|  28|0x00000000cb200000, 0x00000000cb200000, 0x00000000cb300000|  0%| F|  |TAMS 0x00000000cb200000, 0x00000000cb200000| Untracked 
|  29|0x00000000cb300000, 0x00000000cb300000, 0x00000000cb400000|  0%| F|  |TAMS 0x00000000cb300000, 0x00000000cb300000| Untracked 
|  30|0x00000000cb400000, 0x00000000cb500000, 0x00000000cb500000|100%| S|CS|TAMS 0x00000000cb400000, 0x00000000cb400000| Complete 
|  31|0x00000000cb500000, 0x00000000cb600000, 0x00000000cb600000|100%| S|CS|TAMS 0x00000000cb500000, 0x00000000cb500000| Complete 
|  32|0x00000000cb600000, 0x00000000cb600000, 0x00000000cb700000|  0%| F|  |TAMS 0x00000000cb600000, 0x00000000cb600000| Untracked 
|  33|0x00000000cb700000, 0x00000000cb700000, 0x00000000cb800000|  0%| F|  |TAMS 0x00000000cb700000, 0x00000000cb700000| Untracked 
|  34|0x00000000cb800000, 0x00000000cb800000, 0x00000000cb900000|  0%| F|  |TAMS 0x00000000cb800000, 0x00000000cb800000| Untracked 
|  35|0x00000000cb900000, 0x00000000cb900000, 0x00000000cba00000|  0%| F|  |TAMS 0x00000000cb900000, 0x00000000cb900000| Untracked 
|  36|0x00000000cba00000, 0x00000000cba00000, 0x00000000cbb00000|  0%| F|  |TAMS 0x00000000cba00000, 0x00000000cba00000| Untracked 
|  37|0x00000000cbb00000, 0x00000000cbb00000, 0x00000000cbc00000|  0%| F|  |TAMS 0x00000000cbb00000, 0x00000000cbb00000| Untracked 
|  38|0x00000000cbc00000, 0x00000000cbc00000, 0x00000000cbd00000|  0%| F|  |TAMS 0x00000000cbc00000, 0x00000000cbc00000| Untracked 
|  39|0x00000000cbd00000, 0x00000000cbd00000, 0x00000000cbe00000|  0%| F|  |TAMS 0x00000000cbd00000, 0x00000000cbd00000| Untracked 
|  40|0x00000000cbe00000, 0x00000000cbe00000, 0x00000000cbf00000|  0%| F|  |TAMS 0x00000000cbe00000, 0x00000000cbe00000| Untracked 
|  41|0x00000000cbf00000, 0x00000000cbf00000, 0x00000000cc000000|  0%| F|  |TAMS 0x00000000cbf00000, 0x00000000cbf00000| Untracked 
|  42|0x00000000cc000000, 0x00000000cc000000, 0x00000000cc100000|  0%| F|  |TAMS 0x00000000cc000000, 0x00000000cc000000| Untracked 
|  43|0x00000000cc100000, 0x00000000cc100000, 0x00000000cc200000|  0%| F|  |TAMS 0x00000000cc100000, 0x00000000cc100000| Untracked 
|  44|0x00000000cc200000, 0x00000000cc200000, 0x00000000cc300000|  0%| F|  |TAMS 0x00000000cc200000, 0x00000000cc200000| Untracked 
|  45|0x00000000cc300000, 0x00000000cc300000, 0x00000000cc400000|  0%| F|  |TAMS 0x00000000cc300000, 0x00000000cc300000| Untracked 
|  46|0x00000000cc400000, 0x00000000cc400000, 0x00000000cc500000|  0%| F|  |TAMS 0x00000000cc400000, 0x00000000cc400000| Untracked 
|  47|0x00000000cc500000, 0x00000000cc500000, 0x00000000cc600000|  0%| F|  |TAMS 0x00000000cc500000, 0x00000000cc500000| Untracked 
|  48|0x00000000cc600000, 0x00000000cc700000, 0x00000000cc700000|100%| E|  |TAMS 0x00000000cc600000, 0x00000000cc600000| Complete 
|  49|0x00000000cc700000, 0x00000000cc800000, 0x00000000cc800000|100%| E|CS|TAMS 0x00000000cc700000, 0x00000000cc700000| Complete 
|  50|0x00000000cc800000, 0x00000000cc900000, 0x00000000cc900000|100%| E|CS|TAMS 0x00000000cc800000, 0x00000000cc800000| Complete 
|  51|0x00000000cc900000, 0x00000000cca00000, 0x00000000cca00000|100%| E|CS|TAMS 0x00000000cc900000, 0x00000000cc900000| Complete 
|  52|0x00000000cca00000, 0x00000000ccb00000, 0x00000000ccb00000|100%| E|CS|TAMS 0x00000000cca00000, 0x00000000cca00000| Complete 
|  53|0x00000000ccb00000, 0x00000000ccc00000, 0x00000000ccc00000|100%| E|CS|TAMS 0x00000000ccb00000, 0x00000000ccb00000| Complete 
|  54|0x00000000ccc00000, 0x00000000ccd00000, 0x00000000ccd00000|100%| E|CS|TAMS 0x00000000ccc00000, 0x00000000ccc00000| Complete 
|  55|0x00000000ccd00000, 0x00000000cce00000, 0x00000000cce00000|100%| E|CS|TAMS 0x00000000ccd00000, 0x00000000ccd00000| Complete 

Card table byte_map: [0x000002322db70000,0x000002322dd30000] _byte_map_base: 0x000002322d525000

Marking Bits (Prev, Next): (CMBitMap*) 0x000002321a899770, (CMBitMap*) 0x000002321a899738
 Prev Bits: [0x000002322eca0000, 0x000002322fa48000)
 Next Bits: [0x000002322def0000, 0x000002322ec98000)

Polling page: 0x0000023219030000

Metaspace:

Usage:
  Non-class:     25.62 MB capacity,    25.12 MB ( 98%) used,   464.27 KB (  2%) free+waste,    41.00 KB ( <1%) overhead. 
      Class:      3.35 MB capacity,     3.10 MB ( 93%) used,   239.09 KB (  7%) free+waste,    17.88 KB ( <1%) overhead. 
       Both:     28.97 MB capacity,    28.22 MB ( 97%) used,   703.37 KB (  2%) free+waste,    58.88 KB ( <1%) overhead. 

Virtual space:
  Non-class space:       26.00 MB reserved,      25.75 MB (>99%) committed 
      Class space:        1.00 GB reserved,       3.38 MB ( <1%) committed 
             Both:        1.03 GB reserved,      29.13 MB (  3%) committed 

Chunk freelists:
   Non-Class:  9.00 KB
       Class:  25.00 KB
        Both:  34.00 KB

MaxMetaspaceSize: 17179869184.00 GB
CompressedClassSpaceSize: 1.00 GB
Initial GC threshold: 20.80 MB
Current GC threshold: 34.79 MB
CDS: off

CodeHeap 'non-profiled nmethods': size=120064Kb used=708Kb max_used=708Kb free=119355Kb
 bounds [0x0000023225e50000, 0x00000232260c0000, 0x000002322d390000]
CodeHeap 'profiled nmethods': size=120000Kb used=3335Kb max_used=3335Kb free=116664Kb
 bounds [0x000002321e920000, 0x000002321ec70000, 0x0000023225e50000]
CodeHeap 'non-nmethods': size=5696Kb used=1238Kb max_used=1245Kb free=4457Kb
 bounds [0x000002321e390000, 0x000002321e600000, 0x000002321e920000]
 total_blobs=2295 nmethods=1772 adapters=436
 compilation: enabled
              stopped_count=0, restarted_count=0
 full_count=0

Compilation events (20 events):
Event: 8.498 Thread 0x000002323284e800 1754       3       java.util.ImmutableCollections$List12::size (13 bytes)
Event: 8.498 Thread 0x000002323284e800 nmethod 1754 0x000002321ec56910 code [0x000002321ec56ac0, 0x000002321ec56c38]
Event: 8.504 Thread 0x000002323284e800 1755       3       java.lang.PublicMethods$MethodList::filter (104 bytes)
Event: 8.506 Thread 0x000002323284e800 nmethod 1755 0x000002321ec56d10 code [0x000002321ec56f80, 0x000002321ec57af8]
Event: 8.508 Thread 0x000002323284e800 1756       1       java.lang.reflect.Method::getDeclaringClass (5 bytes)
Event: 8.509 Thread 0x000002323284e800 nmethod 1756 0x0000023225f00190 code [0x0000023225f00340, 0x0000023225f003f8]
Event: 8.510 Thread 0x000002323284e800 1757       3       java.util.zip.CRC32::<init> (5 bytes)
Event: 8.510 Thread 0x000002323284e800 nmethod 1757 0x000002321ec58010 code [0x000002321ec581c0, 0x000002321ec58318]
Event: 8.511 Thread 0x000002323284e800 1758       3       jdk.internal.loader.URLClassPath$JarLoader$2::getBytes (48 bytes)
Event: 8.511 Thread 0x000002323284e800 nmethod 1758 0x000002321ec58410 code [0x000002321ec58620, 0x000002321ec58d28]
Event: 8.516 Thread 0x000002323284e800 1759       1       java.lang.invoke.MethodHandleImpl::isCompileConstant (2 bytes)
Event: 8.516 Thread 0x000002323284e800 nmethod 1759 0x0000023225f00490 code [0x0000023225f00640, 0x0000023225f006d8]
Event: 8.516 Thread 0x000002323284e800 1760       3       java.lang.invoke.LambdaForm::editor (5 bytes)
Event: 8.517 Thread 0x000002323284e800 nmethod 1760 0x000002321ec58f90 code [0x000002321ec59160, 0x000002321ec59488]
Event: 8.517 Thread 0x000002323284e800 1761       3       java.lang.invoke.LambdaFormEditor::lambdaFormEditor (12 bytes)
Event: 8.517 Thread 0x000002323284e800 nmethod 1761 0x000002321ec59610 code [0x000002321ec597e0, 0x000002321ec59a88]
Event: 8.518 Thread 0x000002323284e800 1762       3       com.google.protobuf.ByteString$LiteralByteString::size (6 bytes)
Event: 8.518 Thread 0x000002323284e800 nmethod 1762 0x000002321ec59c10 code [0x000002321ec59dc0, 0x000002321ec59ed8]
Event: 8.518 Thread 0x000002323284e800 1763       1       com.google.protobuf.Descriptors$FieldDescriptor$Type::getJavaType (5 bytes)
Event: 8.518 Thread 0x000002323284e800 nmethod 1763 0x0000023225f00790 code [0x0000023225f00940, 0x0000023225f009f8]

GC Heap History (6 events):
Event: 2.476 GC heap before
{Heap before GC invocations=0 (full 0):
 garbage-first heap   total 57344K, used 17408K [0x00000000c9600000, 0x0000000100000000)
  region size 1024K, 14 young (14336K), 0 survivors (0K)
 Metaspace       used 12848K, capacity 13108K, committed 13184K, reserved 1060864K
  class space    used 1278K, capacity 1368K, committed 1408K, reserved 1048576K
}
Event: 2.486 GC heap after
{Heap after GC invocations=1 (full 0):
 garbage-first heap   total 57344K, used 4910K [0x00000000c9600000, 0x0000000100000000)
  region size 1024K, 2 young (2048K), 2 survivors (2048K)
 Metaspace       used 12848K, capacity 13108K, committed 13184K, reserved 1060864K
  class space    used 1278K, capacity 1368K, committed 1408K, reserved 1048576K
}
Event: 5.160 GC heap before
{Heap before GC invocations=1 (full 0):
 garbage-first heap   total 57344K, used 30510K [0x00000000c9600000, 0x0000000100000000)
  region size 1024K, 27 young (27648K), 2 survivors (2048K)
 Metaspace       used 20552K, capacity 21031K, committed 21248K, reserved 1069056K
  class space    used 2166K, capacity 2290K, committed 2304K, reserved 1048576K
}
Event: 5.176 GC heap after
{Heap after GC invocations=2 (full 0):
 garbage-first heap   total 57344K, used 8664K [0x00000000c9600000, 0x0000000100000000)
  region size 1024K, 5 young (5120K), 5 survivors (5120K)
 Metaspace       used 20552K, capacity 21031K, committed 21248K, reserved 1069056K
  class space    used 2166K, capacity 2290K, committed 2304K, reserved 1048576K
}
Event: 7.349 GC heap before
{Heap before GC invocations=3 (full 0):
 garbage-first heap   total 57344K, used 32216K [0x00000000c9600000, 0x0000000100000000)
  region size 1024K, 29 young (29696K), 5 survivors (5120K)
 Metaspace       used 26742K, capacity 27340K, committed 27392K, reserved 1073152K
  class space    used 2934K, capacity 3054K, committed 3072K, reserved 1048576K
}
Event: 7.366 GC heap after
{Heap after GC invocations=4 (full 0):
 garbage-first heap   total 57344K, used 10705K [0x00000000c9600000, 0x0000000100000000)
  region size 1024K, 2 young (2048K), 2 survivors (2048K)
 Metaspace       used 26742K, capacity 27340K, committed 27392K, reserved 1073152K
  class space    used 2934K, capacity 3054K, committed 3072K, reserved 1048576K
}

Deoptimization events (20 events):
Event: 6.889 Thread 0x000002321a86c800 DEOPT PACKING pc=0x000002321ea9975b sp=0x000000e0cc6fd5e0
Event: 6.889 Thread 0x000002321a86c800 DEOPT UNPACKING pc=0x000002321e3da95e sp=0x000000e0cc6fca58 mode 0
Event: 6.906 Thread 0x000002321a86c800 Uncommon trap: trap_request=0xffffff4d fr.pc=0x0000023225eaf098 relative=0x0000000000000378
Event: 6.907 Thread 0x000002321a86c800 Uncommon trap: reason=unstable_if action=reinterpret pc=0x0000023225eaf098 method=java.io.ByteArrayInputStream.read([BII)I @ 35 c2
Event: 6.908 Thread 0x000002321a86c800 DEOPT PACKING pc=0x0000023225eaf098 sp=0x000000e0cc6f4010
Event: 6.909 Thread 0x000002321a86c800 DEOPT UNPACKING pc=0x000002321e3da1af sp=0x000000e0cc6f3fd0 mode 2
Event: 7.057 Thread 0x000002321a86c800 DEOPT PACKING pc=0x000002321ea9975b sp=0x000000e0cc6fca50
Event: 7.057 Thread 0x000002321a86c800 DEOPT UNPACKING pc=0x000002321e3da95e sp=0x000000e0cc6fbec8 mode 0
Event: 7.615 Thread 0x000002323499c000 Uncommon trap: trap_request=0xffffff4d fr.pc=0x0000023225e90eec relative=0x00000000000003ac
Event: 7.615 Thread 0x000002323499c000 Uncommon trap: reason=unstable_if action=reinterpret pc=0x0000023225e90eec method=java.lang.StringLatin1.canEncode(I)Z @ 4 c2
Event: 7.615 Thread 0x000002323499c000 DEOPT PACKING pc=0x0000023225e90eec sp=0x000000e0cdcfe910
Event: 7.615 Thread 0x000002323499c000 DEOPT UNPACKING pc=0x000002321e3da1af sp=0x000000e0cdcfe838 mode 2
Event: 7.615 Thread 0x000002323499c000 Uncommon trap: trap_request=0xffffff4d fr.pc=0x0000023225e93b54 relative=0x0000000000000394
Event: 7.615 Thread 0x000002323499c000 Uncommon trap: reason=unstable_if action=reinterpret pc=0x0000023225e93b54 method=java.lang.AbstractStringBuilder.isLatin1()Z @ 10 c2
Event: 7.615 Thread 0x000002323499c000 DEOPT PACKING pc=0x0000023225e93b54 sp=0x000000e0cdcfe910
Event: 7.615 Thread 0x000002323499c000 DEOPT UNPACKING pc=0x000002321e3da1af sp=0x000000e0cdcfe8a0 mode 2
Event: 8.183 Thread 0x000002321a86c800 Uncommon trap: trap_request=0xffffff4d fr.pc=0x0000023225e9a344 relative=0x00000000000000a4
Event: 8.183 Thread 0x000002321a86c800 Uncommon trap: reason=unstable_if action=reinterpret pc=0x0000023225e9a344 method=java.lang.CharacterDataLatin1.digit(II)I @ 12 c2
Event: 8.183 Thread 0x000002321a86c800 DEOPT PACKING pc=0x0000023225e9a344 sp=0x000000e0cc6fd8e0
Event: 8.183 Thread 0x000002321a86c800 DEOPT UNPACKING pc=0x000002321e3da1af sp=0x000000e0cc6fd858 mode 2

Classes redefined (0 events):
No events

Internal exceptions (20 events):
Event: 4.870 Thread 0x000002321a86c800 Exception <a 'java/lang/ClassNotFoundException'{0x00000000cb67eff8}: org/eclipse/jetty/npn/NextProtoNego> (0x00000000cb67eff8) thrown at [./src/hotspot/share/classfile/systemDictionary.cpp, line 231]
Event: 5.764 Thread 0x000002321a86c800 Exception <a 'java/lang/NoSuchMethodError'{0x00000000ccb4ad08}: 'java.lang.Object java.lang.invoke.DirectMethodHandle$Holder.invokeStatic(java.lang.Object, java.lang.Object, java.lang.Object, java.lang.Object, java.lang.Object, java.lang.Object, java.lang.Object, int)'> (0x00000000ccb4ad08) thrown at [./src/hotspot/share/interpreter/linkResolver.cpp, line 773]
Event: 5.767 Thread 0x000002321a86c800 Exception <a 'java/lang/NoSuchMethodError'{0x00000000ccb4f140}: 'java.lang.Object java.lang.invoke.DirectMethodHandle$Holder.invokeSpecial(java.lang.Object, java.lang.Object, java.lang.Object, java.lang.Object, java.lang.Object, java.lang.Object, java.lang.Object, java.lang.Object, int)'> (0x00000000ccb4f140) thrown at [./src/hotspot/share/interpreter/linkResolver.cpp, line 773]
Event: 6.737 Thread 0x000002321a86c800 Exception <a 'sun/nio/fs/WindowsException'{0x00000000cc30e680}> (0x00000000cc30e680) thrown at [./src/hotspot/share/prims/jni.cpp, line 616]
Event: 6.737 Thread 0x000002321a86c800 Exception <a 'sun/nio/fs/WindowsException'{0x00000000cc30f038}> (0x00000000cc30f038) thrown at [./src/hotspot/share/prims/jni.cpp, line 616]
Event: 6.739 Thread 0x000002321a86c800 Exception <a 'sun/nio/fs/WindowsException'{0x00000000cc312b48}> (0x00000000cc312b48) thrown at [./src/hotspot/share/prims/jni.cpp, line 616]
Event: 6.739 Thread 0x000002321a86c800 Exception <a 'sun/nio/fs/WindowsException'{0x00000000cc3134a0}> (0x00000000cc3134a0) thrown at [./src/hotspot/share/prims/jni.cpp, line 616]
Event: 6.749 Thread 0x000002321a86c800 Exception <a 'sun/nio/fs/WindowsException'{0x00000000cc333750}> (0x00000000cc333750) thrown at [./src/hotspot/share/prims/jni.cpp, line 616]
Event: 6.750 Thread 0x000002321a86c800 Exception <a 'sun/nio/fs/WindowsException'{0x00000000cc3340a8}> (0x00000000cc3340a8) thrown at [./src/hotspot/share/prims/jni.cpp, line 616]
Event: 7.668 Thread 0x0000023234ab3800 Exception <a 'java/lang/NoSuchMethodError'{0x00000000ccb2c928}: 'void java.lang.invoke.DirectMethodHandle$Holder.invokeStatic(java.lang.Object, long)'> (0x00000000ccb2c928) thrown at [./src/hotspot/share/interpreter/linkResolver.cpp, line 773]
Event: 7.669 Thread 0x0000023234ab3800 Exception <a 'java/lang/NoSuchMethodError'{0x00000000ccb31890}: 'java.lang.Object java.lang.invoke.DirectMethodHandle$Holder.invokeStatic(java.lang.Object, long)'> (0x00000000ccb31890) thrown at [./src/hotspot/share/interpreter/linkResolver.cpp, line 773]
Event: 7.673 Thread 0x0000023234ab3800 Exception <a 'java/lang/NoSuchMethodError'{0x00000000ccb3f728}: 'java.lang.Object java.lang.invoke.DirectMethodHandle$Holder.invokeStaticInit(java.lang.Object, java.lang.Object, long, java.lang.Object)'> (0x00000000ccb3f728) thrown at [./src/hotspot/share/interpreter/linkResolver.cpp, line 773]
Event: 7.674 Thread 0x0000023234ab3800 Exception <a 'java/lang/NoSuchMethodError'{0x00000000ccb45370}: 'java.lang.Object java.lang.invoke.DirectMethodHandle$Holder.invokeStatic(java.lang.Object, java.lang.Object, long)'> (0x00000000ccb45370) thrown at [./src/hotspot/share/interpreter/linkResolver.cpp, line 773]
Event: 7.675 Thread 0x0000023234ab3800 Exception <a 'java/lang/NoSuchMethodError'{0x00000000ccb4b398}: 'java.lang.Object java.lang.invoke.Invokers$Holder.linkToTargetMethod(java.lang.Object, long, java.lang.Object)'> (0x00000000ccb4b398) thrown at [./src/hotspot/share/interpreter/linkResolver.cpp, line 773]
Event: 7.888 Thread 0x000002321a86c800 Exception <a 'java/lang/NoSuchMethodError'{0x00000000ccbddd50}: 'java.lang.Object java.lang.invoke.DirectMethodHandle$Holder.invokeInterface(java.lang.Object, java.lang.Object, java.lang.Object, java.lang.Object)'> (0x00000000ccbddd50) thrown at [./src/hotspot/share/interpreter/linkResolver.cpp, line 773]
Event: 8.181 Thread 0x000002321a86c800 Exception <a 'java/lang/NoSuchMethodError'{0x00000000cca75b68}: 'void java.lang.invoke.DirectMethodHandle$Holder.invokeSpecial(java.lang.Object, java.lang.Object)'> (0x00000000cca75b68) thrown at [./src/hotspot/share/interpreter/linkResolver.cpp, line 773]
Event: 8.186 Thread 0x000002321a86c800 Exception <a 'java/net/BindException'{0x00000000cca85268}: Address already in use: bind> (0x00000000cca85268) thrown at [./src/hotspot/share/prims/jni.cpp, line 637]
Event: 8.346 Thread 0x000002321a86c800 Exception <a 'java/lang/NoSuchMethodError'{0x00000000cc80f6a8}: 'long java.lang.invoke.DirectMethodHandle$Holder.invokeSpecial(java.lang.Object, java.lang.Object)'> (0x00000000cc80f6a8) thrown at [./src/hotspot/share/interpreter/linkResolver.cpp, line 773]
Event: 8.491 Thread 0x000002321a86c800 Exception <a 'java/lang/NoSuchMethodError'{0x00000000cc89c5d8}: 'java.lang.Object java.lang.invoke.Invokers$Holder.invoke_MT(java.lang.Object, java.lang.Object, java.lang.Object)'> (0x00000000cc89c5d8) thrown at [./src/hotspot/share/interpreter/linkResolver.cpp, line 773]
Event: 8.497 Thread 0x000002321a86c800 Exception <a 'java/lang/NoSuchMethodError'{0x00000000cc8af6e8}: 'long java.lang.invoke.DelegatingMethodHandle$Holder.reinvoke_L(java.lang.Object, java.lang.Object)'> (0x00000000cc8af6e8) thrown at [./src/hotspot/share/interpreter/linkResolver.cpp, line 773]

Events (20 events):
Event: 8.521 loading class com/google/protobuf/MapField$MutatabilityAwareMap$MutatabilityAwareIterator
Event: 8.521 loading class com/google/protobuf/MapField$MutatabilityAwareMap$MutatabilityAwareIterator done
Event: 8.522 loading class com/google/protobuf/MapEntry$Builder
Event: 8.522 loading class com/google/protobuf/MapEntry$Builder done
Event: 8.526 loading class com/google/protobuf/TextFormat$Printer$MapEntryAdapter
Event: 8.526 loading class com/google/protobuf/TextFormat$Printer$MapEntryAdapter done
Event: 8.526 loading class java/util/ComparableTimSort
Event: 8.527 loading class java/util/ComparableTimSort done
Event: 8.528 loading class com/google/testing/platform/config/v1/extension/InstrumentationExtKt
Event: 8.528 loading class com/google/testing/platform/config/v1/extension/InstrumentationExtKt done
Event: 8.529 loading class com/google/testing/platform/lib/adb/command/Instrumentation
Event: 8.529 loading class com/google/testing/platform/lib/adb/command/Instrumentation done
Event: 8.530 loading class com/google/testing/platform/proto/api/config/AndroidInstrumentationDriverProto$AndroidInstrumentationDriver$ShellExecutionOption$1
Event: 8.530 loading class com/google/testing/platform/proto/api/config/AndroidInstrumentationDriverProto$AndroidInstrumentationDriver$ShellExecutionOption$1 done
Event: 8.531 loading class com/google/testing/platform/config/v1/extension/RunnerConfigExtKt$WhenMappings
Event: 8.531 loading class com/google/testing/platform/config/v1/extension/RunnerConfigExtKt$WhenMappings done
Event: 8.531 loading class com/google/testing/platform/plugin/PluginLifecycle$onConfigure$1
Event: 8.531 loading class com/google/testing/platform/plugin/PluginLifecycle$onConfigure$1 done
Event: 8.535 loading class com/google/testing/platform/plugin/PluginLifecycle$onConfigure$2$1
Event: 8.535 loading class com/google/testing/platform/plugin/PluginLifecycle$onConfigure$2$1 done


Dynamic libraries:
0x00007ff709ba0000 - 0x00007ff709baa000 	C:\Program Files\Android\Android Studio\jre\bin\java.exe
0x00007ff8ceb70000 - 0x00007ff8ced68000 	C:\WINDOWS\SYSTEM32\ntdll.dll
0x00007ff8cde80000 - 0x00007ff8cdf3d000 	C:\WINDOWS\System32\KERNEL32.DLL
0x00007ff8cc710000 - 0x00007ff8cca06000 	C:\WINDOWS\System32\KERNELBASE.dll
0x00007ff8cc450000 - 0x00007ff8cc550000 	C:\WINDOWS\System32\ucrtbase.dll
0x00007ff8c5f20000 - 0x00007ff8c5f39000 	C:\Program Files\Android\Android Studio\jre\bin\jli.dll
0x00007ff8ce520000 - 0x00007ff8ce6be000 	C:\WINDOWS\System32\USER32.dll
0x00007ff8cc550000 - 0x00007ff8cc572000 	C:\WINDOWS\System32\win32u.dll
0x00007ff8ce270000 - 0x00007ff8ce29c000 	C:\WINDOWS\System32\GDI32.dll
0x00007ff8cc250000 - 0x00007ff8cc36a000 	C:\WINDOWS\System32\gdi32full.dll
0x00007ff8bb080000 - 0x00007ff8bb097000 	C:\Program Files\Android\Android Studio\jre\bin\VCRUNTIME140.dll
0x00007ff8cca10000 - 0x00007ff8ccaad000 	C:\WINDOWS\System32\msvcp_win.dll
0x00007ff8b4dd0000 - 0x00007ff8b506a000 	C:\WINDOWS\WinSxS\amd64_microsoft.windows.common-controls_6595b64144ccf1df_6.0.19041.3636_none_60b6a03d71f818d5\COMCTL32.dll
0x00007ff8ccca0000 - 0x00007ff8ccd3e000 	C:\WINDOWS\System32\msvcrt.dll
0x00007ff8cdf40000 - 0x00007ff8cdf70000 	C:\WINDOWS\System32\IMM32.DLL
0x00007ff88aaf0000 - 0x00007ff88ab8d000 	C:\Program Files\Android\Android Studio\jre\bin\msvcp140.dll
0x00007ff80e450000 - 0x00007ff80ef52000 	C:\Program Files\Android\Android Studio\jre\bin\server\jvm.dll
0x00007ff8ce0f0000 - 0x00007ff8ce19f000 	C:\WINDOWS\System32\ADVAPI32.dll
0x00007ff8ce3d0000 - 0x00007ff8ce46c000 	C:\WINDOWS\System32\sechost.dll
0x00007ff8ce2a0000 - 0x00007ff8ce3c6000 	C:\WINDOWS\System32\RPCRT4.dll
0x00007ff8cddc0000 - 0x00007ff8cddc8000 	C:\WINDOWS\System32\PSAPI.DLL
0x00007ff8a2610000 - 0x00007ff8a2619000 	C:\WINDOWS\SYSTEM32\WSOCK32.dll
0x00007ff8ce200000 - 0x00007ff8ce26b000 	C:\WINDOWS\System32\WS2_32.dll
0x00007ff8c3cb0000 - 0x00007ff8c3cd7000 	C:\WINDOWS\SYSTEM32\WINMM.dll
0x00007ff8c3ce0000 - 0x00007ff8c3cea000 	C:\WINDOWS\SYSTEM32\VERSION.dll
0x00007ff8ca110000 - 0x00007ff8ca122000 	C:\WINDOWS\SYSTEM32\kernel.appcore.dll
0x00007ff84c670000 - 0x00007ff84c681000 	C:\Program Files\Android\Android Studio\jre\bin\verify.dll
0x00007ff8b5f80000 - 0x00007ff8b6164000 	C:\WINDOWS\SYSTEM32\DBGHELP.DLL
0x00007ff8b5f40000 - 0x00007ff8b5f74000 	C:\WINDOWS\SYSTEM32\dbgcore.DLL
0x00007ff8cc3c0000 - 0x00007ff8cc442000 	C:\WINDOWS\System32\bcryptPrimitives.dll
0x00007ff84c640000 - 0x00007ff84c669000 	C:\Program Files\Android\Android Studio\jre\bin\java.dll
0x00007ff8a0d90000 - 0x00007ff8a0d9b000 	C:\Program Files\Android\Android Studio\jre\bin\jimage.dll
0x00007ff84c620000 - 0x00007ff84c638000 	C:\Program Files\Android\Android Studio\jre\bin\zip.dll
0x00007ff8cd310000 - 0x00007ff8cda54000 	C:\WINDOWS\System32\SHELL32.dll
0x00007ff8ca310000 - 0x00007ff8caaab000 	C:\WINDOWS\SYSTEM32\windows.storage.dll
0x00007ff8cce90000 - 0x00007ff8cd1e4000 	C:\WINDOWS\System32\combase.dll
0x00007ff8cbbc0000 - 0x00007ff8cbbed000 	C:\WINDOWS\SYSTEM32\Wldp.dll
0x00007ff8ce040000 - 0x00007ff8ce0ed000 	C:\WINDOWS\System32\SHCORE.dll
0x00007ff8ce1a0000 - 0x00007ff8ce1f5000 	C:\WINDOWS\System32\shlwapi.dll
0x00007ff8cc180000 - 0x00007ff8cc1a5000 	C:\WINDOWS\SYSTEM32\profapi.dll
0x00007ff84c600000 - 0x00007ff84c61a000 	C:\Program Files\Android\Android Studio\jre\bin\net.dll
0x00007ff8c2320000 - 0x00007ff8c242a000 	C:\WINDOWS\SYSTEM32\WINHTTP.dll
0x00007ff8cb920000 - 0x00007ff8cb98a000 	C:\WINDOWS\system32\mswsock.dll
0x00007ff84c5e0000 - 0x00007ff84c5f4000 	C:\Program Files\Android\Android Studio\jre\bin\nio.dll
0x00007ff89be80000 - 0x00007ff89be8a000 	C:\Program Files\Android\Android Studio\jre\bin\management.dll
0x00007ff899870000 - 0x00007ff89987d000 	C:\Program Files\Android\Android Studio\jre\bin\management_ext.dll
0x00007ff8cbb10000 - 0x00007ff8cbb28000 	C:\WINDOWS\SYSTEM32\CRYPTSP.dll
0x00007ff8cb250000 - 0x00007ff8cb284000 	C:\WINDOWS\system32\rsaenh.dll
0x00007ff8cc580000 - 0x00007ff8cc5a7000 	C:\WINDOWS\System32\bcrypt.dll
0x00007ff8cc100000 - 0x00007ff8cc12e000 	C:\WINDOWS\SYSTEM32\USERENV.dll
0x00007ff8cbb30000 - 0x00007ff8cbb3c000 	C:\WINDOWS\SYSTEM32\CRYPTBASE.dll
0x00007ff8cb610000 - 0x00007ff8cb64b000 	C:\WINDOWS\SYSTEM32\IPHLPAPI.DLL
0x00007ff8ccc30000 - 0x00007ff8ccc38000 	C:\WINDOWS\System32\NSI.dll
0x00007ff8c2a50000 - 0x00007ff8c2a67000 	C:\WINDOWS\SYSTEM32\dhcpcsvc6.DLL
0x00007ff8c1510000 - 0x00007ff8c152d000 	C:\WINDOWS\SYSTEM32\dhcpcsvc.DLL
0x00007ff8cb650000 - 0x00007ff8cb71a000 	C:\WINDOWS\SYSTEM32\DNSAPI.dll
0x00007ff80e070000 - 0x00007ff80e097000 	C:\Program Files\Android\Android Studio\jre\bin\sunec.dll
0x00007ff8b8030000 - 0x00007ff8b803a000 	C:\Windows\System32\rasadhlp.dll
0x00007ff8b8290000 - 0x00007ff8b8310000 	C:\WINDOWS\System32\fwpuclnt.dll
0x00007ff89c730000 - 0x00007ff89c747000 	C:\WINDOWS\system32\napinsp.dll
0x00007ff89c710000 - 0x00007ff89c72b000 	C:\WINDOWS\system32\pnrpnsp.dll
0x00007ff8a4360000 - 0x00007ff8a4375000 	C:\WINDOWS\system32\wshbth.dll
0x00007ff8c7bf0000 - 0x00007ff8c7c0d000 	C:\WINDOWS\system32\NLAapi.dll
0x00007ff89c670000 - 0x00007ff89c682000 	C:\WINDOWS\System32\winrnr.dll

dbghelp: loaded successfully - version: 4.0.5 - missing functions: none
symbol engine: initialized successfully - sym options: 0x614 - pdb path: .;C:\Program Files\Android\Android Studio\jre\bin;C:\WINDOWS\SYSTEM32;C:\WINDOWS\WinSxS\amd64_microsoft.windows.common-controls_6595b64144ccf1df_6.0.19041.3636_none_60b6a03d71f818d5;C:\Program Files\Android\Android Studio\jre\bin\server

VM Arguments:
jvm_args: -Djava.awt.headless=true -Djava.util.logging.config.file=C:\Users\giorg\.android\utp\logging18146316153077335943properties -Dfile.encoding=windows-1251 -Duser.country=GB -Duser.language=en -Duser.variant 
java_command: com.google.testing.platform.launcher.Launcher C:\Users\giorg\.gradle\caches\modules-2\files-2.1\com.google.testing.platform\core\0.0.8-alpha07\185ff5f0c2380a7a283320bc5ec9130dbcbbb030\core-0.0.8-alpha07.jar --proto_config=C:\Users\giorg\.android\utp\runnerConfig6982612267502741106.pb --proto_server_config=C:\Users\giorg\.android\utp\serverConfig3418575625177763602.pb
java_class_path (initial): C:\Users\giorg\.gradle\caches\modules-2\files-2.1\com.google.testing.platform\launcher\0.0.8-alpha07\47d15094202612b26f5a07fbfbe17ff8900a58c4\launcher-0.0.8-alpha07.jar
Launcher Type: SUN_STANDARD

[Global flags]
     intx CICompilerCount                          = 3                                         {product} {ergonomic}
     uint ConcGCThreads                            = 1                                         {product} {ergonomic}
     uint G1ConcRefinementThreads                  = 4                                         {product} {ergonomic}
   size_t G1HeapRegionSize                         = 1048576                                   {product} {ergonomic}
    uintx GCDrainStackTargetSize                   = 64                                        {product} {ergonomic}
   size_t InitialHeapSize                          = 58720256                                  {product} {ergonomic}
   size_t MarkStackSize                            = 4194304                                   {product} {ergonomic}
   size_t MaxHeapSize                              = 916455424                                 {product} {ergonomic}
   size_t MaxNewSize                               = 549453824                                 {product} {ergonomic}
   size_t MinHeapDeltaBytes                        = 1048576                                   {product} {ergonomic}
    uintx NonNMethodCodeHeapSize                   = 5830732                                {pd product} {ergonomic}
    uintx NonProfiledCodeHeapSize                  = 122913754                              {pd product} {ergonomic}
    uintx ProfiledCodeHeapSize                     = 122913754                              {pd product} {ergonomic}
    uintx ReservedCodeCacheSize                    = 251658240                              {pd product} {ergonomic}
     bool SegmentedCodeCache                       = true                                      {product} {ergonomic}
     bool UseCompressedClassPointers               = true                                 {lp64_product} {ergonomic}
     bool UseCompressedOops                        = true                                 {lp64_product} {ergonomic}
     bool UseG1GC                                  = true                                      {product} {ergonomic}
     bool UseLargePagesIndividualAllocation        = false                                  {pd product} {ergonomic}

Logging:
Log output configuration:
 #0: stdout all=warning uptime,level,tags
 #1: stderr all=off uptime,level,tags

Environment Variables:
JAVA_HOME=C:\Program Files\Java\jdk-19
CLASSPATH=,
PATH=C:\Program Files\Common Files\Oracle\Java\javapath;C:\WINDOWS\system32;C:\WINDOWS;C:\WINDOWS\System32\Wbem;C:\WINDOWS\System32\WindowsPowerShell\v1.0\;C:\WINDOWS\System32\OpenSSH\;C:\Program Files\Git\cmd;C:\Program Files (x86)\Microsoft SQL Server\160\Tools\Binn\;C:\Program Files\Microsoft SQL Server\160\Tools\Binn\;C:\Program Files\Microsoft SQL Server\Client SDK\ODBC\170\Tools\Binn\;C:\Program Files\Microsoft SQL Server\160\DTS\Binn\;C:\Program Files (x86)\Microsoft SQL Server\160\DTS\Binn\;C:\Program Files\Azure Data Studio\bin;C:\Program Files\Maven\apache-maven-3.9.5\bin;C:\Users\giorg\scoop\shims;C:\Users\giorg\AppData\Local\Programs\Python\Python310\Scripts\;C:\Users\giorg\AppData\Local\Programs\Python\Python310\;C:\Users\giorg\AppData\Local\Microsoft\WindowsApps;C:\Program Files\Java\jdk-19\BIN;C:\ProgramData\giorg\GitHubDesktop\bin;C:\Users\giorg\AppData\Local\GitHubDesktop\bin;C:\Users\giorg\AppData\Local\Programs\Microsoft VS Code\bin;C:\Program Files\Azure Data Studio\bin
USERNAME=giorg
OS=Windows_NT
PROCESSOR_IDENTIFIER=AMD64 Family 23 Model 17 Stepping 0, AuthenticAMD



---------------  S Y S T E M  ---------------

OS: Windows 10 , 64 bit Build 19041 (10.0.19041.3636)
OS uptime: 8 days 4:14 hours

CPU:total 4 (initial active 4) (4 cores per cpu, 2 threads per core) family 23 model 17 stepping 0 microcode 0x0, cmov, cx8, fxsr, mmx, sse, sse2, sse3, ssse3, sse4.1, sse4.2, popcnt, avx, avx2, aes, clmul, mmxext, 3dnowpref, lzcnt, sse4a, ht, tsc, tscinvbit, tscinv, bmi1, bmi2, adx, sha, fma

Memory: 4k page, system-wide physical 3491M (92M free)
TotalPageFile size 14243M (AvailPageFile size 0M)
current process WorkingSet (physical memory assigned to process): 132M, peak: 132M
current process commit charge ("private bytes"): 177M, peak: 178M

vm_info: OpenJDK 64-Bit Server VM (11.0.13+0-b1751.21-8125866) for windows-amd64 JRE (11.0.13+0-b1751.21-8125866), built on Feb  2 2022 03:00:22 by "builder" with MS VC++ 14.0 (VS2015)

END.
