#
# There is insufficient memory for the Java Runtime Environment to continue.
# Native memory allocation (malloc) failed to allocate 32744 bytes for ChunkPool::allocate
# Possible reasons:
#   The system is out of physical RAM or swap space
#   The process is running with CompressedOops enabled, and the Java Heap may be blocking the growth of the native heap
# Possible solutions:
#   Reduce memory load on the system
#   Increase physical memory or swap space
#   Check if swap backing store is full
#   Decrease Java heap size (-Xmx/-Xms)
#   Decrease number of Java threads
#   Decrease Java thread stack sizes (-Xss)
#   Set larger code cache with -XX:ReservedCodeCacheSize=
#   JVM is running with Unscaled Compressed Oops mode in which the Java heap is
#     placed in the first 4GB address space. The Java Heap base address is the
#     maximum limit for the native heap growth. Please use -XX:HeapBaseMinAddress
#     to set the Java Heap base and to place the Java Heap above 4GB virtual address.
# This output file may be truncated or incomplete.
#
#  Out of Memory Error (./src/hotspot/share/memory/arena.cpp:81), pid=20648, tid=984
#
# JRE version: OpenJDK Runtime Environment (11.0.13) (build 11.0.13+0-b1751.21-8125866)
# Java VM: OpenJDK 64-Bit Server VM (11.0.13+0-b1751.21-8125866, mixed mode, tiered, compressed oops, g1 gc, windows-amd64)
# No core dump will be written. Minidumps are not enabled by default on client versions of Windows
#

---------------  S U M M A R Y ------------

Command Line: -Djava.awt.headless=true -Djava.util.logging.config.file=C:\Users\giorg\.android\utp\logging11809299911333188404properties -Dfile.encoding=windows-1251 -Duser.country=GB -Duser.language=en -Duser.variant com.google.testing.platform.launcher.Launcher C:\Users\giorg\.gradle\caches\modules-2\files-2.1\com.google.testing.platform\core\0.0.8-alpha07\185ff5f0c2380a7a283320bc5ec9130dbcbbb030\core-0.0.8-alpha07.jar --proto_config=C:\Users\giorg\.android\utp\runnerConfig6619733250854208879.pb --proto_server_config=C:\Users\giorg\.android\utp\serverConfig7326531908143869452.pb

Host: AMD Ryzen 3 2200U with Radeon Vega Mobile Gfx  , 4 cores, 3G,  Windows 10 , 64 bit Build 19041 (10.0.19041.3636)
Time: Sat Dec  9 02:19:32 2023 Georgian Standard Time elapsed time: 8.624723 seconds (0d 0h 0m 8s)

---------------  T H R E A D  ---------------

Current thread (0x000002537b60f800):  JavaThread "C2 CompilerThread0" daemon [_thread_in_native, id=984, stack(0x000000df98c00000,0x000000df98d00000)]


Current CompileTask:
C2:   8624 1732   !   4       jdk.internal.loader.BuiltinClassLoader::loadClassOrNull (143 bytes)

Stack: [0x000000df98c00000,0x000000df98d00000]
Native frames: (J=compiled Java code, j=interpreted, Vv=VM code, C=native code)
V  [jvm.dll+0x6100fa]
V  [jvm.dll+0x747090]
V  [jvm.dll+0x7486ad]
V  [jvm.dll+0x748d83]
V  [jvm.dll+0x24ab48]
V  [jvm.dll+0xc075b]
V  [jvm.dll+0xc0a0c]
V  [jvm.dll+0x363f9c]
V  [jvm.dll+0x508b6e]
V  [jvm.dll+0x507f83]
V  [jvm.dll+0x508756]
V  [jvm.dll+0x32b862]
V  [jvm.dll+0x32ad2a]
V  [jvm.dll+0x2032b2]
V  [jvm.dll+0x202437]
V  [jvm.dll+0x188e01]
V  [jvm.dll+0x21106b]
V  [jvm.dll+0x20f8c1]
V  [jvm.dll+0x70de0f]
V  [jvm.dll+0x706a75]
V  [jvm.dll+0x60ed66]
C  [ucrtbase.dll+0x21bb2]
C  [KERNEL32.DLL+0x17344]
C  [ntdll.dll+0x526b1]


---------------  P R O C E S S  ---------------

Threads class SMR info:
_java_thread_list=0x000002537d649a20, length=18, elements={
0x0000025363e0c800, 0x000002537b5a6000, 0x000002537b5a7000, 0x000002537b607000,
0x000002537b608000, 0x000002537b609000, 0x000002537b60f800, 0x000002537b610800,
0x000002537b780800, 0x000002537b878800, 0x000002537d027800, 0x000002537d6b1800,
0x000002537b980800, 0x000002537b810800, 0x000002537d5c5800, 0x000002537bd9c800,
0x000002537d666800, 0x000002537d667000
}

Java Threads: ( => current thread )
  0x0000025363e0c800 JavaThread "main" [_thread_in_vm, id=5136, stack(0x000000df98000000,0x000000df98100000)]
  0x000002537b5a6000 JavaThread "Reference Handler" daemon [_thread_blocked, id=17772, stack(0x000000df98700000,0x000000df98800000)]
  0x000002537b5a7000 JavaThread "Finalizer" daemon [_thread_blocked, id=18952, stack(0x000000df98800000,0x000000df98900000)]
  0x000002537b607000 JavaThread "Signal Dispatcher" daemon [_thread_blocked, id=19756, stack(0x000000df98900000,0x000000df98a00000)]
  0x000002537b608000 JavaThread "Attach Listener" daemon [_thread_blocked, id=2268, stack(0x000000df98a00000,0x000000df98b00000)]
  0x000002537b609000 JavaThread "Service Thread" daemon [_thread_blocked, id=18044, stack(0x000000df98b00000,0x000000df98c00000)]
=>0x000002537b60f800 JavaThread "C2 CompilerThread0" daemon [_thread_in_native, id=984, stack(0x000000df98c00000,0x000000df98d00000)]
  0x000002537b610800 JavaThread "C1 CompilerThread0" daemon [_thread_in_native, id=11144, stack(0x000000df98d00000,0x000000df98e00000)]
  0x000002537b780800 JavaThread "Sweeper thread" daemon [_thread_blocked, id=5888, stack(0x000000df98e00000,0x000000df98f00000)]
  0x000002537b878800 JavaThread "Common-Cleaner" daemon [_thread_blocked, id=19004, stack(0x000000df99000000,0x000000df99100000)]
  0x000002537d027800 JavaThread "grpc-nio-worker-ELG-4-1" daemon [_thread_in_native, id=3604, stack(0x000000df99200000,0x000000df99300000)]
  0x000002537d6b1800 JavaThread "grpc-default-executor-0" daemon [_thread_in_native, id=17960, stack(0x000000df99300000,0x000000df99400000)]
  0x000002537b980800 JavaThread "grpc-default-executor-1" daemon [_thread_blocked, id=20616, stack(0x000000df99400000,0x000000df99500000)]
  0x000002537b810800 JavaThread "grpc-default-executor-2" daemon [_thread_blocked, id=5516, stack(0x000000df99500000,0x000000df99600000)]
  0x000002537d5c5800 JavaThread "Monitor" [_thread_in_native, id=19772, stack(0x000000df99600000,0x000000df99700000)]
  0x000002537bd9c800 JavaThread "JdwpProxyConnection" [_thread_in_native, id=10776, stack(0x000000df99700000,0x000000df99800000)]
  0x000002537d666800 JavaThread "Device Client Monitor" [_thread_in_native, id=1432, stack(0x000000df99800000,0x000000df99900000)]
  0x000002537d667000 JavaThread "Device List Monitor" [_thread_in_vm, id=12144, stack(0x000000df99900000,0x000000df99a00000)]

Other Threads:
  0x000002537b57f000 VMThread "VM Thread" [stack: 0x000000df98600000,0x000000df98700000] [id=6844]
  0x000002537b86e800 WatcherThread [stack: 0x000000df98f00000,0x000000df99000000] [id=7076]
  0x0000025363e25000 GCTaskThread "GC Thread#0" [stack: 0x000000df98100000,0x000000df98200000] [id=16052]
  0x000002537bc7b800 GCTaskThread "GC Thread#1" [stack: 0x000000df99100000,0x000000df99200000] [id=10872]
  0x0000025363e3d000 ConcurrentGCThread "G1 Main Marker" [stack: 0x000000df98200000,0x000000df98300000] [id=4680]
  0x0000025363e3f800 ConcurrentGCThread "G1 Conc#0" [stack: 0x000000df98300000,0x000000df98400000] [id=6224]
  0x0000025363e84000 ConcurrentGCThread "G1 Refine#0" [stack: 0x000000df98400000,0x000000df98500000] [id=2684]
  0x0000025363e85000 ConcurrentGCThread "G1 Young RemSet Sampling" [stack: 0x000000df98500000,0x000000df98600000] [id=1196]

Threads with active compile tasks:
C2 CompilerThread0   8653 1732   !   4       jdk.internal.loader.BuiltinClassLoader::loadClassOrNull (143 bytes)

VM state:not at safepoint (normal execution)

VM Mutex/Monitor currently owned by a thread: None

Heap address: 0x00000000c9600000, size: 874 MB, Compressed Oops mode: 32-bit
Narrow klass base: 0x0000000000000000, Narrow klass shift: 3
Compressed class space size: 1073741824 Address: 0x0000000100000000

Heap:
 garbage-first heap   total 57344K, used 22568K [0x00000000c9600000, 0x0000000100000000)
  region size 1024K, 16 young (16384K), 2 survivors (2048K)
 Metaspace       used 29007K, capacity 29714K, committed 29824K, reserved 1075200K
  class space    used 3190K, capacity 3431K, committed 3456K, reserved 1048576K
Heap Regions: E=young(eden), S=young(survivor), O=old, HS=humongous(starts), HC=humongous(continues), CS=collection set, F=free, A=archive, TAMS=top-at-mark-start (previous, next)
|   0|0x00000000c9600000, 0x00000000c9700000, 0x00000000c9700000|100%|HS|  |TAMS 0x00000000c9700000, 0x00000000c9600000| Complete 
|   1|0x00000000c9700000, 0x00000000c9800000, 0x00000000c9800000|100%|HS|  |TAMS 0x00000000c9800000, 0x00000000c9700000| Complete 
|   2|0x00000000c9800000, 0x00000000c9900000, 0x00000000c9900000|100%|HC|  |TAMS 0x00000000c9900000, 0x00000000c9800000| Complete 
|   3|0x00000000c9900000, 0x00000000c9a00000, 0x00000000c9a00000|100%| O|  |TAMS 0x00000000c9900000, 0x00000000c9900000| Untracked 
|   4|0x00000000c9a00000, 0x00000000c9b00000, 0x00000000c9b00000|100%| O|  |TAMS 0x00000000c9a8e600, 0x00000000c9a00000| Untracked 
|   5|0x00000000c9b00000, 0x00000000c9c00000, 0x00000000c9c00000|100%| O|  |TAMS 0x00000000c9b00000, 0x00000000c9b00000| Untracked 
|   6|0x00000000c9c00000, 0x00000000c9d00000, 0x00000000c9d00000|100%| O|  |TAMS 0x00000000c9c00000, 0x00000000c9c00000| Untracked 
|   7|0x00000000c9d00000, 0x00000000c9e00000, 0x00000000c9e00000|100%| O|  |TAMS 0x00000000c9d00000, 0x00000000c9d00000| Untracked 
|   8|0x00000000c9e00000, 0x00000000c9e67600, 0x00000000c9f00000| 40%| O|  |TAMS 0x00000000c9e00000, 0x00000000c9e00000| Untracked 
|   9|0x00000000c9f00000, 0x00000000c9f00000, 0x00000000ca000000|  0%| F|  |TAMS 0x00000000c9f00000, 0x00000000c9f00000| Untracked 
|  10|0x00000000ca000000, 0x00000000ca000000, 0x00000000ca100000|  0%| F|  |TAMS 0x00000000ca000000, 0x00000000ca000000| Untracked 
|  11|0x00000000ca100000, 0x00000000ca100000, 0x00000000ca200000|  0%| F|  |TAMS 0x00000000ca100000, 0x00000000ca100000| Untracked 
|  12|0x00000000ca200000, 0x00000000ca200000, 0x00000000ca300000|  0%| F|  |TAMS 0x00000000ca200000, 0x00000000ca200000| Untracked 
|  13|0x00000000ca300000, 0x00000000ca300000, 0x00000000ca400000|  0%| F|  |TAMS 0x00000000ca300000, 0x00000000ca300000| Untracked 
|  14|0x00000000ca400000, 0x00000000ca400000, 0x00000000ca500000|  0%| F|  |TAMS 0x00000000ca400000, 0x00000000ca400000| Untracked 
|  15|0x00000000ca500000, 0x00000000ca500000, 0x00000000ca600000|  0%| F|  |TAMS 0x00000000ca500000, 0x00000000ca500000| Untracked 
|  16|0x00000000ca600000, 0x00000000ca600000, 0x00000000ca700000|  0%| F|  |TAMS 0x00000000ca600000, 0x00000000ca600000| Untracked 
|  17|0x00000000ca700000, 0x00000000ca700000, 0x00000000ca800000|  0%| F|  |TAMS 0x00000000ca700000, 0x00000000ca700000| Untracked 
|  18|0x00000000ca800000, 0x00000000ca800000, 0x00000000ca900000|  0%| F|  |TAMS 0x00000000ca800000, 0x00000000ca800000| Untracked 
|  19|0x00000000ca900000, 0x00000000ca900000, 0x00000000caa00000|  0%| F|  |TAMS 0x00000000ca900000, 0x00000000ca900000| Untracked 
|  20|0x00000000caa00000, 0x00000000caa00000, 0x00000000cab00000|  0%| F|  |TAMS 0x00000000caa00000, 0x00000000caa00000| Untracked 
|  21|0x00000000cab00000, 0x00000000cab00000, 0x00000000cac00000|  0%| F|  |TAMS 0x00000000cab00000, 0x00000000cab00000| Untracked 
|  22|0x00000000cac00000, 0x00000000cac00000, 0x00000000cad00000|  0%| F|  |TAMS 0x00000000cac00000, 0x00000000cac00000| Untracked 
|  23|0x00000000cad00000, 0x00000000cad00000, 0x00000000cae00000|  0%| F|  |TAMS 0x00000000cad00000, 0x00000000cad00000| Untracked 
|  24|0x00000000cae00000, 0x00000000cae00000, 0x00000000caf00000|  0%| F|  |TAMS 0x00000000cae00000, 0x00000000cae00000| Untracked 
|  25|0x00000000caf00000, 0x00000000caf00000, 0x00000000cb000000|  0%| F|  |TAMS 0x00000000caf00000, 0x00000000caf00000| Untracked 
|  26|0x00000000cb000000, 0x00000000cb000000, 0x00000000cb100000|  0%| F|  |TAMS 0x00000000cb000000, 0x00000000cb000000| Untracked 
|  27|0x00000000cb100000, 0x00000000cb100000, 0x00000000cb200000|  0%| F|  |TAMS 0x00000000cb100000, 0x00000000cb100000| Untracked 
|  28|0x00000000cb200000, 0x00000000cb200000, 0x00000000cb300000|  0%| F|  |TAMS 0x00000000cb200000, 0x00000000cb200000| Untracked 
|  29|0x00000000cb300000, 0x00000000cb300000, 0x00000000cb400000|  0%| F|  |TAMS 0x00000000cb300000, 0x00000000cb300000| Untracked 
|  30|0x00000000cb400000, 0x00000000cb400000, 0x00000000cb500000|  0%| F|  |TAMS 0x00000000cb400000, 0x00000000cb400000| Untracked 
|  31|0x00000000cb500000, 0x00000000cb500000, 0x00000000cb600000|  0%| F|  |TAMS 0x00000000cb500000, 0x00000000cb500000| Untracked 
|  32|0x00000000cb600000, 0x00000000cb600000, 0x00000000cb700000|  0%| F|  |TAMS 0x00000000cb600000, 0x00000000cb600000| Untracked 
|  33|0x00000000cb700000, 0x00000000cb700000, 0x00000000cb800000|  0%| F|  |TAMS 0x00000000cb700000, 0x00000000cb700000| Untracked 
|  34|0x00000000cb800000, 0x00000000cb800000, 0x00000000cb900000|  0%| F|  |TAMS 0x00000000cb800000, 0x00000000cb800000| Untracked 
|  35|0x00000000cb900000, 0x00000000cb900000, 0x00000000cba00000|  0%| F|  |TAMS 0x00000000cb900000, 0x00000000cb900000| Untracked 
|  36|0x00000000cba00000, 0x00000000cbaa2b40, 0x00000000cbb00000| 63%| S|CS|TAMS 0x00000000cba00000, 0x00000000cba00000| Complete 
|  37|0x00000000cbb00000, 0x00000000cbc00000, 0x00000000cbc00000|100%| S|CS|TAMS 0x00000000cbb00000, 0x00000000cbb00000| Complete 
|  38|0x00000000cbc00000, 0x00000000cbc00000, 0x00000000cbd00000|  0%| F|  |TAMS 0x00000000cbc00000, 0x00000000cbc00000| Untracked 
|  39|0x00000000cbd00000, 0x00000000cbd00000, 0x00000000cbe00000|  0%| F|  |TAMS 0x00000000cbd00000, 0x00000000cbd00000| Untracked 
|  40|0x00000000cbe00000, 0x00000000cbe00000, 0x00000000cbf00000|  0%| F|  |TAMS 0x00000000cbe00000, 0x00000000cbe00000| Untracked 
|  41|0x00000000cbf00000, 0x00000000cbf716c0, 0x00000000cc000000| 44%| E|  |TAMS 0x00000000cbf00000, 0x00000000cbf00000| Complete 
|  42|0x00000000cc000000, 0x00000000cc100000, 0x00000000cc100000|100%| E|CS|TAMS 0x00000000cc000000, 0x00000000cc000000| Complete 
|  43|0x00000000cc100000, 0x00000000cc200000, 0x00000000cc200000|100%| E|  |TAMS 0x00000000cc100000, 0x00000000cc100000| Complete 
|  44|0x00000000cc200000, 0x00000000cc300000, 0x00000000cc300000|100%| E|CS|TAMS 0x00000000cc200000, 0x00000000cc200000| Complete 
|  45|0x00000000cc300000, 0x00000000cc400000, 0x00000000cc400000|100%| E|CS|TAMS 0x00000000cc300000, 0x00000000cc300000| Complete 
|  46|0x00000000cc400000, 0x00000000cc500000, 0x00000000cc500000|100%| E|CS|TAMS 0x00000000cc400000, 0x00000000cc400000| Complete 
|  47|0x00000000cc500000, 0x00000000cc600000, 0x00000000cc600000|100%| E|CS|TAMS 0x00000000cc500000, 0x00000000cc500000| Complete 
|  48|0x00000000cc600000, 0x00000000cc700000, 0x00000000cc700000|100%| E|CS|TAMS 0x00000000cc600000, 0x00000000cc600000| Complete 
|  49|0x00000000cc700000, 0x00000000cc800000, 0x00000000cc800000|100%| E|CS|TAMS 0x00000000cc700000, 0x00000000cc700000| Complete 
|  50|0x00000000cc800000, 0x00000000cc900000, 0x00000000cc900000|100%| E|CS|TAMS 0x00000000cc800000, 0x00000000cc800000| Complete 
|  51|0x00000000cc900000, 0x00000000cca00000, 0x00000000cca00000|100%| E|CS|TAMS 0x00000000cc900000, 0x00000000cc900000| Complete 
|  52|0x00000000cca00000, 0x00000000ccb00000, 0x00000000ccb00000|100%| E|CS|TAMS 0x00000000cca00000, 0x00000000cca00000| Complete 
|  53|0x00000000ccb00000, 0x00000000ccc00000, 0x00000000ccc00000|100%| E|CS|TAMS 0x00000000ccb00000, 0x00000000ccb00000| Complete 
|  54|0x00000000ccc00000, 0x00000000ccd00000, 0x00000000ccd00000|100%| E|CS|TAMS 0x00000000ccc00000, 0x00000000ccc00000| Complete 
|  55|0x00000000ccd00000, 0x00000000cce00000, 0x00000000cce00000|100%| E|CS|TAMS 0x00000000ccd00000, 0x00000000ccd00000| Complete 

Card table byte_map: [0x0000025376930000,0x0000025376af0000] _byte_map_base: 0x00000253762e5000

Marking Bits (Prev, Next): (CMBitMap*) 0x0000025363e39020, (CMBitMap*) 0x0000025363e38fe8
 Prev Bits: [0x0000025377a60000, 0x0000025378808000)
 Next Bits: [0x0000025376cb0000, 0x0000025377a58000)

Polling page: 0x0000025361da0000

Metaspace:

Usage:
  Non-class:     25.73 MB capacity,    25.25 MB ( 98%) used,   445.61 KB (  2%) free+waste,    40.94 KB ( <1%) overhead. 
      Class:      3.35 MB capacity,     3.12 MB ( 93%) used,   222.23 KB (  6%) free+waste,    18.00 KB ( <1%) overhead. 
       Both:     29.08 MB capacity,    28.37 MB ( 98%) used,   667.84 KB (  2%) free+waste,    58.94 KB ( <1%) overhead. 

Virtual space:
  Non-class space:       26.00 MB reserved,      25.75 MB (>99%) committed 
      Class space:        1.00 GB reserved,       3.38 MB ( <1%) committed 
             Both:        1.03 GB reserved,      29.13 MB (  3%) committed 

Chunk freelists:
   Non-Class:  21.00 KB
       Class:  21.00 KB
        Both:  42.00 KB

MaxMetaspaceSize: 17179869184.00 GB
CompressedClassSpaceSize: 1.00 GB
Initial GC threshold: 20.80 MB
Current GC threshold: 34.79 MB
CDS: off

CodeHeap 'non-profiled nmethods': size=120064Kb used=693Kb max_used=693Kb free=119370Kb
 bounds [0x000002536f3f0000, 0x000002536f660000, 0x0000025376930000]
CodeHeap 'profiled nmethods': size=120000Kb used=3346Kb max_used=3346Kb free=116654Kb
 bounds [0x0000025367ec0000, 0x0000025368210000, 0x000002536f3f0000]
CodeHeap 'non-nmethods': size=5696Kb used=1240Kb max_used=1246Kb free=4455Kb
 bounds [0x0000025367930000, 0x0000025367ba0000, 0x0000025367ec0000]
 total_blobs=2293 nmethods=1770 adapters=436
 compilation: enabled
              stopped_count=0, restarted_count=0
 full_count=0

Compilation events (20 events):
Event: 8.411 Thread 0x000002537b610800 1745       3       java.lang.invoke.MethodType::parameterSlotCount (8 bytes)
Event: 8.412 Thread 0x000002537b610800 nmethod 1745 0x00000253681f7b10 code [0x00000253681f7cc0, 0x00000253681f7eb8]
Event: 8.412 Thread 0x000002537b610800 1746       3       java.lang.invoke.MethodTypeForm::parameterSlotCount (9 bytes)
Event: 8.412 Thread 0x000002537b610800 nmethod 1746 0x00000253681f7f90 code [0x00000253681f8140, 0x00000253681f82b8]
Event: 8.412 Thread 0x000002537b610800 1747       3       jdk.internal.org.objectweb.asm.MethodWriter::visitLabel (321 bytes)
Event: 8.414 Thread 0x000002537b610800 nmethod 1747 0x00000253681f8390 code [0x00000253681f85e0, 0x00000253681f9228]
Event: 8.414 Thread 0x000002537b610800 1748       3       jdk.internal.org.objectweb.asm.MethodWriter::noSuccessor (95 bytes)
Event: 8.415 Thread 0x000002537b610800 nmethod 1748 0x00000253681f9510 code [0x00000253681f9720, 0x00000253681f9d28]
Event: 8.415 Thread 0x000002537b610800 1749       3       java.lang.invoke.LambdaForm::lastUseIndex (76 bytes)
Event: 8.416 Thread 0x000002537b610800 nmethod 1749 0x00000253681f9f10 code [0x00000253681fa0e0, 0x00000253681fa3e8]
Event: 8.417 Thread 0x000002537b610800 1752       3       java.util.ImmutableCollections$List12::size (13 bytes)
Event: 8.418 Thread 0x000002537b610800 nmethod 1752 0x00000253681fa590 code [0x00000253681fa740, 0x00000253681fa8b8]
Event: 8.425 Thread 0x000002537b610800 1753       3       java.lang.PublicMethods$MethodList::filter (104 bytes)
Event: 8.426 Thread 0x000002537b610800 nmethod 1753 0x00000253681fa990 code [0x00000253681fac00, 0x00000253681fb778]
Event: 8.461 Thread 0x000002537b610800 1754       1       java.util.concurrent.locks.AbstractQueuedSynchronizer::setState (6 bytes)
Event: 8.461 Thread 0x000002537b610800 nmethod 1754 0x000002536f49c290 code [0x000002536f49c440, 0x000002536f49c4f8]
Event: 8.494 Thread 0x000002537b610800 1755       3       jdk.internal.loader.URLClassPath$JarLoader$2::getBytes (48 bytes)
Event: 8.495 Thread 0x000002537b610800 nmethod 1755 0x00000253681fbc90 code [0x00000253681fbea0, 0x00000253681fc5a8]
Event: 8.495 Thread 0x000002537b610800 1756       3       java.util.zip.CRC32::<init> (5 bytes)
Event: 8.495 Thread 0x000002537b610800 nmethod 1756 0x00000253681fc810 code [0x00000253681fc9c0, 0x00000253681fcb18]

GC Heap History (6 events):
Event: 2.458 GC heap before
{Heap before GC invocations=0 (full 0):
 garbage-first heap   total 57344K, used 16384K [0x00000000c9600000, 0x0000000100000000)
  region size 1024K, 14 young (14336K), 0 survivors (0K)
 Metaspace       used 12850K, capacity 13108K, committed 13184K, reserved 1060864K
  class space    used 1277K, capacity 1368K, committed 1408K, reserved 1048576K
}
Event: 2.467 GC heap after
{Heap after GC invocations=1 (full 0):
 garbage-first heap   total 57344K, used 4923K [0x00000000c9600000, 0x0000000100000000)
  region size 1024K, 2 young (2048K), 2 survivors (2048K)
 Metaspace       used 12850K, capacity 13108K, committed 13184K, reserved 1060864K
  class space    used 1277K, capacity 1368K, committed 1408K, reserved 1048576K
}
Event: 5.071 GC heap before
{Heap before GC invocations=1 (full 0):
 garbage-first heap   total 57344K, used 29499K [0x00000000c9600000, 0x0000000100000000)
  region size 1024K, 27 young (27648K), 2 survivors (2048K)
 Metaspace       used 20553K, capacity 21083K, committed 21248K, reserved 1069056K
  class space    used 2167K, capacity 2290K, committed 2304K, reserved 1048576K
}
Event: 5.088 GC heap after
{Heap after GC invocations=2 (full 0):
 garbage-first heap   total 57344K, used 8761K [0x00000000c9600000, 0x0000000100000000)
  region size 1024K, 5 young (5120K), 5 survivors (5120K)
 Metaspace       used 20553K, capacity 21083K, committed 21248K, reserved 1069056K
  class space    used 2167K, capacity 2290K, committed 2304K, reserved 1048576K
}
Event: 7.019 GC heap before
{Heap before GC invocations=3 (full 0):
 garbage-first heap   total 57344K, used 26169K [0x00000000c9600000, 0x0000000100000000)
  region size 1024K, 23 young (23552K), 5 survivors (5120K)
 Metaspace       used 24964K, capacity 25536K, committed 25728K, reserved 1073152K
  class space    used 2724K, capacity 2862K, committed 2944K, reserved 1048576K
}
Event: 7.034 GC heap after
{Heap after GC invocations=4 (full 0):
 garbage-first heap   total 57344K, used 10280K [0x00000000c9600000, 0x0000000100000000)
  region size 1024K, 2 young (2048K), 2 survivors (2048K)
 Metaspace       used 24964K, capacity 25536K, committed 25728K, reserved 1073152K
  class space    used 2724K, capacity 2862K, committed 2944K, reserved 1048576K
}

Deoptimization events (20 events):
Event: 6.821 Thread 0x0000025363e0c800 Uncommon trap: trap_request=0xffffff4d fr.pc=0x000002536f451418 relative=0x0000000000000378
Event: 6.822 Thread 0x0000025363e0c800 Uncommon trap: reason=unstable_if action=reinterpret pc=0x000002536f451418 method=java.io.ByteArrayInputStream.read([BII)I @ 35 c2
Event: 6.822 Thread 0x0000025363e0c800 DEOPT PACKING pc=0x000002536f451418 sp=0x000000df980f3ed0
Event: 6.822 Thread 0x0000025363e0c800 DEOPT UNPACKING pc=0x000002536797a1af sp=0x000000df980f3e90 mode 2
Event: 6.855 Thread 0x0000025363e0c800 DEOPT PACKING pc=0x000002536804394c sp=0x000000df980f7ae0
Event: 6.855 Thread 0x0000025363e0c800 DEOPT UNPACKING pc=0x000002536797a95e sp=0x000000df980f7080 mode 0
Event: 6.935 Thread 0x0000025363e0c800 DEOPT PACKING pc=0x0000025368034d5b sp=0x000000df980fc960
Event: 6.935 Thread 0x0000025363e0c800 DEOPT UNPACKING pc=0x000002536797a95e sp=0x000000df980fbdd8 mode 0
Event: 7.550 Thread 0x000002537d5c5800 Uncommon trap: trap_request=0xffffff4d fr.pc=0x000002536f42f26c relative=0x00000000000003ac
Event: 7.550 Thread 0x000002537d5c5800 Uncommon trap: reason=unstable_if action=reinterpret pc=0x000002536f42f26c method=java.lang.StringLatin1.canEncode(I)Z @ 4 c2
Event: 7.550 Thread 0x000002537d5c5800 DEOPT PACKING pc=0x000002536f42f26c sp=0x000000df996fe690
Event: 7.550 Thread 0x000002537d5c5800 DEOPT UNPACKING pc=0x000002536797a1af sp=0x000000df996fe5b8 mode 2
Event: 7.550 Thread 0x000002537d5c5800 Uncommon trap: trap_request=0xffffff4d fr.pc=0x000002536f4321d4 relative=0x0000000000000394
Event: 7.550 Thread 0x000002537d5c5800 Uncommon trap: reason=unstable_if action=reinterpret pc=0x000002536f4321d4 method=java.lang.AbstractStringBuilder.isLatin1()Z @ 10 c2
Event: 7.550 Thread 0x000002537d5c5800 DEOPT PACKING pc=0x000002536f4321d4 sp=0x000000df996fe690
Event: 7.550 Thread 0x000002537d5c5800 DEOPT UNPACKING pc=0x000002536797a1af sp=0x000000df996fe620 mode 2
Event: 8.135 Thread 0x0000025363e0c800 Uncommon trap: trap_request=0xffffff4d fr.pc=0x000002536f43a2c4 relative=0x00000000000000a4
Event: 8.135 Thread 0x0000025363e0c800 Uncommon trap: reason=unstable_if action=reinterpret pc=0x000002536f43a2c4 method=java.lang.CharacterDataLatin1.digit(II)I @ 12 c2
Event: 8.135 Thread 0x0000025363e0c800 DEOPT PACKING pc=0x000002536f43a2c4 sp=0x000000df980fd7a0
Event: 8.135 Thread 0x0000025363e0c800 DEOPT UNPACKING pc=0x000002536797a1af sp=0x000000df980fd718 mode 2

Classes redefined (0 events):
No events

Internal exceptions (20 events):
Event: 4.713 Thread 0x0000025363e0c800 Exception <a 'java/lang/ClassNotFoundException'{0x00000000cb67e7e8}: org/eclipse/jetty/npn/NextProtoNego> (0x00000000cb67e7e8) thrown at [./src/hotspot/share/classfile/systemDictionary.cpp, line 231]
Event: 5.769 Thread 0x0000025363e0c800 Exception <a 'java/lang/NoSuchMethodError'{0x00000000ccb4ad08}: 'java.lang.Object java.lang.invoke.DirectMethodHandle$Holder.invokeStatic(java.lang.Object, java.lang.Object, java.lang.Object, java.lang.Object, java.lang.Object, java.lang.Object, java.lang.Object, int)'> (0x00000000ccb4ad08) thrown at [./src/hotspot/share/interpreter/linkResolver.cpp, line 773]
Event: 5.770 Thread 0x0000025363e0c800 Exception <a 'java/lang/NoSuchMethodError'{0x00000000ccb4f140}: 'java.lang.Object java.lang.invoke.DirectMethodHandle$Holder.invokeSpecial(java.lang.Object, java.lang.Object, java.lang.Object, java.lang.Object, java.lang.Object, java.lang.Object, java.lang.Object, java.lang.Object, int)'> (0x00000000ccb4f140) thrown at [./src/hotspot/share/interpreter/linkResolver.cpp, line 773]
Event: 6.646 Thread 0x0000025363e0c800 Exception <a 'sun/nio/fs/WindowsException'{0x00000000cc33ed88}> (0x00000000cc33ed88) thrown at [./src/hotspot/share/prims/jni.cpp, line 616]
Event: 6.647 Thread 0x0000025363e0c800 Exception <a 'sun/nio/fs/WindowsException'{0x00000000cc33f740}> (0x00000000cc33f740) thrown at [./src/hotspot/share/prims/jni.cpp, line 616]
Event: 6.650 Thread 0x0000025363e0c800 Exception <a 'sun/nio/fs/WindowsException'{0x00000000cc343248}> (0x00000000cc343248) thrown at [./src/hotspot/share/prims/jni.cpp, line 616]
Event: 6.650 Thread 0x0000025363e0c800 Exception <a 'sun/nio/fs/WindowsException'{0x00000000cc343ba8}> (0x00000000cc343ba8) thrown at [./src/hotspot/share/prims/jni.cpp, line 616]
Event: 6.656 Thread 0x0000025363e0c800 Exception <a 'sun/nio/fs/WindowsException'{0x00000000cc363e00}> (0x00000000cc363e00) thrown at [./src/hotspot/share/prims/jni.cpp, line 616]
Event: 6.657 Thread 0x0000025363e0c800 Exception <a 'sun/nio/fs/WindowsException'{0x00000000cc364760}> (0x00000000cc364760) thrown at [./src/hotspot/share/prims/jni.cpp, line 616]
Event: 7.615 Thread 0x000002537db4a000 Exception <a 'java/lang/NoSuchMethodError'{0x00000000cc668a40}: 'void java.lang.invoke.DirectMethodHandle$Holder.invokeStatic(java.lang.Object, long)'> (0x00000000cc668a40) thrown at [./src/hotspot/share/interpreter/linkResolver.cpp, line 773]
Event: 7.616 Thread 0x000002537db4a000 Exception <a 'java/lang/NoSuchMethodError'{0x00000000cc66d9a8}: 'java.lang.Object java.lang.invoke.DirectMethodHandle$Holder.invokeStatic(java.lang.Object, long)'> (0x00000000cc66d9a8) thrown at [./src/hotspot/share/interpreter/linkResolver.cpp, line 773]
Event: 7.619 Thread 0x000002537db4a000 Exception <a 'java/lang/NoSuchMethodError'{0x00000000cc67b840}: 'java.lang.Object java.lang.invoke.DirectMethodHandle$Holder.invokeStaticInit(java.lang.Object, java.lang.Object, long, java.lang.Object)'> (0x00000000cc67b840) thrown at [./src/hotspot/share/interpreter/linkResolver.cpp, line 773]
Event: 7.620 Thread 0x000002537db4a000 Exception <a 'java/lang/NoSuchMethodError'{0x00000000cc681488}: 'java.lang.Object java.lang.invoke.DirectMethodHandle$Holder.invokeStatic(java.lang.Object, java.lang.Object, long)'> (0x00000000cc681488) thrown at [./src/hotspot/share/interpreter/linkResolver.cpp, line 773]
Event: 7.621 Thread 0x000002537db4a000 Exception <a 'java/lang/NoSuchMethodError'{0x00000000cc6874b0}: 'java.lang.Object java.lang.invoke.Invokers$Holder.linkToTargetMethod(java.lang.Object, long, java.lang.Object)'> (0x00000000cc6874b0) thrown at [./src/hotspot/share/interpreter/linkResolver.cpp, line 773]
Event: 7.808 Thread 0x0000025363e0c800 Exception <a 'java/lang/NoSuchMethodError'{0x00000000cc61b578}: 'java.lang.Object java.lang.invoke.DirectMethodHandle$Holder.invokeInterface(java.lang.Object, java.lang.Object, java.lang.Object, java.lang.Object)'> (0x00000000cc61b578) thrown at [./src/hotspot/share/interpreter/linkResolver.cpp, line 773]
Event: 8.134 Thread 0x0000025363e0c800 Exception <a 'java/lang/NoSuchMethodError'{0x00000000cc65af10}: 'void java.lang.invoke.DirectMethodHandle$Holder.invokeSpecial(java.lang.Object, java.lang.Object)'> (0x00000000cc65af10) thrown at [./src/hotspot/share/interpreter/linkResolver.cpp, line 773]
Event: 8.139 Thread 0x0000025363e0c800 Exception <a 'java/net/BindException'{0x00000000cc456418}: Address already in use: bind> (0x00000000cc456418) thrown at [./src/hotspot/share/prims/jni.cpp, line 637]
Event: 8.240 Thread 0x0000025363e0c800 Exception <a 'java/lang/NoSuchMethodError'{0x00000000cc3f9fe8}: 'long java.lang.invoke.DirectMethodHandle$Holder.invokeSpecial(java.lang.Object, java.lang.Object)'> (0x00000000cc3f9fe8) thrown at [./src/hotspot/share/interpreter/linkResolver.cpp, line 773]
Event: 8.410 Thread 0x0000025363e0c800 Exception <a 'java/lang/NoSuchMethodError'{0x00000000cc28bda8}: 'java.lang.Object java.lang.invoke.Invokers$Holder.invoke_MT(java.lang.Object, java.lang.Object, java.lang.Object)'> (0x00000000cc28bda8) thrown at [./src/hotspot/share/interpreter/linkResolver.cpp, line 773]
Event: 8.417 Thread 0x0000025363e0c800 Exception <a 'java/lang/NoSuchMethodError'{0x00000000cc29eee8}: 'long java.lang.invoke.DelegatingMethodHandle$Holder.reinvoke_L(java.lang.Object, java.lang.Object)'> (0x00000000cc29eee8) thrown at [./src/hotspot/share/interpreter/linkResolver.cpp, line 773]

Events (20 events):
Event: 8.519 loading class com/google/common/collect/Maps$BiMapConverter
Event: 8.519 loading class com/google/common/collect/Maps$BiMapConverter done
Event: 8.520 loading class com/google/common/collect/Maps$EntryTransformer
Event: 8.520 loading class com/google/common/collect/Maps$EntryTransformer done
Event: 8.522 loading class com/google/common/collect/ImmutableEnumMap
Event: 8.522 loading class com/google/common/collect/ImmutableEnumMap done
Event: 8.523 loading class com/android/ddmlib/IDevice$DeviceState
Event: 8.523 loading class com/android/ddmlib/IDevice$DeviceState done
Event: 8.524 loading class com/google/common/collect/Lists
Event: 8.524 loading class com/google/common/collect/Lists done
Event: 8.525 loading class com/google/common/collect/Lists$TransformingRandomAccessList
Event: 8.525 loading class com/google/common/collect/Lists$TransformingRandomAccessList done
Event: 8.525 loading class com/google/testing/platform/proto/api/config/InstrumentationProto$InstrumentationFilter$Builder
Event: 8.525 loading class com/google/testing/platform/proto/api/config/InstrumentationProto$InstrumentationFilter$Builder done
Event: 8.527 loading class com/google/common/collect/Lists$TransformingSequentialList
Event: 8.527 loading class com/google/common/collect/Lists$TransformingSequentialList done
Event: 8.528 loading class com/google/common/collect/Lists$Partition
Event: 8.528 loading class com/google/common/collect/Lists$Partition done
Event: 8.529 loading class com/google/common/collect/Lists$RandomAccessPartition
Event: 8.529 loading class com/google/common/collect/Lists$RandomAccessPartition done


Dynamic libraries:
0x00007ff709ba0000 - 0x00007ff709baa000 	C:\Program Files\Android\Android Studio\jre\bin\java.exe
0x00007ff8ceb70000 - 0x00007ff8ced68000 	C:\WINDOWS\SYSTEM32\ntdll.dll
0x00007ff8cde80000 - 0x00007ff8cdf3d000 	C:\WINDOWS\System32\KERNEL32.DLL
0x00007ff8cc710000 - 0x00007ff8cca06000 	C:\WINDOWS\System32\KERNELBASE.dll
0x00007ff8cc450000 - 0x00007ff8cc550000 	C:\WINDOWS\System32\ucrtbase.dll
0x00007ff8c5f20000 - 0x00007ff8c5f39000 	C:\Program Files\Android\Android Studio\jre\bin\jli.dll
0x00007ff8bb080000 - 0x00007ff8bb097000 	C:\Program Files\Android\Android Studio\jre\bin\VCRUNTIME140.dll
0x00007ff8ce520000 - 0x00007ff8ce6be000 	C:\WINDOWS\System32\USER32.dll
0x00007ff8b4dd0000 - 0x00007ff8b506a000 	C:\WINDOWS\WinSxS\amd64_microsoft.windows.common-controls_6595b64144ccf1df_6.0.19041.3636_none_60b6a03d71f818d5\COMCTL32.dll
0x00007ff8ccca0000 - 0x00007ff8ccd3e000 	C:\WINDOWS\System32\msvcrt.dll
0x00007ff8cc550000 - 0x00007ff8cc572000 	C:\WINDOWS\System32\win32u.dll
0x00007ff8ce270000 - 0x00007ff8ce29c000 	C:\WINDOWS\System32\GDI32.dll
0x00007ff8cc250000 - 0x00007ff8cc36a000 	C:\WINDOWS\System32\gdi32full.dll
0x00007ff8cca10000 - 0x00007ff8ccaad000 	C:\WINDOWS\System32\msvcp_win.dll
0x00007ff8cdf40000 - 0x00007ff8cdf70000 	C:\WINDOWS\System32\IMM32.DLL
0x00007ff88aaf0000 - 0x00007ff88ab8d000 	C:\Program Files\Android\Android Studio\jre\bin\msvcp140.dll
0x00007ff80e450000 - 0x00007ff80ef52000 	C:\Program Files\Android\Android Studio\jre\bin\server\jvm.dll
0x00007ff8ce0f0000 - 0x00007ff8ce19f000 	C:\WINDOWS\System32\ADVAPI32.dll
0x00007ff8ce3d0000 - 0x00007ff8ce46c000 	C:\WINDOWS\System32\sechost.dll
0x00007ff8ce2a0000 - 0x00007ff8ce3c6000 	C:\WINDOWS\System32\RPCRT4.dll
0x00007ff8cddc0000 - 0x00007ff8cddc8000 	C:\WINDOWS\System32\PSAPI.DLL
0x00007ff8a2610000 - 0x00007ff8a2619000 	C:\WINDOWS\SYSTEM32\WSOCK32.dll
0x00007ff8ce200000 - 0x00007ff8ce26b000 	C:\WINDOWS\System32\WS2_32.dll
0x00007ff8c3ce0000 - 0x00007ff8c3cea000 	C:\WINDOWS\SYSTEM32\VERSION.dll
0x00007ff8c3cb0000 - 0x00007ff8c3cd7000 	C:\WINDOWS\SYSTEM32\WINMM.dll
0x00007ff8ca110000 - 0x00007ff8ca122000 	C:\WINDOWS\SYSTEM32\kernel.appcore.dll
0x00007ff84c670000 - 0x00007ff84c681000 	C:\Program Files\Android\Android Studio\jre\bin\verify.dll
0x00007ff8b5f80000 - 0x00007ff8b6164000 	C:\WINDOWS\SYSTEM32\DBGHELP.DLL
0x00007ff8b5f40000 - 0x00007ff8b5f74000 	C:\WINDOWS\SYSTEM32\dbgcore.DLL
0x00007ff8cc3c0000 - 0x00007ff8cc442000 	C:\WINDOWS\System32\bcryptPrimitives.dll
0x00007ff84c640000 - 0x00007ff84c669000 	C:\Program Files\Android\Android Studio\jre\bin\java.dll
0x00007ff8a0d90000 - 0x00007ff8a0d9b000 	C:\Program Files\Android\Android Studio\jre\bin\jimage.dll
0x00007ff84c620000 - 0x00007ff84c638000 	C:\Program Files\Android\Android Studio\jre\bin\zip.dll
0x00007ff8cd310000 - 0x00007ff8cda54000 	C:\WINDOWS\System32\SHELL32.dll
0x00007ff8ca310000 - 0x00007ff8caaab000 	C:\WINDOWS\SYSTEM32\windows.storage.dll
0x00007ff8cce90000 - 0x00007ff8cd1e4000 	C:\WINDOWS\System32\combase.dll
0x00007ff8cbbc0000 - 0x00007ff8cbbed000 	C:\WINDOWS\SYSTEM32\Wldp.dll
0x00007ff8ce040000 - 0x00007ff8ce0ed000 	C:\WINDOWS\System32\SHCORE.dll
0x00007ff8ce1a0000 - 0x00007ff8ce1f5000 	C:\WINDOWS\System32\shlwapi.dll
0x00007ff8cc180000 - 0x00007ff8cc1a5000 	C:\WINDOWS\SYSTEM32\profapi.dll
0x00007ff84c600000 - 0x00007ff84c61a000 	C:\Program Files\Android\Android Studio\jre\bin\net.dll
0x00007ff8c2320000 - 0x00007ff8c242a000 	C:\WINDOWS\SYSTEM32\WINHTTP.dll
0x00007ff8cb920000 - 0x00007ff8cb98a000 	C:\WINDOWS\system32\mswsock.dll
0x00007ff84c5e0000 - 0x00007ff84c5f4000 	C:\Program Files\Android\Android Studio\jre\bin\nio.dll
0x00007ff89be80000 - 0x00007ff89be8a000 	C:\Program Files\Android\Android Studio\jre\bin\management.dll
0x00007ff899870000 - 0x00007ff89987d000 	C:\Program Files\Android\Android Studio\jre\bin\management_ext.dll
0x00007ff8cbb10000 - 0x00007ff8cbb28000 	C:\WINDOWS\SYSTEM32\CRYPTSP.dll
0x00007ff8cb250000 - 0x00007ff8cb284000 	C:\WINDOWS\system32\rsaenh.dll
0x00007ff8cc580000 - 0x00007ff8cc5a7000 	C:\WINDOWS\System32\bcrypt.dll
0x00007ff8cc100000 - 0x00007ff8cc12e000 	C:\WINDOWS\SYSTEM32\USERENV.dll
0x00007ff8cbb30000 - 0x00007ff8cbb3c000 	C:\WINDOWS\SYSTEM32\CRYPTBASE.dll
0x00007ff8cb610000 - 0x00007ff8cb64b000 	C:\WINDOWS\SYSTEM32\IPHLPAPI.DLL
0x00007ff8ccc30000 - 0x00007ff8ccc38000 	C:\WINDOWS\System32\NSI.dll
0x00007ff8c2a50000 - 0x00007ff8c2a67000 	C:\WINDOWS\SYSTEM32\dhcpcsvc6.DLL
0x00007ff8c1510000 - 0x00007ff8c152d000 	C:\WINDOWS\SYSTEM32\dhcpcsvc.DLL
0x00007ff8cb650000 - 0x00007ff8cb71a000 	C:\WINDOWS\SYSTEM32\DNSAPI.dll
0x00007ff80e070000 - 0x00007ff80e097000 	C:\Program Files\Android\Android Studio\jre\bin\sunec.dll
0x00007ff8b8030000 - 0x00007ff8b803a000 	C:\Windows\System32\rasadhlp.dll
0x00007ff8b8290000 - 0x00007ff8b8310000 	C:\WINDOWS\System32\fwpuclnt.dll
0x00007ff89c730000 - 0x00007ff89c747000 	C:\WINDOWS\system32\napinsp.dll
0x00007ff89c710000 - 0x00007ff89c72b000 	C:\WINDOWS\system32\pnrpnsp.dll
0x00007ff8a4360000 - 0x00007ff8a4375000 	C:\WINDOWS\system32\wshbth.dll
0x00007ff8c7bf0000 - 0x00007ff8c7c0d000 	C:\WINDOWS\system32\NLAapi.dll
0x00007ff89c670000 - 0x00007ff89c682000 	C:\WINDOWS\System32\winrnr.dll

dbghelp: loaded successfully - version: 4.0.5 - missing functions: none
symbol engine: initialized successfully - sym options: 0x614 - pdb path: .;C:\Program Files\Android\Android Studio\jre\bin;C:\WINDOWS\SYSTEM32;C:\WINDOWS\WinSxS\amd64_microsoft.windows.common-controls_6595b64144ccf1df_6.0.19041.3636_none_60b6a03d71f818d5;C:\Program Files\Android\Android Studio\jre\bin\server

VM Arguments:
jvm_args: -Djava.awt.headless=true -Djava.util.logging.config.file=C:\Users\giorg\.android\utp\logging11809299911333188404properties -Dfile.encoding=windows-1251 -Duser.country=GB -Duser.language=en -Duser.variant 
java_command: com.google.testing.platform.launcher.Launcher C:\Users\giorg\.gradle\caches\modules-2\files-2.1\com.google.testing.platform\core\0.0.8-alpha07\185ff5f0c2380a7a283320bc5ec9130dbcbbb030\core-0.0.8-alpha07.jar --proto_config=C:\Users\giorg\.android\utp\runnerConfig6619733250854208879.pb --proto_server_config=C:\Users\giorg\.android\utp\serverConfig7326531908143869452.pb
java_class_path (initial): C:\Users\giorg\.gradle\caches\modules-2\files-2.1\com.google.testing.platform\launcher\0.0.8-alpha07\47d15094202612b26f5a07fbfbe17ff8900a58c4\launcher-0.0.8-alpha07.jar
Launcher Type: SUN_STANDARD

[Global flags]
     intx CICompilerCount                          = 3                                         {product} {ergonomic}
     uint ConcGCThreads                            = 1                                         {product} {ergonomic}
     uint G1ConcRefinementThreads                  = 4                                         {product} {ergonomic}
   size_t G1HeapRegionSize                         = 1048576                                   {product} {ergonomic}
    uintx GCDrainStackTargetSize                   = 64                                        {product} {ergonomic}
   size_t InitialHeapSize                          = 58720256                                  {product} {ergonomic}
   size_t MarkStackSize                            = 4194304                                   {product} {ergonomic}
   size_t MaxHeapSize                              = 916455424                                 {product} {ergonomic}
   size_t MaxNewSize                               = 549453824                                 {product} {ergonomic}
   size_t MinHeapDeltaBytes                        = 1048576                                   {product} {ergonomic}
    uintx NonNMethodCodeHeapSize                   = 5830732                                {pd product} {ergonomic}
    uintx NonProfiledCodeHeapSize                  = 122913754                              {pd product} {ergonomic}
    uintx ProfiledCodeHeapSize                     = 122913754                              {pd product} {ergonomic}
    uintx ReservedCodeCacheSize                    = 251658240                              {pd product} {ergonomic}
     bool SegmentedCodeCache                       = true                                      {product} {ergonomic}
     bool UseCompressedClassPointers               = true                                 {lp64_product} {ergonomic}
     bool UseCompressedOops                        = true                                 {lp64_product} {ergonomic}
     bool UseG1GC                                  = true                                      {product} {ergonomic}
     bool UseLargePagesIndividualAllocation        = false                                  {pd product} {ergonomic}

Logging:
Log output configuration:
 #0: stdout all=warning uptime,level,tags
 #1: stderr all=off uptime,level,tags

Environment Variables:
JAVA_HOME=C:\Program Files\Java\jdk-19
CLASSPATH=,
PATH=C:\Program Files\Common Files\Oracle\Java\javapath;C:\WINDOWS\system32;C:\WINDOWS;C:\WINDOWS\System32\Wbem;C:\WINDOWS\System32\WindowsPowerShell\v1.0\;C:\WINDOWS\System32\OpenSSH\;C:\Program Files\Git\cmd;C:\Program Files (x86)\Microsoft SQL Server\160\Tools\Binn\;C:\Program Files\Microsoft SQL Server\160\Tools\Binn\;C:\Program Files\Microsoft SQL Server\Client SDK\ODBC\170\Tools\Binn\;C:\Program Files\Microsoft SQL Server\160\DTS\Binn\;C:\Program Files (x86)\Microsoft SQL Server\160\DTS\Binn\;C:\Program Files\Azure Data Studio\bin;C:\Program Files\Maven\apache-maven-3.9.5\bin;C:\Users\giorg\scoop\shims;C:\Users\giorg\AppData\Local\Programs\Python\Python310\Scripts\;C:\Users\giorg\AppData\Local\Programs\Python\Python310\;C:\Users\giorg\AppData\Local\Microsoft\WindowsApps;C:\Program Files\Java\jdk-19\BIN;C:\ProgramData\giorg\GitHubDesktop\bin;C:\Users\giorg\AppData\Local\GitHubDesktop\bin;C:\Users\giorg\AppData\Local\Programs\Microsoft VS Code\bin;C:\Program Files\Azure Data Studio\bin
USERNAME=giorg
OS=Windows_NT
PROCESSOR_IDENTIFIER=AMD64 Family 23 Model 17 Stepping 0, AuthenticAMD



---------------  S Y S T E M  ---------------

OS: Windows 10 , 64 bit Build 19041 (10.0.19041.3636)
OS uptime: 8 days 4:14 hours

CPU:total 4 (initial active 4) (4 cores per cpu, 2 threads per core) family 23 model 17 stepping 0 microcode 0x0, cmov, cx8, fxsr, mmx, sse, sse2, sse3, ssse3, sse4.1, sse4.2, popcnt, avx, avx2, aes, clmul, mmxext, 3dnowpref, lzcnt, sse4a, ht, tsc, tscinvbit, tscinv, bmi1, bmi2, adx, sha, fma

Memory: 4k page, system-wide physical 3491M (92M free)
TotalPageFile size 14243M (AvailPageFile size 2M)
current process WorkingSet (physical memory assigned to process): 140M, peak: 140M
current process commit charge ("private bytes"): 185M, peak: 185M

vm_info: OpenJDK 64-Bit Server VM (11.0.13+0-b1751.21-8125866) for windows-amd64 JRE (11.0.13+0-b1751.21-8125866), built on Feb  2 2022 03:00:22 by "builder" with MS VC++ 14.0 (VS2015)

END.
